Starting network training
INFO: iteration 50: 208991.71875
INFO: iteration 100: 27861.8046875
INFO: iteration 150: 16882.8359375
INFO: iteration 200: 11453.923828125
INFO: iteration 250: 8657.40625
INFO: iteration 300: 7401.64599609375
INFO: iteration 350: 9360.3935546875
INFO: iteration 400: 8254.0400390625
INFO: iteration 450: 7841.51611328125
INFO: iteration 500: 10806.1279296875
INFO: iteration 550: 4862.7001953125
INFO: iteration 600: 6931.59326171875
INFO: iteration 650: 7608.91455078125
INFO: iteration 700: 7636.931640625
INFO: iteration 750: 6760.7099609375
INFO: iteration 800: 9534.8564453125
INFO: iteration 850: 7132.3408203125
INFO: iteration 900: 6475.98583984375
INFO: iteration 950: 6268.6728515625
INFO: iteration 1000: 8223.7021484375
INFO: iteration 1050: 6340.4794921875
INFO: iteration 1100: 8087.53173828125
INFO: iteration 1150: 8473.330078125
INFO: iteration 1200: 5307.8583984375
INFO: iteration 1250: 6377.580078125
INFO: iteration 1300: 7779.67041015625
INFO: iteration 1350: 7443.76904296875
INFO: iteration 1400: 7107.73583984375
INFO: iteration 1450: 8879.201171875
INFO: iteration 1500: 5561.2041015625
INFO: iteration 1550: 6366.67333984375
INFO: iteration 1600: 6597.345703125
INFO: iteration 1650: 7597.6083984375
INFO: iteration 1700: 6665.51220703125
INFO: iteration 1750: 9092.478515625
INFO: iteration 1800: 6671.6865234375
INFO: iteration 1850: 6042.38720703125
INFO: iteration 1900: 5266.9580078125
INFO: iteration 1950: 7387.99658203125
INFO: iteration 2000: 6442.01513671875
INFO: iteration 2050: 6501.07861328125
INFO: iteration 2100: 9618.4931640625
INFO: iteration 2150: 4798.28271484375
INFO: iteration 2200: 6067.8203125
INFO: iteration 2250: 7110.833984375
INFO: iteration 2300: 5805.69384765625
INFO: iteration 2350: 5955.6943359375
INFO: iteration 2400: 8178.48046875
INFO: iteration 2450: 5384.875
INFO: iteration 2500: 5333.34521484375
INFO: iteration 2550: 4871.7939453125
INFO: iteration 2600: 6487.701171875
INFO: iteration 2650: 5352.11083984375
INFO: iteration 2700: 7217.021484375
INFO: iteration 2750: 5628.6640625
INFO: iteration 2800: 4913.4345703125
INFO: iteration 2850: 4296.68359375
INFO: iteration 2900: 6352.158203125
INFO: iteration 2950: 5508.93408203125
INFO: iteration 3000: 5541.935546875
INFO: iteration 3050: 7181.94677734375
INFO: iteration 3100: 3602.5576171875
INFO: iteration 3150: 4932.97900390625
INFO: iteration 3200: 5233.03369140625
INFO: iteration 3250: 5648.5859375
INFO: iteration 3300: 4956.60205078125
INFO: iteration 3350: 6539.3525390625
INFO: iteration 3400: 5175.80712890625
INFO: iteration 3450: 4669.3466796875
INFO: iteration 3500: 4307.06787109375
INFO: iteration 3550: 6044.12646484375
INFO: iteration 3600: 4826.6787109375
INFO: iteration 3650: 5770.91796875
INFO: iteration 3700: 5878.97509765625
INFO: iteration 3750: 3975.188232421875
INFO: iteration 3800: 4499.05810546875
INFO: iteration 3850: 5453.09228515625
INFO: iteration 3900: 5497.1416015625
INFO: iteration 3950: 5434.50146484375
INFO: iteration 4000: 5910.15673828125
INFO: iteration 4050: 4204.84033203125
INFO: iteration 4100: 4553.43212890625
INFO: iteration 4150: 4527.4326171875
INFO: iteration 4200: 5722.87841796875
INFO: iteration 4250: 5087.138671875
INFO: iteration 4300: 6130.4951171875
INFO: iteration 4350: 4865.68310546875
INFO: iteration 4400: 4317.35009765625
INFO: iteration 4450: 3918.739013671875
INFO: iteration 4500: 5425.4697265625
INFO: iteration 4550: 4980.67333984375
INFO: iteration 4600: 5064.11669921875
INFO: iteration 4650: 6587.75830078125
INFO: iteration 4700: 3680.96875
INFO: iteration 4750: 4560.16064453125
INFO: iteration 4800: 5299.763671875
INFO: iteration 4850: 4975.74267578125
INFO: iteration 4900: 4983.3349609375
INFO: iteration 4950: 5993.66552734375
INFO: iteration 5000: 4569.78173828125
INFO: iteration 5050: 4257.77978515625
INFO: iteration 5100: 3923.474853515625
INFO: iteration 5150: 5599.07177734375
INFO: iteration 5200: 4778.3564453125
INFO: iteration 5250: 6020.25927734375
INFO: iteration 5300: 4792.58203125
INFO: iteration 5350: 4208.66357421875
INFO: iteration 5400: 3807.7236328125
INFO: iteration 5450: 5576.7998046875
INFO: iteration 5500: 4898.0654296875
INFO: iteration 5550: 5005.197265625
INFO: iteration 5600: 5908.51220703125
INFO: iteration 5650: 3248.836181640625
INFO: iteration 5700: 4218.61181640625
INFO: iteration 5750: 4344.81201171875
INFO: iteration 5800: 4729.275390625
INFO: iteration 5850: 3973.332763671875
INFO: iteration 5900: 5340.81494140625
INFO: iteration 5950: 4190.26904296875
INFO: iteration 6000: 3951.370361328125
INFO: iteration 6050: 3656.191162109375
INFO: iteration 6100: 4925.71337890625
INFO: iteration 6150: 4005.925537109375
INFO: iteration 6200: 4720.2587890625
INFO: iteration 6250: 4564.3603515625
INFO: iteration 6300: 3447.75634765625
INFO: iteration 6350: 3882.19189453125
INFO: iteration 6400: 4650.67333984375
INFO: iteration 6450: 4239.95458984375
INFO: iteration 6500: 4325.09765625
INFO: iteration 6550: 4686.35498046875
INFO: iteration 6600: 3327.052978515625
INFO: iteration 6650: 3678.939208984375
INFO: iteration 6700: 3696.01513671875
INFO: iteration 6750: 4317.2265625
INFO: iteration 6800: 3874.94677734375
INFO: iteration 6850: 4652.00244140625
INFO: iteration 6900: 3723.26171875
INFO: iteration 6950: 3363.316650390625
INFO: iteration 7000: 3049.767333984375
INFO: iteration 7050: 4081.367919921875
INFO: iteration 7100: 3669.2080078125
INFO: iteration 7150: 3717.58251953125
INFO: iteration 7200: 4677.453125
INFO: iteration 7250: 2853.1220703125
INFO: iteration 7300: 3422.639892578125
INFO: iteration 7350: 3981.17431640625
INFO: iteration 7400: 3500.22119140625
INFO: iteration 7450: 3601.3798828125
INFO: iteration 7500: 4398.0771484375
INFO: iteration 7550: 3296.836181640625
INFO: iteration 7600: 3151.986083984375
INFO: iteration 7650: 3022.299072265625
INFO: iteration 7700: 3959.520263671875
INFO: iteration 7750: 3389.074951171875
INFO: iteration 7800: 4325.984375
INFO: iteration 7850: 3410.32373046875
INFO: iteration 7900: 3080.203369140625
INFO: iteration 7950: 2796.38525390625
INFO: iteration 8000: 4023.685302734375
INFO: iteration 8050: 3369.02294921875
INFO: iteration 8100: 3562.052001953125
INFO: iteration 8150: 4175.16943359375
INFO: iteration 8200: 2468.6884765625
INFO: iteration 8250: 3167.1923828125
INFO: iteration 8300: 3224.78173828125
INFO: iteration 8350: 3621.084716796875
INFO: iteration 8400: 3038.5283203125
INFO: iteration 8450: 3974.4521484375
INFO: iteration 8500: 3302.45068359375
INFO: iteration 8550: 2947.905029296875
INFO: iteration 8600: 2718.467529296875
INFO: iteration 8650: 3752.482666015625
INFO: iteration 8700: 3055.3935546875
INFO: iteration 8750: 3469.904052734375
INFO: iteration 8800: 3538.177001953125
INFO: iteration 8850: 2591.516357421875
INFO: iteration 8900: 2903.75439453125
INFO: iteration 8950: 3372.6806640625
INFO: iteration 9000: 3220.34375
INFO: iteration 9050: 3297.7548828125
INFO: iteration 9100: 3454.57958984375
INFO: iteration 9150: 2657.044921875
INFO: iteration 9200: 2837.834228515625
INFO: iteration 9250: 2819.1650390625
INFO: iteration 9300: 3328.97021484375
INFO: iteration 9350: 2958.744873046875
INFO: iteration 9400: 3457.006591796875
INFO: iteration 9450: 2981.788818359375
INFO: iteration 9500: 2669.1982421875
INFO: iteration 9550: 2440.381103515625
INFO: iteration 9600: 3212.817138671875
INFO: iteration 9650: 2793.765625
INFO: iteration 9700: 2867.377197265625
INFO: iteration 9750: 3442.20068359375
INFO: iteration 9800: 2286.710693359375
INFO: iteration 9850: 2697.537841796875
INFO: iteration 9900: 3015.44140625
INFO: iteration 9950: 2587.030517578125
INFO: iteration 10000: 2837.488037109375
INFO: iteration 10050: 3038.358154296875
INFO: iteration 10100: 2633.874267578125
INFO: iteration 10150: 2410.0390625
INFO: iteration 10200: 2261.993408203125
INFO: iteration 10250: 2942.881591796875
INFO: iteration 10300: 2601.956298828125
INFO: iteration 10350: 2987.64208984375
INFO: iteration 10400: 2535.449951171875
INFO: iteration 10450: 2442.135498046875
INFO: iteration 10500: 2097.89697265625
INFO: iteration 10550: 2927.939208984375
INFO: iteration 10600: 2360.51513671875
INFO: iteration 10650: 2708.476318359375
INFO: iteration 10700: 2719.780517578125
INFO: iteration 10750: 2104.144287109375
INFO: iteration 10800: 2336.133544921875
INFO: iteration 10850: 2323.044189453125
INFO: iteration 10900: 2563.061279296875
INFO: iteration 10950: 2280.136962890625
INFO: iteration 11000: 2645.038330078125
INFO: iteration 11050: 2443.234619140625
INFO: iteration 11100: 2259.28564453125
INFO: iteration 11150: 1965.8155517578125
INFO: iteration 11200: 2647.11669921875
INFO: iteration 11250: 2229.63037109375
INFO: iteration 11300: 2447.4931640625
INFO: iteration 11350: 2288.74853515625
INFO: iteration 11400: 2099.779052734375
INFO: iteration 11450: 2063.199462890625
INFO: iteration 11500: 2411.120361328125
INFO: iteration 11550: 2128.620361328125
INFO: iteration 11600: 2416.33203125
INFO: iteration 11650: 2245.708984375
INFO: iteration 11700: 2030.554931640625
INFO: iteration 11750: 2045.70654296875
INFO: iteration 11800: 2065.8193359375
INFO: iteration 11850: 2209.748779296875
INFO: iteration 11900: 2145.342529296875
INFO: iteration 11950: 2270.714599609375
INFO: iteration 12000: 2034.6966552734375
INFO: iteration 12050: 2031.5955810546875
INFO: iteration 12100: 1844.6182861328125
INFO: iteration 12150: 2257.384765625
INFO: iteration 12200: 1960.4134521484375
INFO: iteration 12250: 2036.4599609375
INFO: iteration 12300: 2157.482177734375
INFO: iteration 12350: 1849.163330078125
INFO: iteration 12400: 1920.8037109375
INFO: iteration 12450: 2218.355224609375
INFO: iteration 12500: 1798.9468994140625
INFO: iteration 12550: 2044.724609375
INFO: iteration 12600: 2050.125244140625
INFO: iteration 12650: 1934.4168701171875
INFO: iteration 12700: 1803.197021484375
INFO: iteration 12750: 1776.87890625
INFO: iteration 12800: 2066.457275390625
INFO: iteration 12850: 1877.8443603515625
INFO: iteration 12900: 2072.27001953125
INFO: iteration 12950: 1757.1824951171875
INFO: iteration 13000: 1879.260498046875
INFO: iteration 13050: 1610.2552490234375
INFO: iteration 13100: 2214.68310546875
INFO: iteration 13150: 1666.1842041015625
INFO: iteration 13200: 1922.206298828125
INFO: iteration 13250: 1831.5032958984375
INFO: iteration 13300: 1724.7259521484375
INFO: iteration 13350: 1746.6849365234375
INFO: iteration 13400: 1844.5255126953125
INFO: iteration 13450: 1800.093505859375
INFO: iteration 13500: 1700.6983642578125
INFO: iteration 13550: 1899.533447265625
INFO: iteration 13600: 1811.8114013671875
INFO: iteration 13650: 1739.488525390625
INFO: iteration 13700: 1550.6002197265625
INFO: iteration 13750: 1975.208251953125
INFO: iteration 13800: 1632.160888671875
INFO: iteration 13850: 1803.861572265625
INFO: iteration 13900: 1644.4066162109375
INFO: iteration 13950: 1687.4415283203125
INFO: iteration 14000: 1579.1461181640625
INFO: iteration 14050: 1920.8538818359375
INFO: iteration 14100: 1550.3525390625
INFO: iteration 14150: 1760.01611328125
INFO: iteration 14200: 1703.8583984375
INFO: iteration 14250: 1598.26416015625
INFO: iteration 14300: 1587.619140625
INFO: iteration 14350: 1670.2322998046875
INFO: iteration 14400: 1631.43212890625
INFO: iteration 14450: 1617.4757080078125
INFO: iteration 14500: 1739.9122314453125
INFO: iteration 14550: 1546.228515625
INFO: iteration 14600: 1614.241943359375
INFO: iteration 14650: 1478.9503173828125
INFO: iteration 14700: 1746.4622802734375
INFO: iteration 14750: 1521.71923828125
INFO: iteration 14800: 1518.701416015625
INFO: iteration 14850: 1655.4783935546875
INFO: iteration 14900: 1500.5821533203125
INFO: iteration 14950: 1498.61328125
INFO: iteration 15000: 1781.0361328125
INFO: iteration 15050: 1376.2210693359375
INFO: iteration 15100: 1560.825927734375
INFO: iteration 15150: 1611.462158203125
INFO: iteration 15200: 1541.558837890625
INFO: iteration 15250: 1443.7105712890625
INFO: iteration 15300: 1431.2523193359375
INFO: iteration 15350: 1615.224853515625
INFO: iteration 15400: 1458.110107421875
INFO: iteration 15450: 1609.7100830078125
INFO: iteration 15500: 1389.470947265625
INFO: iteration 15550: 1525.3907470703125
INFO: iteration 15600: 1292.2957763671875
INFO: iteration 15650: 1757.1376953125
INFO: iteration 15700: 1315.651611328125
INFO: iteration 15750: 1490.9852294921875
INFO: iteration 15800: 1448.6793212890625
INFO: iteration 15850: 1420.0552978515625
INFO: iteration 15900: 1394.4161376953125
INFO: iteration 15950: 1472.5726318359375
INFO: iteration 16000: 1434.937744140625
INFO: iteration 16050: 1333.9488525390625
INFO: iteration 16100: 1518.59814453125
INFO: iteration 16150: 1466.34765625
INFO: iteration 16200: 1402.43603515625
INFO: iteration 16250: 1247.1826171875
INFO: iteration 16300: 1570.738525390625
INFO: iteration 16350: 1294.8175048828125
INFO: iteration 16400: 1426.48779296875
INFO: iteration 16450: 1332.2672119140625
INFO: iteration 16500: 1379.4998779296875
INFO: iteration 16550: 1283.2049560546875
INFO: iteration 16600: 1528.12451171875
INFO: iteration 16650: 1253.7857666015625
INFO: iteration 16700: 1390.9324951171875
INFO: iteration 16750: 1374.23095703125
INFO: iteration 16800: 1331.6551513671875
INFO: iteration 16850: 1283.81884765625
INFO: iteration 16900: 1332.2578125
INFO: iteration 16950: 1327.867919921875
INFO: iteration 17000: 1283.150146484375
INFO: iteration 17050: 1407.3831787109375
INFO: iteration 17100: 1251.256591796875
INFO: iteration 17150: 1338.11083984375
INFO: iteration 17200: 1207.957763671875
INFO: iteration 17250: 1401.5596923828125
INFO: iteration 17300: 1228.442138671875
INFO: iteration 17350: 1241.26904296875
INFO: iteration 17400: 1323.400146484375
INFO: iteration 17450: 1252.5540771484375
INFO: iteration 17500: 1216.7188720703125
INFO: iteration 17550: 1438.068115234375
INFO: iteration 17600: 1142.15673828125
INFO: iteration 17650: 1248.30517578125
INFO: iteration 17700: 1294.6121826171875
INFO: iteration 17750: 1283.3572998046875
INFO: iteration 17800: 1201.656494140625
INFO: iteration 17850: 1160.4281005859375
INFO: iteration 17900: 1321.981201171875
INFO: iteration 17950: 1175.487548828125
INFO: iteration 18000: 1315.824951171875
INFO: iteration 18050: 1139.957763671875
INFO: iteration 18100: 1260.518798828125
INFO: iteration 18150: 1081.3905029296875
INFO: iteration 18200: 1420.9755859375
INFO: iteration 18250: 1071.69775390625
INFO: iteration 18300: 1227.001953125
INFO: iteration 18350: 1177.0982666015625
INFO: iteration 18400: 1191.0982666015625
INFO: iteration 18450: 1156.580322265625
INFO: iteration 18500: 1194.562744140625
INFO: iteration 18550: 1193.083251953125
INFO: iteration 18600: 1078.41845703125
INFO: iteration 18650: 1250.7225341796875
INFO: iteration 18700: 1215.5028076171875
INFO: iteration 18750: 1167.3641357421875
INFO: iteration 18800: 1028.427734375
INFO: iteration 18850: 1290.74609375
INFO: iteration 18900: 1056.919921875
INFO: iteration 18950: 1175.385986328125
INFO: iteration 19000: 1112.614990234375
INFO: iteration 19050: 1149.1470947265625
INFO: iteration 19100: 1081.95947265625
INFO: iteration 19150: 1252.7967529296875
INFO: iteration 19200: 1038.7841796875
INFO: iteration 19250: 1138.4783935546875
INFO: iteration 19300: 1138.3084716796875
INFO: iteration 19350: 1113.6458740234375
INFO: iteration 19400: 1074.2855224609375
INFO: iteration 19450: 1100.5413818359375
INFO: iteration 19500: 1104.81640625
INFO: iteration 19550: 1045.469970703125
INFO: iteration 19600: 1172.558349609375
INFO: iteration 19650: 1043.05224609375
INFO: iteration 19700: 1115.816162109375
INFO: iteration 19750: 1019.9766845703125
INFO: iteration 19800: 1161.864501953125
INFO: iteration 19850: 1005.6586303710938
INFO: iteration 19900: 1047.05126953125
INFO: iteration 19950: 1095.1025390625
INFO: iteration 20000: 1038.162841796875
INFO: iteration 20050: 1025.7630615234375
INFO: iteration 20100: 1193.80224609375
INFO: iteration 20150: 954.7928466796875
INFO: iteration 20200: 1030.9263916015625
INFO: iteration 20250: 1079.5113525390625
INFO: iteration 20300: 1067.656005859375
INFO: iteration 20350: 1011.1373291015625
INFO: iteration 20400: 974.0342407226562
INFO: iteration 20450: 1103.10302734375
INFO: iteration 20500: 973.7357788085938
INFO: iteration 20550: 1104.9725341796875
INFO: iteration 20600: 957.3634643554688
INFO: iteration 20650: 1046.3353271484375
INFO: iteration 20700: 923.3815307617188
INFO: iteration 20750: 1182.0369873046875
INFO: iteration 20800: 888.4484252929688
INFO: iteration 20850: 1034.6395263671875
INFO: iteration 20900: 993.9606323242188
INFO: iteration 20950: 997.5675048828125
INFO: iteration 21000: 980.688232421875
INFO: iteration 21050: 999.3550415039062
INFO: iteration 21100: 1001.7756958007812
INFO: iteration 21150: 899.783203125
INFO: iteration 21200: 1062.5379638671875
INFO: iteration 21250: 1030.448486328125
INFO: iteration 21300: 981.563720703125
INFO: iteration 21350: 866.9413452148438
INFO: iteration 21400: 1081.1826171875
INFO: iteration 21450: 890.7400512695312
INFO: iteration 21500: 994.88818359375
INFO: iteration 21550: 951.6119995117188
INFO: iteration 21600: 948.8292846679688
INFO: iteration 21650: 921.6647338867188
INFO: iteration 21700: 1050.7564697265625
INFO: iteration 21750: 881.283935546875
INFO: iteration 21800: 959.8070678710938
INFO: iteration 21850: 973.8806762695312
INFO: iteration 21900: 939.4204711914062
INFO: iteration 21950: 910.7410888671875
INFO: iteration 22000: 933.0355224609375
INFO: iteration 22050: 934.468505859375
INFO: iteration 22100: 884.9075927734375
INFO: iteration 22150: 999.753662109375
INFO: iteration 22200: 898.2925415039062
INFO: iteration 22250: 938.0123291015625
INFO: iteration 22300: 874.5186157226562
INFO: iteration 22350: 987.6063232421875
INFO: iteration 22400: 855.7923583984375
INFO: iteration 22450: 901.064697265625
INFO: iteration 22500: 936.8899536132812
INFO: iteration 22550: 884.3677368164062
INFO: iteration 22600: 876.9381713867188
INFO: iteration 22650: 1017.6891479492188
INFO: iteration 22700: 819.6126098632812
INFO: iteration 22750: 885.9353637695312
INFO: iteration 22800: 928.0838623046875
INFO: iteration 22850: 919.2288818359375
INFO: iteration 22900: 865.1971435546875
INFO: iteration 22950: 836.7808837890625
INFO: iteration 23000: 943.0703735351562
INFO: iteration 23050: 836.28515625
INFO: iteration 23100: 953.1488037109375
INFO: iteration 23150: 830.9249877929688
INFO: iteration 23200: 895.6077270507812
INFO: iteration 23250: 802.6607666015625
INFO: iteration 23300: 1010.9183349609375
INFO: iteration 23350: 761.2240600585938
INFO: iteration 23400: 895.388671875
INFO: iteration 23450: 848.5547485351562
INFO: iteration 23500: 862.4324951171875
INFO: iteration 23550: 849.3179321289062
INFO: iteration 23600: 861.310546875
INFO: iteration 23650: 862.1827392578125
INFO: iteration 23700: 780.9953002929688
INFO: iteration 23750: 919.875244140625
INFO: iteration 23800: 900.825439453125
INFO: iteration 23850: 841.7649536132812
INFO: iteration 23900: 750.5029296875
INFO: iteration 23950: 930.8707885742188
INFO: iteration 24000: 774.0896606445312
INFO: iteration 24050: 867.633544921875
INFO: iteration 24100: 837.1963500976562
INFO: iteration 24150: 819.9337158203125
INFO: iteration 24200: 811.3365478515625
INFO: iteration 24250: 905.796142578125
INFO: iteration 24300: 766.037353515625
INFO: iteration 24350: 837.1940307617188
INFO: iteration 24400: 852.4835205078125
INFO: iteration 24450: 823.9070434570312
INFO: iteration 24500: 790.7612915039062
INFO: iteration 24550: 816.9158325195312
INFO: iteration 24600: 808.4835205078125
INFO: iteration 24650: 774.2289428710938
INFO: iteration 24700: 875.9694213867188
INFO: iteration 24750: 797.663818359375
INFO: iteration 24800: 812.9508056640625
INFO: iteration 24850: 762.9424438476562
INFO: iteration 24900: 859.1775512695312
INFO: iteration 24950: 745.1563720703125
INFO: iteration 25000: 799.658935546875
INFO: Xout[0] accepted clean as generated
INFO: Xout[1] has 2 components ... connecting
INFO: Xout[2] accepted clean as generated
INFO: Xout[3] has 4 components ... connecting
INFO: This should be covered by other voxel (nearby = 6)
INFO: This should be covered by other voxel (nearby = 6)
INFO: This should be covered by other voxel (nearby = 6)
INFO: This should be covered by other voxel (nearby = 10)
INFO: Xout[4] accepted clean as generated
INFO: Xout[5] has 0 components ... connecting
INFO: Xout[5] accepted clean as generated
INFO: Xout[6] accepted clean as generated
INFO: Xout[7] accepted clean as generated
INFO: Xout[8] accepted clean as generated
INFO: Xout[9] accepted clean as generated
INFO: Xout[10] accepted clean as generated
INFO: Xout[11] accepted clean as generated
INFO: Xout[12] has 3 components ... connecting
INFO: This should be covered by other voxel (nearby = 12)
INFO: This should be covered by other voxel (nearby = 10)
INFO: This should be covered by other voxel (nearby = 12)
INFO: This should be covered by other voxel (nearby = 12)
INFO: This should be covered by other voxel (nearby = 10)
INFO: Xout[13] accepted clean as generated
INFO: Xout[14] accepted clean as generated
INFO: Xout[15] accepted clean as generated
INFO: Xout[16] accepted clean as generated
INFO: Xout[17] accepted clean as generated
INFO: Xout[18] accepted clean as generated
INFO: Xout[19] accepted clean as generated
INFO: Xout[20] accepted clean as generated
INFO: Xout[21] accepted clean as generated
INFO: Xout[22] accepted clean as generated
INFO: Xout[23] has 2 components ... connecting
INFO: Xout[24] accepted clean as generated
INFO: Xout[25] accepted clean as generated
INFO: Xout[26] accepted clean as generated
INFO: Xout[27] has 2 components ... connecting
INFO: Xout[28] accepted clean as generated
INFO: Xout[29] accepted clean as generated
INFO: Xout[30] accepted clean as generated
INFO: Xout[31] accepted clean as generated
INFO: Xout[32] has 2 components ... connecting
INFO: Xout[33] accepted clean as generated
INFO: Xout[34] accepted clean as generated
INFO: Xout[35] accepted clean as generated
INFO: Xout[36] accepted clean as generated
INFO: Xout[37] accepted clean as generated
INFO: Xout[38] accepted clean as generated
INFO: Xout[39] has 2 components ... connecting
INFO: Xout[40] has 2 components ... connecting
INFO: Xout[41] accepted clean as generated
INFO: Xout[42] has 2 components ... connecting
INFO: Xout[43] accepted clean as generated
INFO: Xout[44] accepted clean as generated
INFO: Xout[45] accepted clean as generated
INFO: Xout[46] has 3 components ... connecting
INFO: Xout[47] accepted clean as generated
INFO: Xout[48] accepted clean as generated
INFO: Xout[49] accepted clean as generated
INFO: Xout[50] has 2 components ... connecting
Images generated: 51, clean: 40, simple: 6, inverted: 0
INFO: Xout[0] has 6 components ... connecting
INFO: This should be covered by other voxel (nearby = 36)
INFO: Xout[1] accepted clean as generated
INFO: Xout[2] has 2 components ... connecting
INFO: This should be covered by other voxel (nearby = 6)
INFO: Xout[3] has 3 components ... connecting
INFO: Xout[4] has 2 components ... connecting
INFO: Xout[5] has 3 components ... connecting
INFO: Xout[6] accepted clean as generated
INFO: Xout[7] has 4 components ... connecting
INFO: Xout[8] has 4 components ... connecting
INFO: This should be covered by other voxel (nearby = 6)
INFO: This should be covered by other voxel (nearby = 6)
INFO: This should be covered by other voxel (nearby = 10)
INFO: This should be covered by other voxel (nearby = 10)
INFO: This should be covered by other voxel (nearby = 6)
INFO: This should be covered by other voxel (nearby = 10)
INFO: This should be covered by other voxel (nearby = 6)
INFO: This should be covered by other voxel (nearby = 6)
INFO: This should be covered by other voxel (nearby = 10)
INFO: This should be covered by other voxel (nearby = 10)
INFO: Xout[9] has 15 components ... connecting
INFO: This should be covered by other voxel (nearby = 18)
INFO: This should be covered by other voxel (nearby = 18)
INFO: This should be covered by other voxel (nearby = 66)
INFO: This should be covered by other voxel (nearby = 18)
INFO: This should be covered by other voxel (nearby = 66)
INFO: This should be covered by other voxel (nearby = 258)
INFO: This should be covered by other voxel (nearby = 258)
INFO: This should be covered by other voxel (nearby = 66)
INFO: This should be covered by other voxel (nearby = 16386)
INFO: Xout[10] has 2 components ... connecting
INFO: Xout[11] accepted clean as generated
INFO: Xout[12] accepted clean as generated
INFO: Xout[13] accepted clean as generated
INFO: Xout[14] has 2 components ... connecting
INFO: This should be covered by other voxel (nearby = 6)
INFO: This should be covered by other voxel (nearby = 6)
INFO: Xout[15] accepted clean as generated
INFO: Xout[16] has 5 components ... connecting
INFO: This should be covered by other voxel (nearby = 6)
INFO: This should be covered by other voxel (nearby = 34)
INFO: Xout[17] has 5 components ... connecting
INFO: This should be covered by other voxel (nearby = 12)
INFO: This should be covered by other voxel (nearby = 12)
INFO: Xout[18] has 2 components ... connecting
INFO: Xout[19] accepted clean as generated
INFO: Xout[20] has 2 components ... connecting
INFO: This should be covered by other voxel (nearby = 6)
INFO: This should be covered by other voxel (nearby = 6)
INFO: This should be covered by other voxel (nearby = 6)
INFO: Xout[21] has 5 components ... connecting
INFO: Xout[22] has 28 components ... connecting
INFO: This should be covered by other voxel (nearby = 258)
INFO: This should be covered by other voxel (nearby = 4098)
INFO: This should be covered by other voxel (nearby = 4098)
INFO: This should be covered by other voxel (nearby = 24576)
INFO: This should be covered by other voxel (nearby = 98304)
INFO: This should be covered by other voxel (nearby = 65538)
INFO: This should be covered by other voxel (nearby = 393216)
INFO: This should be covered by other voxel (nearby = 4098)
INFO: This should be covered by other voxel (nearby = 24576)
INFO: This should be covered by other voxel (nearby = 98304)
INFO: This should be covered by other voxel (nearby = 393216)
INFO: This should be covered by other voxel (nearby = 98304)
INFO: This should be covered by other voxel (nearby = 65538)
INFO: This should be covered by other voxel (nearby = 24576)
INFO: This should be covered by other voxel (nearby = 98304)
INFO: This should be covered by other voxel (nearby = 65538)
INFO: This should be covered by other voxel (nearby = 393216)
INFO: This should be covered by other voxel (nearby = 67108866)
INFO: This should be covered by other voxel (nearby = 67108866)
INFO: Xout[23] has 3 components ... connecting
INFO: Xout[24] accepted clean as generated
INFO: Xout[25] accepted clean as generated
INFO: Xout[26] accepted clean as generated
INFO: Xout[27] accepted clean as generated
INFO: Xout[28] has 2 components ... connecting
INFO: This should be covered by other voxel (nearby = 6)
INFO: This should be covered by other voxel (nearby = 6)
INFO: Xout[29] has 2 components ... connecting
INFO: Xout[30] has 2 components ... connecting
INFO: Xout[31] has 4 components ... connecting
INFO: Xout[32] has 2 components ... connecting
INFO: This should be covered by other voxel (nearby = 6)
INFO: Xout[33] accepted clean as generated
INFO: Xout[34] has 7 components ... connecting
INFO: This should be covered by other voxel (nearby = 6)
INFO: This should be covered by other voxel (nearby = 66)
INFO: This should be covered by other voxel (nearby = 66)
INFO: This should be covered by other voxel (nearby = 66)
INFO: Xout[35] has 3 components ... connecting
INFO: Xout[36] has 7 components ... connecting
INFO: This should be covered by other voxel (nearby = 20)
INFO: This should be covered by other voxel (nearby = 20)
INFO: This should be covered by other voxel (nearby = 20)
INFO: Xout[37] has 6 components ... connecting
INFO: Xout[38] has 11 components ... connecting
INFO: This should be covered by other voxel (nearby = 12)
INFO: This should be covered by other voxel (nearby = 12)
INFO: This should be covered by other voxel (nearby = 12)
INFO: This should be covered by other voxel (nearby = 12)
INFO: This should be covered by other voxel (nearby = 12)
INFO: This should be covered by other voxel (nearby = 12)
INFO: Xout[39] accepted clean as generated
INFO: Xout[40] has 5 components ... connecting
INFO: Xout[41] has 2 components ... connecting
INFO: This should be covered by other voxel (nearby = 6)
INFO: This should be covered by other voxel (nearby = 6)
INFO: This should be covered by other voxel (nearby = 6)
INFO: This should be covered by other voxel (nearby = 6)
INFO: This should be covered by other voxel (nearby = 6)
INFO: Xout[42] has 14 components ... connecting
INFO: This should be covered by other voxel (nearby = 4352)
INFO: This should be covered by other voxel (nearby = 4352)
INFO: This should be covered by other voxel (nearby = 4352)
INFO: Xout[43] has 2 components ... connecting
INFO: Xout[44] accepted clean as generated
INFO: Xout[45] has 2 components ... connecting
INFO: Xout[46] accepted clean as generated
INFO: Xout[47] has 13 components ... connecting
INFO: This should be covered by other voxel (nearby = 6)
INFO: This should be covered by other voxel (nearby = 144)
INFO: This should be covered by other voxel (nearby = 6)
INFO: This should be covered by other voxel (nearby = 18)
INFO: This should be covered by other voxel (nearby = 6)
INFO: This should be covered by other voxel (nearby = 320)
INFO: This should be covered by other voxel (nearby = 144)
INFO: This should be covered by other voxel (nearby = 6)
INFO: This should be covered by other voxel (nearby = 6)
INFO: This should be covered by other voxel (nearby = 6)
INFO: This should be covered by other voxel (nearby = 18)
INFO: This should be covered by other voxel (nearby = 20)
INFO: This should be covered by other voxel (nearby = 272)
INFO: This should be covered by other voxel (nearby = 320)
INFO: Xout[48] has 5 components ... connecting
INFO: This should be covered by other voxel (nearby = 24)
INFO: This should be covered by other voxel (nearby = 24)
INFO: This should be covered by other voxel (nearby = 24)
INFO: Xout[49] accepted clean as generated
INFO: Xout[50] has 4 components ... connecting
INFO: Xout[51] has 2 components ... connecting
INFO: This should be covered by other voxel (nearby = 6)
INFO: This should be covered by other voxel (nearby = 6)
INFO: Xout[52] has 2 components ... connecting
INFO: Xout[53] has 6 components ... connecting
INFO: This should be covered by other voxel (nearby = 18)
INFO: This should be covered by other voxel (nearby = 34)
INFO: This should be covered by other voxel (nearby = 34)
INFO: This should be covered by other voxel (nearby = 18)
INFO: This should be covered by other voxel (nearby = 18)
INFO: Xout[54] accepted clean as generated
INFO: Xout[55] has 7 components ... connecting
INFO: This should be covered by other voxel (nearby = 66)
INFO: This should be covered by other voxel (nearby = 66)
INFO: Xout[56] has 7 components ... connecting
INFO: Xout[57] has 10 components ... connecting
INFO: This should be covered by other voxel (nearby = 48)
INFO: This should be covered by other voxel (nearby = 72)
INFO: This should be covered by other voxel (nearby = 136)
INFO: This should be covered by other voxel (nearby = 264)
INFO: This should be covered by other voxel (nearby = 48)
INFO: This should be covered by other voxel (nearby = 136)
INFO: This should be covered by other voxel (nearby = 264)
INFO: This should be covered by other voxel (nearby = 136)
INFO: This should be covered by other voxel (nearby = 48)
INFO: This should be covered by other voxel (nearby = 72)
INFO: This should be covered by other voxel (nearby = 136)
INFO: This should be covered by other voxel (nearby = 264)
INFO: Xout[58] has 11 components ... connecting
INFO: This should be covered by other voxel (nearby = 68)
INFO: This should be covered by other voxel (nearby = 68)
INFO: This should be covered by other voxel (nearby = 160)
INFO: This should be covered by other voxel (nearby = 288)
INFO: This should be covered by other voxel (nearby = 160)
INFO: This should be covered by other voxel (nearby = 288)
INFO: Xout[59] has 2 components ... connecting
INFO: This should be covered by other voxel (nearby = 6)
INFO: This should be covered by other voxel (nearby = 6)
INFO: Xout[60] has 3 components ... connecting
INFO: Xout[61] has 8 components ... connecting
INFO: This should be covered by other voxel (nearby = 192)
INFO: This should be covered by other voxel (nearby = 260)
INFO: This should be covered by other voxel (nearby = 192)
INFO: This should be covered by other voxel (nearby = 192)
INFO: Xout[62] accepted clean as generated
INFO: Xout[63] has 7 components ... connecting
INFO: Xout[64] accepted clean as generated
INFO: Xout[65] accepted clean as generated
INFO: Xout[66] has 5 components ... connecting
INFO: This should be covered by other voxel (nearby = 10)
INFO: This should be covered by other voxel (nearby = 10)
INFO: This should be covered by other voxel (nearby = 10)
INFO: Xout[67] has 7 components ... connecting
INFO: This should be covered by other voxel (nearby = 10)
INFO: Xout[68] has 6 components ... connecting
INFO: This should be covered by other voxel (nearby = 18)
INFO: This should be covered by other voxel (nearby = 10)
INFO: This should be covered by other voxel (nearby = 18)
INFO: This should be covered by other voxel (nearby = 10)
INFO: This should be covered by other voxel (nearby = 66)
INFO: Xout[69] has 3 components ... connecting
INFO: Xout[70] has 4 components ... connecting
INFO: Xout[71] has 0 components ... connecting
INFO: Xout[71] accepted clean as generated
INFO: Xout[72] has 11 components ... connecting
INFO: This should be covered by other voxel (nearby = 6)
INFO: This should be covered by other voxel (nearby = 18)
INFO: This should be covered by other voxel (nearby = 18)
INFO: This should be covered by other voxel (nearby = 18)
INFO: This should be covered by other voxel (nearby = 258)
INFO: This should be covered by other voxel (nearby = 1026)
INFO: This should be covered by other voxel (nearby = 1026)
INFO: This should be covered by other voxel (nearby = 1026)
INFO: Xout[73] has 4 components ... connecting
INFO: This should be covered by other voxel (nearby = 10)
INFO: Xout[74] accepted clean as generated
INFO: Xout[75] has 4 components ... connecting
INFO: This should be covered by other voxel (nearby = 6)
INFO: Xout[76] accepted clean as generated
INFO: Xout[77] accepted clean as generated
INFO: Xout[78] has 3 components ... connecting
INFO: Xout[79] accepted clean as generated
INFO: Xout[80] accepted clean as generated
INFO: Xout[81] has 3 components ... connecting
INFO: This should be covered by other voxel (nearby = 10)
INFO: This should be covered by other voxel (nearby = 10)
INFO: Xout[82] has 2 components ... connecting
INFO: Xout[83] has 2 components ... connecting
INFO: This should be covered by other voxel (nearby = 6)
INFO: Xout[84] has 19 components ... connecting
INFO: This should be covered by other voxel (nearby = 32770)
INFO: This should be covered by other voxel (nearby = 32770)
INFO: Xout[85] accepted clean as generated
INFO: Xout[86] has 2 components ... connecting
INFO: Xout[87] has 10 components ... connecting
INFO: This should be covered by other voxel (nearby = 96)
INFO: This should be covered by other voxel (nearby = 66)
INFO: This should be covered by other voxel (nearby = 130)
INFO: This should be covered by other voxel (nearby = 96)
INFO: This should be covered by other voxel (nearby = 66)
INFO: This should be covered by other voxel (nearby = 130)
INFO: This should be covered by other voxel (nearby = 514)
INFO: This should be covered by other voxel (nearby = 96)
INFO: This should be covered by other voxel (nearby = 66)
INFO: This should be covered by other voxel (nearby = 130)
INFO: This should be covered by other voxel (nearby = 514)
INFO: This should be covered by other voxel (nearby = 514)
INFO: Xout[88] has 4 components ... connecting
INFO: This should be covered by other voxel (nearby = 6)
INFO: This should be covered by other voxel (nearby = 12)
INFO: This should be covered by other voxel (nearby = 12)
INFO: This should be covered by other voxel (nearby = 12)
INFO: Xout[89] has 9 components ... connecting
INFO: This should be covered by other voxel (nearby = 48)
INFO: This should be covered by other voxel (nearby = 80)
INFO: This should be covered by other voxel (nearby = 144)
INFO: This should be covered by other voxel (nearby = 384)
INFO: This should be covered by other voxel (nearby = 48)
INFO: This should be covered by other voxel (nearby = 80)
INFO: This should be covered by other voxel (nearby = 384)
INFO: This should be covered by other voxel (nearby = 48)
INFO: This should be covered by other voxel (nearby = 144)
INFO: This should be covered by other voxel (nearby = 384)
INFO: Xout[90] has 10 components ... connecting
INFO: This should be covered by other voxel (nearby = 6)
INFO: This should be covered by other voxel (nearby = 6)
INFO: This should be covered by other voxel (nearby = 6)
INFO: This should be covered by other voxel (nearby = 10)
INFO: This should be covered by other voxel (nearby = 40)
INFO: This should be covered by other voxel (nearby = 1536)
INFO: This should be covered by other voxel (nearby = 1536)
INFO: Xout[91] accepted clean as generated
INFO: Xout[92] has 10 components ... connecting
INFO: This should be covered by other voxel (nearby = 6)
INFO: Xout[93] has 4 components ... connecting
INFO: This should be covered by other voxel (nearby = 12)
INFO: This should be covered by other voxel (nearby = 12)
INFO: Xout[94] has 3 components ... connecting
INFO: Xout[95] has 3 components ... connecting
INFO: This should be covered by other voxel (nearby = 10)
INFO: This should be covered by other voxel (nearby = 10)
INFO: This should be covered by other voxel (nearby = 10)
INFO: This should be covered by other voxel (nearby = 10)
INFO: This should be covered by other voxel (nearby = 10)
INFO: This should be covered by other voxel (nearby = 10)
INFO: This should be covered by other voxel (nearby = 10)
INFO: Xout[96] has 4 components ... connecting
INFO: This should be covered by other voxel (nearby = 12)
INFO: Xout[97] accepted clean as generated
INFO: Xout[98] has 2 components ... connecting
INFO: This should be covered by other voxel (nearby = 6)
INFO: This should be covered by other voxel (nearby = 6)
INFO: Xout[99] has 3 components ... connecting
INFO: This should be covered by other voxel (nearby = 12)
INFO: This should be covered by other voxel (nearby = 12)
INFO: Xout[100] has 7 components ... connecting
INFO: This should be covered by other voxel (nearby = 130)
INFO: Xout[101] accepted clean as generated
INFO: Xout[102] has 5 components ... connecting
INFO: Xout[103] has 6 components ... connecting
INFO: This should be covered by other voxel (nearby = 6)
INFO: This should be covered by other voxel (nearby = 10)
INFO: This should be covered by other voxel (nearby = 6)
INFO: This should be covered by other voxel (nearby = 10)
INFO: This should be covered by other voxel (nearby = 6)
INFO: This should be covered by other voxel (nearby = 10)
INFO: This should be covered by other voxel (nearby = 80)
INFO: This should be covered by other voxel (nearby = 80)
INFO: Xout[104] has 3 components ... connecting
INFO: Xout[105] has 14 components ... connecting
INFO: This should be covered by other voxel (nearby = 6)
INFO: This should be covered by other voxel (nearby = 66)
INFO: This should be covered by other voxel (nearby = 4352)
INFO: This should be covered by other voxel (nearby = 4352)
INFO: Xout[106] has 11 components ... connecting
INFO: Xout[107] has 2 components ... connecting
INFO: Xout[108] has 8 components ... connecting
INFO: This should be covered by other voxel (nearby = 36)
INFO: This should be covered by other voxel (nearby = 36)
INFO: This should be covered by other voxel (nearby = 36)
INFO: This should be covered by other voxel (nearby = 36)
INFO: This should be covered by other voxel (nearby = 36)
INFO: This should be covered by other voxel (nearby = 12)
INFO: This should be covered by other voxel (nearby = 264)
INFO: Xout[109] has 7 components ... connecting
INFO: This should be covered by other voxel (nearby = 34)
INFO: This should be covered by other voxel (nearby = 66)
INFO: This should be covered by other voxel (nearby = 66)
INFO: This should be covered by other voxel (nearby = 130)
INFO: Xout[110] accepted clean as generated
INFO: Xout[111] has 6 components ... connecting
INFO: This should be covered by other voxel (nearby = 18)
INFO: This should be covered by other voxel (nearby = 34)
INFO: This should be covered by other voxel (nearby = 24)
INFO: This should be covered by other voxel (nearby = 24)
INFO: This should be covered by other voxel (nearby = 18)
INFO: This should be covered by other voxel (nearby = 66)
INFO: This should be covered by other voxel (nearby = 66)
INFO: This should be covered by other voxel (nearby = 66)
INFO: This should be covered by other voxel (nearby = 66)
INFO: This should be covered by other voxel (nearby = 66)
INFO: This should be covered by other voxel (nearby = 66)
INFO: Xout[112] has 3 components ... connecting
INFO: Xout[113] has 3 components ... connecting
INFO: Xout[114] accepted clean as generated
INFO: Xout[115] has 4 components ... connecting
INFO: This should be covered by other voxel (nearby = 12)
INFO: Xout[116] has 3 components ... connecting
INFO: Xout[117] has 11 components ... connecting
INFO: This should be covered by other voxel (nearby = 160)
INFO: This should be covered by other voxel (nearby = 640)
INFO: This should be covered by other voxel (nearby = 768)
INFO: This should be covered by other voxel (nearby = 160)
INFO: This should be covered by other voxel (nearby = 768)
INFO: This should be covered by other voxel (nearby = 160)
INFO: This should be covered by other voxel (nearby = 640)
INFO: This should be covered by other voxel (nearby = 768)
INFO: Xout[118] has 7 components ... connecting
INFO: This should be covered by other voxel (nearby = 12)
INFO: This should be covered by other voxel (nearby = 12)
INFO: This should be covered by other voxel (nearby = 12)
INFO: This should be covered by other voxel (nearby = 12)
INFO: Xout[119] accepted clean as generated
INFO: Xout[120] accepted clean as generated
INFO: Xout[121] accepted clean as generated
INFO: Xout[122] has 7 components ... connecting
INFO: Xout[123] has 2 components ... connecting
INFO: This should be covered by other voxel (nearby = 6)
INFO: Xout[124] has 2 components ... connecting
INFO: Xout[125] accepted clean as generated
INFO: Xout[126] has 2 components ... connecting
INFO: Xout[127] has 3 components ... connecting
INFO: This should be covered by other voxel (nearby = 6)
INFO: This should be covered by other voxel (nearby = 6)
INFO: This should be covered by other voxel (nearby = 6)
INFO: Xout[128] accepted clean as generated
INFO: Xout[129] has 2 components ... connecting
INFO: Xout[130] has 5 components ... connecting
INFO: This should be covered by other voxel (nearby = 36)
INFO: Xout[131] has 3 components ... connecting
INFO: Xout[132] has 23 components ... connecting
INFO: This should be covered by other voxel (nearby = 34)
INFO: This should be covered by other voxel (nearby = 34)
INFO: This should be covered by other voxel (nearby = 96)
INFO: This should be covered by other voxel (nearby = 160)
INFO: This should be covered by other voxel (nearby = 96)
INFO: This should be covered by other voxel (nearby = 160)
INFO: This should be covered by other voxel (nearby = 3072)
INFO: This should be covered by other voxel (nearby = 4608)
INFO: This should be covered by other voxel (nearby = 1026)
INFO: This should be covered by other voxel (nearby = 20480)
INFO: This should be covered by other voxel (nearby = 33024)
INFO: This should be covered by other voxel (nearby = 8194)
INFO: This should be covered by other voxel (nearby = 540672)
INFO: This should be covered by other voxel (nearby = 655360)
INFO: This should be covered by other voxel (nearby = 96)
INFO: This should be covered by other voxel (nearby = 160)
INFO: This should be covered by other voxel (nearby = 3072)
INFO: This should be covered by other voxel (nearby = 3072)
INFO: This should be covered by other voxel (nearby = 20480)
INFO: This should be covered by other voxel (nearby = 33024)
INFO: This should be covered by other voxel (nearby = 1026)
INFO: This should be covered by other voxel (nearby = 4608)
INFO: This should be covered by other voxel (nearby = 8194)
INFO: This should be covered by other voxel (nearby = 655360)
INFO: This should be covered by other voxel (nearby = 34)
INFO: This should be covered by other voxel (nearby = 96)
INFO: This should be covered by other voxel (nearby = 96)
INFO: This should be covered by other voxel (nearby = 3072)
INFO: This should be covered by other voxel (nearby = 4608)
INFO: This should be covered by other voxel (nearby = 1026)
INFO: This should be covered by other voxel (nearby = 20480)
INFO: This should be covered by other voxel (nearby = 33024)
INFO: This should be covered by other voxel (nearby = 8194)
INFO: This should be covered by other voxel (nearby = 540672)
INFO: This should be covered by other voxel (nearby = 655360)
INFO: Xout[133] has 3 components ... connecting
INFO: This should be covered by other voxel (nearby = 6)
INFO: This should be covered by other voxel (nearby = 6)
INFO: This should be covered by other voxel (nearby = 10)
INFO: This should be covered by other voxel (nearby = 10)
INFO: This should be covered by other voxel (nearby = 10)
INFO: This should be covered by other voxel (nearby = 6)
INFO: This should be covered by other voxel (nearby = 10)
INFO: This should be covered by other voxel (nearby = 10)
INFO: This should be covered by other voxel (nearby = 10)
INFO: Xout[134] accepted clean as generated
INFO: Xout[135] has 5 components ... connecting
INFO: Xout[136] has 2 components ... connecting
INFO: Xout[137] has 5 components ... connecting
INFO: This should be covered by other voxel (nearby = 10)
INFO: Xout[138] has 5 components ... connecting
INFO: Xout[139] has 6 components ... connecting
INFO: This should be covered by other voxel (nearby = 66)
INFO: This should be covered by other voxel (nearby = 66)
INFO: This should be covered by other voxel (nearby = 66)
INFO: This should be covered by other voxel (nearby = 66)
INFO: This should be covered by other voxel (nearby = 66)
INFO: Xout[140] has 4 components ... connecting
INFO: Xout[141] accepted clean as generated
INFO: Xout[142] has 2 components ... connecting
INFO: Xout[143] accepted clean as generated
INFO: Xout[144] has 4 components ... connecting
INFO: This should be covered by other voxel (nearby = 10)
INFO: This should be covered by other voxel (nearby = 10)
INFO: This should be covered by other voxel (nearby = 18)
INFO: This should be covered by other voxel (nearby = 18)
INFO: This should be covered by other voxel (nearby = 10)
INFO: This should be covered by other voxel (nearby = 18)
INFO: This should be covered by other voxel (nearby = 18)
INFO: Xout[145] accepted clean as generated
INFO: Xout[146] accepted clean as generated
INFO: Xout[147] has 2 components ... connecting
INFO: This should be covered by other voxel (nearby = 6)
INFO: This should be covered by other voxel (nearby = 6)
INFO: Xout[148] accepted clean as generated
INFO: Xout[149] accepted clean as generated
INFO: Xout[150] accepted clean as generated
INFO: Xout[151] accepted clean as generated
INFO: Xout[152] has 2 components ... connecting
INFO: Xout[153] has 6 components ... connecting
INFO: This should be covered by other voxel (nearby = 10)
INFO: This should be covered by other voxel (nearby = 6)
INFO: Xout[154] has 2 components ... connecting
INFO: Xout[155] has 5 components ... connecting
INFO: This should be covered by other voxel (nearby = 18)
INFO: Xout[156] accepted clean as generated
INFO: Xout[157] has 2 components ... connecting
INFO: Xout[158] has 2 components ... connecting
INFO: Xout[159] accepted clean as generated
INFO: Xout[160] has 5 components ... connecting
INFO: Xout[161] has 5 components ... connecting
INFO: Xout[162] accepted clean as generated
INFO: Xout[163] accepted clean as generated
INFO: Xout[164] has 7 components ... connecting
INFO: This should be covered by other voxel (nearby = 6)
INFO: This should be covered by other voxel (nearby = 66)
INFO: This should be covered by other voxel (nearby = 130)
INFO: This should be covered by other voxel (nearby = 66)
INFO: Xout[165] has 3 components ... connecting
INFO: Xout[166] accepted clean as generated
INFO: Xout[167] accepted clean as generated
INFO: Xout[168] has 2 components ... connecting
INFO: This should be covered by other voxel (nearby = 6)
INFO: This should be covered by other voxel (nearby = 6)
INFO: Xout[169] accepted clean as generated
INFO: Xout[170] accepted clean as generated
INFO: Xout[171] has 2 components ... connecting
INFO: Xout[172] has 3 components ... connecting
INFO: This should be covered by other voxel (nearby = 6)
INFO: This should be covered by other voxel (nearby = 12)
INFO: This should be covered by other voxel (nearby = 10)
INFO: This should be covered by other voxel (nearby = 6)
INFO: This should be covered by other voxel (nearby = 12)
INFO: This should be covered by other voxel (nearby = 6)
INFO: Xout[173] has 5 components ... connecting
INFO: This should be covered by other voxel (nearby = 6)
INFO: This should be covered by other voxel (nearby = 34)
INFO: This should be covered by other voxel (nearby = 6)
INFO: This should be covered by other voxel (nearby = 6)
INFO: This should be covered by other voxel (nearby = 34)
INFO: Xout[174] has 4 components ... connecting
INFO: This should be covered by other voxel (nearby = 6)
INFO: This should be covered by other voxel (nearby = 18)
INFO: Xout[175] accepted clean as generated
INFO: Xout[176] has 5 components ... connecting
INFO: This should be covered by other voxel (nearby = 6)
INFO: Xout[177] has 2 components ... connecting
INFO: Xout[178] accepted clean as generated
INFO: Xout[179] accepted clean as generated
INFO: Xout[180] accepted clean as generated
INFO: Xout[181] has 2 components ... connecting
INFO: This should be covered by other voxel (nearby = 6)
INFO: This should be covered by other voxel (nearby = 6)
INFO: Xout[182] has 7 components ... connecting
INFO: This should be covered by other voxel (nearby = 18)
INFO: Xout[183] has 13 components ... connecting
INFO: This should be covered by other voxel (nearby = 10)
INFO: This should be covered by other voxel (nearby = 10)
INFO: This should be covered by other voxel (nearby = 18)
INFO: This should be covered by other voxel (nearby = 544)
INFO: This should be covered by other voxel (nearby = 1536)
INFO: This should be covered by other voxel (nearby = 3072)
INFO: This should be covered by other voxel (nearby = 10)
INFO: This should be covered by other voxel (nearby = 10)
INFO: This should be covered by other voxel (nearby = 544)
INFO: This should be covered by other voxel (nearby = 1536)
INFO: This should be covered by other voxel (nearby = 3072)
INFO: This should be covered by other voxel (nearby = 1536)
INFO: This should be covered by other voxel (nearby = 3072)
INFO: This should be covered by other voxel (nearby = 130)
INFO: This should be covered by other voxel (nearby = 130)
INFO: This should be covered by other voxel (nearby = 48)
INFO: This should be covered by other voxel (nearby = 544)
INFO: This should be covered by other voxel (nearby = 544)
INFO: This should be covered by other voxel (nearby = 1536)
INFO: This should be covered by other voxel (nearby = 3072)
INFO: Xout[184] has 11 components ... connecting
INFO: This should be covered by other voxel (nearby = 6)
INFO: Xout[185] accepted clean as generated
INFO: Xout[186] has 10 components ... connecting
INFO: This should be covered by other voxel (nearby = 96)
INFO: This should be covered by other voxel (nearby = 96)
INFO: This should be covered by other voxel (nearby = 160)
INFO: This should be covered by other voxel (nearby = 320)
INFO: This should be covered by other voxel (nearby = 544)
INFO: This should be covered by other voxel (nearby = 320)
INFO: This should be covered by other voxel (nearby = 544)
INFO: This should be covered by other voxel (nearby = 160)
INFO: This should be covered by other voxel (nearby = 320)
INFO: This should be covered by other voxel (nearby = 544)
INFO: Xout[187] has 7 components ... connecting
INFO: This should be covered by other voxel (nearby = 10)
INFO: This should be covered by other voxel (nearby = 10)
INFO: This should be covered by other voxel (nearby = 130)
INFO: Xout[188] has 3 components ... connecting
INFO: This should be covered by other voxel (nearby = 10)
INFO: This should be covered by other voxel (nearby = 10)
INFO: This should be covered by other voxel (nearby = 10)
INFO: Xout[189] has 15 components ... connecting
INFO: This should be covered by other voxel (nearby = 576)
INFO: This should be covered by other voxel (nearby = 576)
INFO: This should be covered by other voxel (nearby = 576)
INFO: This should be covered by other voxel (nearby = 6)
INFO: This should be covered by other voxel (nearby = 576)
INFO: This should be covered by other voxel (nearby = 1026)
INFO: This should be covered by other voxel (nearby = 6)
INFO: Xout[190] has 2 components ... connecting
INFO: Xout[191] has 0 components ... connecting
INFO: Xout[191] accepted clean as generated
INFO: Xout[192] has 6 components ... connecting
INFO: This should be covered by other voxel (nearby = 12)
INFO: This should be covered by other voxel (nearby = 12)
INFO: This should be covered by other voxel (nearby = 12)
INFO: This should be covered by other voxel (nearby = 12)
INFO: Xout[193] accepted clean as generated
INFO: Xout[194] has 2 components ... connecting
INFO: This should be covered by other voxel (nearby = 6)
INFO: This should be covered by other voxel (nearby = 6)
INFO: Xout[195] has 11 components ... connecting
INFO: This should be covered by other voxel (nearby = 24)
INFO: Xout[196] has 20 components ... connecting
INFO: This should be covered by other voxel (nearby = 24)
INFO: This should be covered by other voxel (nearby = 5120)
INFO: This should be covered by other voxel (nearby = 5120)
INFO: This should be covered by other voxel (nearby = 5120)
INFO: Xout[197] has 0 components ... connecting
INFO: Xout[197] accepted clean as generated
INFO: Xout[198] accepted clean as generated
INFO: Xout[199] accepted clean as generated
INFO: Xout[200] has 4 components ... connecting
INFO: Xout[201] accepted clean as generated
INFO: Xout[202] has 12 components ... connecting
INFO: This should be covered by other voxel (nearby = 6)
INFO: This should be covered by other voxel (nearby = 10)
INFO: This should be covered by other voxel (nearby = 34)
INFO: This should be covered by other voxel (nearby = 34)
INFO: Xout[203] has 5 components ... connecting
INFO: This should be covered by other voxel (nearby = 48)
INFO: This should be covered by other voxel (nearby = 48)
INFO: Xout[204] accepted clean as generated
INFO: Xout[205] has 5 components ... connecting
INFO: This should be covered by other voxel (nearby = 6)
INFO: This should be covered by other voxel (nearby = 6)
INFO: Xout[206] has 4 components ... connecting
INFO: This should be covered by other voxel (nearby = 18)
INFO: This should be covered by other voxel (nearby = 18)
INFO: This should be covered by other voxel (nearby = 18)
INFO: Xout[207] accepted clean as generated
INFO: Xout[208] has 18 components ... connecting
INFO: This should be covered by other voxel (nearby = 192)
INFO: This should be covered by other voxel (nearby = 1088)
INFO: This should be covered by other voxel (nearby = 16400)
INFO: This should be covered by other voxel (nearby = 16400)
INFO: This should be covered by other voxel (nearby = 192)
INFO: This should be covered by other voxel (nearby = 1088)
INFO: This should be covered by other voxel (nearby = 66)
INFO: This should be covered by other voxel (nearby = 24576)
INFO: Xout[209] has 2 components ... connecting
INFO: Xout[210] has 3 components ... connecting
INFO: This should be covered by other voxel (nearby = 10)
INFO: This should be covered by other voxel (nearby = 10)
INFO: This should be covered by other voxel (nearby = 10)
INFO: This should be covered by other voxel (nearby = 10)
INFO: Xout[211] has 16 components ... connecting
INFO: This should be covered by other voxel (nearby = 6)
INFO: This should be covered by other voxel (nearby = 260)
INFO: This should be covered by other voxel (nearby = 6144)
INFO: This should be covered by other voxel (nearby = 12288)
INFO: This should be covered by other voxel (nearby = 2052)
INFO: This should be covered by other voxel (nearby = 6144)
INFO: This should be covered by other voxel (nearby = 12288)
INFO: This should be covered by other voxel (nearby = 16388)
INFO: This should be covered by other voxel (nearby = 8196)
INFO: This should be covered by other voxel (nearby = 32772)
INFO: Xout[212] has 2 components ... connecting
INFO: Xout[213] accepted clean as generated
INFO: Xout[214] has 9 components ... connecting
INFO: This should be covered by other voxel (nearby = 514)
INFO: This should be covered by other voxel (nearby = 514)
INFO: This should be covered by other voxel (nearby = 514)
INFO: Xout[215] accepted clean as generated
INFO: Xout[216] has 6 components ... connecting
INFO: This should be covered by other voxel (nearby = 34)
INFO: This should be covered by other voxel (nearby = 96)
INFO: This should be covered by other voxel (nearby = 96)
INFO: Xout[217] has 3 components ... connecting
INFO: This should be covered by other voxel (nearby = 6)
INFO: This should be covered by other voxel (nearby = 6)
INFO: This should be covered by other voxel (nearby = 6)
INFO: Xout[218] has 3 components ... connecting
INFO: This should be covered by other voxel (nearby = 10)
INFO: This should be covered by other voxel (nearby = 10)
INFO: Xout[219] has 4 components ... connecting
INFO: Xout[220] has 4 components ... connecting
INFO: This should be covered by other voxel (nearby = 10)
INFO: This should be covered by other voxel (nearby = 10)
INFO: Xout[221] has 3 components ... connecting
INFO: This should be covered by other voxel (nearby = 10)
INFO: This should be covered by other voxel (nearby = 10)
INFO: This should be covered by other voxel (nearby = 10)
INFO: This should be covered by other voxel (nearby = 10)
INFO: This should be covered by other voxel (nearby = 10)
INFO: Xout[222] accepted clean as generated
INFO: Xout[223] has 5 components ... connecting
INFO: Xout[224] has 2 components ... connecting
INFO: Xout[225] accepted clean as generated
INFO: Xout[226] has 4 components ... connecting
INFO: This should be covered by other voxel (nearby = 10)
INFO: This should be covered by other voxel (nearby = 10)
INFO: Xout[227] accepted clean as generated
INFO: Xout[228] accepted clean as generated
INFO: Xout[229] has 2 components ... connecting
INFO: Xout[230] has 4 components ... connecting
INFO: This should be covered by other voxel (nearby = 6)
INFO: This should be covered by other voxel (nearby = 6)
INFO: Xout[231] accepted clean as generated
INFO: Xout[232] has 6 components ... connecting
INFO: This should be covered by other voxel (nearby = 6)
INFO: Xout[233] accepted clean as generated
INFO: Xout[234] has 2 components ... connecting
INFO: Xout[235] has 3 components ... connecting
INFO: Xout[236] accepted clean as generated
INFO: Xout[237] has 3 components ... connecting
INFO: Xout[238] has 9 components ... connecting
INFO: Xout[239] has 2 components ... connecting
INFO: This should be covered by other voxel (nearby = 6)
INFO: This should be covered by other voxel (nearby = 6)
INFO: Xout[240] has 2 components ... connecting
INFO: Xout[241] has 8 components ... connecting
INFO: This should be covered by other voxel (nearby = 20)
INFO: This should be covered by other voxel (nearby = 48)
INFO: This should be covered by other voxel (nearby = 48)
INFO: This should be covered by other voxel (nearby = 272)
INFO: This should be covered by other voxel (nearby = 48)
INFO: This should be covered by other voxel (nearby = 272)
INFO: This should be covered by other voxel (nearby = 48)
INFO: This should be covered by other voxel (nearby = 272)
INFO: Xout[242] has 4 components ... connecting
INFO: Xout[243] accepted clean as generated
INFO: Xout[244] has 3 components ... connecting
INFO: Xout[245] has 9 components ... connecting
INFO: This should be covered by other voxel (nearby = 130)
INFO: This should be covered by other voxel (nearby = 130)
INFO: This should be covered by other voxel (nearby = 34)
INFO: This should be covered by other voxel (nearby = 130)
INFO: Xout[246] has 8 components ... connecting
INFO: This should be covered by other voxel (nearby = 12)
INFO: This should be covered by other voxel (nearby = 40)
INFO: This should be covered by other voxel (nearby = 40)
INFO: This should be covered by other voxel (nearby = 12)
INFO: This should be covered by other voxel (nearby = 12)
INFO: This should be covered by other voxel (nearby = 40)
INFO: Xout[247] has 4 components ... connecting
INFO: Xout[248] has 3 components ... connecting
INFO: Xout[249] has 4 components ... connecting
INFO: This should be covered by other voxel (nearby = 24)
INFO: Xout[250] accepted clean as generated
INFO: Xout[251] accepted clean as generated
INFO: Xout[252] accepted clean as generated
INFO: Xout[253] has 3 components ... connecting
INFO: Xout[254] accepted clean as generated
INFO: Xout[255] has 5 components ... connecting
INFO: Xout[256] accepted clean as generated
INFO: Xout[257] accepted clean as generated
INFO: Xout[258] has 9 components ... connecting
INFO: This should be covered by other voxel (nearby = 6)
INFO: This should be covered by other voxel (nearby = 192)
INFO: This should be covered by other voxel (nearby = 768)
INFO: This should be covered by other voxel (nearby = 258)
INFO: This should be covered by other voxel (nearby = 768)
INFO: This should be covered by other voxel (nearby = 768)
INFO: This should be covered by other voxel (nearby = 66)
INFO: This should be covered by other voxel (nearby = 192)
INFO: This should be covered by other voxel (nearby = 258)
INFO: This should be covered by other voxel (nearby = 768)
INFO: Xout[259] has 9 components ... connecting
INFO: This should be covered by other voxel (nearby = 34)
INFO: This should be covered by other voxel (nearby = 130)
INFO: This should be covered by other voxel (nearby = 130)
INFO: This should be covered by other voxel (nearby = 130)
INFO: This should be covered by other voxel (nearby = 130)
INFO: Xout[260] has 2 components ... connecting
INFO: Xout[261] has 2 components ... connecting
INFO: Xout[262] has 4 components ... connecting
INFO: Xout[263] has 3 components ... connecting
INFO: Xout[264] has 3 components ... connecting
INFO: This should be covered by other voxel (nearby = 12)
INFO: This should be covered by other voxel (nearby = 12)
INFO: Xout[265] has 8 components ... connecting
INFO: This should be covered by other voxel (nearby = 12)
INFO: This should be covered by other voxel (nearby = 36)
INFO: This should be covered by other voxel (nearby = 20)
INFO: This should be covered by other voxel (nearby = 36)
INFO: Xout[266] has 6 components ... connecting
INFO: Xout[267] accepted clean as generated
INFO: Xout[268] has 3 components ... connecting
INFO: Xout[269] accepted clean as generated
INFO: Xout[270] accepted clean as generated
INFO: Xout[271] accepted clean as generated
INFO: Xout[272] has 34 components ... connecting
INFO: This should be covered by other voxel (nearby = 24)
INFO: This should be covered by other voxel (nearby = 24)
INFO: This should be covered by other voxel (nearby = 80)
INFO: This should be covered by other voxel (nearby = 12)
INFO: This should be covered by other voxel (nearby = 72)
INFO: This should be covered by other voxel (nearby = 72)
INFO: This should be covered by other voxel (nearby = 520)
INFO: This should be covered by other voxel (nearby = 520)
INFO: This should be covered by other voxel (nearby = 520)
INFO: This should be covered by other voxel (nearby = 520)
INFO: This should be covered by other voxel (nearby = 1032)
INFO: This should be covered by other voxel (nearby = 32776)
INFO: This should be covered by other voxel (nearby = 32776)
INFO: This should be covered by other voxel (nearby = 32776)
INFO: This should be covered by other voxel (nearby = 1572864)
INFO: This should be covered by other voxel (nearby = 32776)
INFO: This should be covered by other voxel (nearby = 32776)
INFO: This should be covered by other voxel (nearby = 4194312)
INFO: This should be covered by other voxel (nearby = 4194312)
INFO: This should be covered by other voxel (nearby = 1572864)
INFO: This should be covered by other voxel (nearby = 1572864)
INFO: This should be covered by other voxel (nearby = 4194312)
INFO: This should be covered by other voxel (nearby = 1073741832)
INFO: This should be covered by other voxel (nearby = 1342177280)
INFO: This should be covered by other voxel (nearby = 1073741832)
INFO: This should be covered by other voxel (nearby = 1342177280)
INFO: This should be covered by other voxel (nearby = 1342177280)
INFO: This should be covered by other voxel (nearby = 2415919104)
INFO: This should be covered by other voxel (nearby = 4563402752)
INFO: This should be covered by other voxel (nearby = 6442450944)
INFO: This should be covered by other voxel (nearby = 6442450944)
INFO: This should be covered by other voxel (nearby = 6442450944)
INFO: Xout[273] has 2 components ... connecting
INFO: Xout[274] accepted clean as generated
INFO: Xout[275] has 5 components ... connecting
INFO: Xout[276] has 2 components ... connecting
INFO: Xout[277] has 4 components ... connecting
INFO: This should be covered by other voxel (nearby = 6)
INFO: This should be covered by other voxel (nearby = 6)
INFO: This should be covered by other voxel (nearby = 10)
INFO: This should be covered by other voxel (nearby = 6)
INFO: This should be covered by other voxel (nearby = 10)
INFO: This should be covered by other voxel (nearby = 10)
INFO: Xout[278] has 2 components ... connecting
INFO: Xout[279] has 2 components ... connecting
INFO: Xout[280] has 6 components ... connecting
INFO: This should be covered by other voxel (nearby = 24)
INFO: This should be covered by other voxel (nearby = 24)
INFO: This should be covered by other voxel (nearby = 24)
INFO: This should be covered by other voxel (nearby = 24)
INFO: Xout[281] has 2 components ... connecting
INFO: Xout[282] has 3 components ... connecting
INFO: Xout[283] accepted clean as generated
INFO: Xout[284] accepted clean as generated
INFO: Xout[285] has 4 components ... connecting
INFO: Xout[286] has 2 components ... connecting
INFO: Xout[287] accepted clean as generated
INFO: Xout[288] has 3 components ... connecting
INFO: This should be covered by other voxel (nearby = 6)
INFO: This should be covered by other voxel (nearby = 6)
INFO: This should be covered by other voxel (nearby = 10)
INFO: This should be covered by other voxel (nearby = 10)
INFO: Xout[289] accepted clean as generated
INFO: Xout[290] has 7 components ... connecting
INFO: This should be covered by other voxel (nearby = 24)
INFO: This should be covered by other voxel (nearby = 24)
INFO: This should be covered by other voxel (nearby = 24)
INFO: This should be covered by other voxel (nearby = 24)
INFO: This should be covered by other voxel (nearby = 66)
INFO: This should be covered by other voxel (nearby = 66)
INFO: This should be covered by other voxel (nearby = 34)
INFO: This should be covered by other voxel (nearby = 66)
INFO: This should be covered by other voxel (nearby = 34)
INFO: This should be covered by other voxel (nearby = 34)
INFO: This should be covered by other voxel (nearby = 66)
INFO: This should be covered by other voxel (nearby = 66)
INFO: Xout[291] has 2 components ... connecting
INFO: Xout[292] accepted clean as generated
INFO: Xout[293] has 4 components ... connecting
INFO: Xout[294] has 3 components ... connecting
INFO: This should be covered by other voxel (nearby = 10)
INFO: This should be covered by other voxel (nearby = 10)
INFO: This should be covered by other voxel (nearby = 10)
INFO: Xout[295] has 2 components ... connecting
INFO: Xout[296] accepted clean as generated
INFO: Xout[297] accepted clean as generated
INFO: Xout[298] has 4 components ... connecting
INFO: This should be covered by other voxel (nearby = 6)
INFO: This should be covered by other voxel (nearby = 6)
INFO: This should be covered by other voxel (nearby = 6)
INFO: This should be covered by other voxel (nearby = 6)
INFO: Xout[299] has 2 components ... connecting
INFO: Xout[300] has 3 components ... connecting
INFO: This should be covered by other voxel (nearby = 12)
INFO: Xout[301] has 3 components ... connecting
INFO: Xout[302] has 3 components ... connecting
INFO: This should be covered by other voxel (nearby = 12)
INFO: This should be covered by other voxel (nearby = 12)
INFO: Xout[303] has 2 components ... connecting
INFO: Xout[304] accepted clean as generated
INFO: Xout[305] has 2 components ... connecting
INFO: Xout[306] has 5 components ... connecting
INFO: Xout[307] has 2 components ... connecting
INFO: Xout[308] has 4 components ... connecting
INFO: This should be covered by other voxel (nearby = 20)
INFO: This should be covered by other voxel (nearby = 6)
INFO: This should be covered by other voxel (nearby = 20)
INFO: Xout[309] has 2 components ... connecting
INFO: Xout[310] has 4 components ... connecting
INFO: Xout[311] has 7 components ... connecting
INFO: This should be covered by other voxel (nearby = 6)
INFO: This should be covered by other voxel (nearby = 34)
INFO: This should be covered by other voxel (nearby = 66)
INFO: This should be covered by other voxel (nearby = 34)
INFO: This should be covered by other voxel (nearby = 66)
INFO: This should be covered by other voxel (nearby = 34)
INFO: This should be covered by other voxel (nearby = 66)
INFO: Xout[312] has 2 components ... connecting
INFO: Xout[313] has 5 components ... connecting
INFO: Xout[314] has 10 components ... connecting
INFO: Xout[315] has 2 components ... connecting
INFO: Xout[316] has 2 components ... connecting
INFO: Xout[317] has 3 components ... connecting
INFO: This should be covered by other voxel (nearby = 10)
INFO: This should be covered by other voxel (nearby = 10)
INFO: This should be covered by other voxel (nearby = 10)
INFO: Xout[318] has 19 components ... connecting
INFO: This should be covered by other voxel (nearby = 6)
INFO: This should be covered by other voxel (nearby = 6)
INFO: This should be covered by other voxel (nearby = 18)
INFO: This should be covered by other voxel (nearby = 18)
INFO: This should be covered by other voxel (nearby = 524290)
INFO: Xout[319] accepted clean as generated
INFO: Xout[320] has 3 components ... connecting
INFO: Xout[321] accepted clean as generated
INFO: Xout[322] accepted clean as generated
INFO: Xout[323] has 2 components ... connecting
INFO: This should be covered by other voxel (nearby = 6)
INFO: This should be covered by other voxel (nearby = 6)
INFO: Xout[324] has 3 components ... connecting
INFO: Xout[325] has 7 components ... connecting
INFO: This should be covered by other voxel (nearby = 10)
INFO: This should be covered by other voxel (nearby = 18)
INFO: This should be covered by other voxel (nearby = 10)
INFO: This should be covered by other voxel (nearby = 10)
INFO: This should be covered by other voxel (nearby = 18)
INFO: Xout[326] has 5 components ... connecting
INFO: This should be covered by other voxel (nearby = 20)
INFO: This should be covered by other voxel (nearby = 20)
INFO: Xout[327] has 10 components ... connecting
INFO: This should be covered by other voxel (nearby = 6)
INFO: This should be covered by other voxel (nearby = 132)
INFO: This should be covered by other voxel (nearby = 6)
INFO: This should be covered by other voxel (nearby = 6)
INFO: This should be covered by other voxel (nearby = 132)
INFO: Xout[328] has 11 components ... connecting
INFO: This should be covered by other voxel (nearby = 6)
INFO: This should be covered by other voxel (nearby = 48)
INFO: This should be covered by other voxel (nearby = 130)
INFO: This should be covered by other voxel (nearby = 130)
INFO: This should be covered by other voxel (nearby = 130)
INFO: This should be covered by other voxel (nearby = 6)
INFO: This should be covered by other voxel (nearby = 48)
INFO: This should be covered by other voxel (nearby = 514)
INFO: This should be covered by other voxel (nearby = 130)
INFO: This should be covered by other voxel (nearby = 130)
INFO: This should be covered by other voxel (nearby = 130)
INFO: This should be covered by other voxel (nearby = 514)
INFO: Xout[329] has 18 components ... connecting
INFO: This should be covered by other voxel (nearby = 6)
INFO: Xout[330] has 2 components ... connecting
INFO: Xout[331] has 10 components ... connecting
INFO: This should be covered by other voxel (nearby = 10)
INFO: This should be covered by other voxel (nearby = 10)
INFO: This should be covered by other voxel (nearby = 136)
INFO: This should be covered by other voxel (nearby = 34)
INFO: This should be covered by other voxel (nearby = 34)
INFO: This should be covered by other voxel (nearby = 258)
INFO: This should be covered by other voxel (nearby = 1026)
INFO: Xout[332] has 6 components ... connecting
INFO: This should be covered by other voxel (nearby = 24)
INFO: This should be covered by other voxel (nearby = 48)
INFO: This should be covered by other voxel (nearby = 24)
INFO: This should be covered by other voxel (nearby = 48)
INFO: This should be covered by other voxel (nearby = 24)
INFO: This should be covered by other voxel (nearby = 48)
INFO: This should be covered by other voxel (nearby = 24)
INFO: This should be covered by other voxel (nearby = 48)
INFO: Xout[333] has 3 components ... connecting
INFO: Xout[334] has 5 components ... connecting
INFO: This should be covered by other voxel (nearby = 6)
INFO: This should be covered by other voxel (nearby = 18)
INFO: This should be covered by other voxel (nearby = 6)
INFO: This should be covered by other voxel (nearby = 6)
INFO: This should be covered by other voxel (nearby = 34)
INFO: This should be covered by other voxel (nearby = 34)
INFO: This should be covered by other voxel (nearby = 34)
INFO: Xout[335] has 25 components ... connecting
INFO: This should be covered by other voxel (nearby = 12)
INFO: This should be covered by other voxel (nearby = 12)
INFO: This should be covered by other voxel (nearby = 12)
INFO: This should be covered by other voxel (nearby = 48)
INFO: This should be covered by other voxel (nearby = 12)
INFO: This should be covered by other voxel (nearby = 48)
INFO: This should be covered by other voxel (nearby = 48)
INFO: This should be covered by other voxel (nearby = 20480)
INFO: This should be covered by other voxel (nearby = 10240)
INFO: This should be covered by other voxel (nearby = 10240)
INFO: This should be covered by other voxel (nearby = 6144)
INFO: This should be covered by other voxel (nearby = 67584)
INFO: This should be covered by other voxel (nearby = 20480)
INFO: This should be covered by other voxel (nearby = 10240)
INFO: This should be covered by other voxel (nearby = 10240)
INFO: This should be covered by other voxel (nearby = 6144)
INFO: This should be covered by other voxel (nearby = 67584)
INFO: Xout[336] has 6 components ... connecting
INFO: This should be covered by other voxel (nearby = 96)
INFO: This should be covered by other voxel (nearby = 96)
INFO: Xout[337] has 7 components ... connecting
INFO: Xout[338] accepted clean as generated
INFO: Xout[339] has 5 components ... connecting
INFO: This should be covered by other voxel (nearby = 6)
INFO: This should be covered by other voxel (nearby = 6)
INFO: This should be covered by other voxel (nearby = 6)
INFO: This should be covered by other voxel (nearby = 6)
INFO: This should be covered by other voxel (nearby = 24)
INFO: This should be covered by other voxel (nearby = 24)
INFO: This should be covered by other voxel (nearby = 24)
INFO: Xout[340] has 2 components ... connecting
INFO: Xout[341] has 2 components ... connecting
INFO: Xout[342] has 2 components ... connecting
INFO: Xout[343] accepted clean as generated
INFO: Xout[344] has 7 components ... connecting
INFO: This should be covered by other voxel (nearby = 10)
INFO: This should be covered by other voxel (nearby = 18)
INFO: This should be covered by other voxel (nearby = 18)
INFO: This should be covered by other voxel (nearby = 10)
INFO: This should be covered by other voxel (nearby = 34)
INFO: This should be covered by other voxel (nearby = 66)
INFO: This should be covered by other voxel (nearby = 66)
INFO: This should be covered by other voxel (nearby = 18)
INFO: This should be covered by other voxel (nearby = 18)
INFO: This should be covered by other voxel (nearby = 66)
INFO: This should be covered by other voxel (nearby = 66)
INFO: This should be covered by other voxel (nearby = 18)
INFO: This should be covered by other voxel (nearby = 18)
INFO: This should be covered by other voxel (nearby = 34)
INFO: This should be covered by other voxel (nearby = 66)
INFO: This should be covered by other voxel (nearby = 66)
INFO: Xout[345] accepted clean as generated
INFO: Xout[346] has 8 components ... connecting
INFO: This should be covered by other voxel (nearby = 48)
INFO: This should be covered by other voxel (nearby = 260)
INFO: This should be covered by other voxel (nearby = 48)
INFO: This should be covered by other voxel (nearby = 48)
INFO: This should be covered by other voxel (nearby = 260)
INFO: This should be covered by other voxel (nearby = 48)
INFO: This should be covered by other voxel (nearby = 260)
INFO: Xout[347] accepted clean as generated
INFO: Xout[348] has 7 components ... connecting
INFO: This should be covered by other voxel (nearby = 24)
INFO: This should be covered by other voxel (nearby = 24)
INFO: Xout[349] accepted clean as generated
INFO: Xout[350] has 2 components ... connecting
INFO: Xout[351] has 5 components ... connecting
INFO: This should be covered by other voxel (nearby = 6)
INFO: This should be covered by other voxel (nearby = 6)
INFO: This should be covered by other voxel (nearby = 6)
INFO: Xout[352] accepted clean as generated
INFO: Xout[353] has 4 components ... connecting
INFO: Xout[354] accepted clean as generated
INFO: Xout[355] has 7 components ... connecting
INFO: Xout[356] accepted clean as generated
INFO: Xout[357] has 4 components ... connecting
INFO: This should be covered by other voxel (nearby = 18)
INFO: This should be covered by other voxel (nearby = 18)
INFO: Xout[358] has 5 components ... connecting
INFO: This should be covered by other voxel (nearby = 10)
INFO: This should be covered by other voxel (nearby = 34)
INFO: This should be covered by other voxel (nearby = 10)
INFO: This should be covered by other voxel (nearby = 34)
INFO: Xout[359] accepted clean as generated
INFO: Xout[360] accepted clean as generated
INFO: Xout[361] has 2 components ... connecting
INFO: Xout[362] has 3 components ... connecting
INFO: Xout[363] has 4 components ... connecting
INFO: This should be covered by other voxel (nearby = 20)
INFO: This should be covered by other voxel (nearby = 20)
INFO: This should be covered by other voxel (nearby = 12)
INFO: Xout[364] has 13 components ... connecting
INFO: This should be covered by other voxel (nearby = 18)
INFO: This should be covered by other voxel (nearby = 4104)
INFO: This should be covered by other voxel (nearby = 4104)
INFO: This should be covered by other voxel (nearby = 4104)
INFO: This should be covered by other voxel (nearby = 18)
INFO: This should be covered by other voxel (nearby = 272)
INFO: This should be covered by other voxel (nearby = 514)
INFO: This should be covered by other voxel (nearby = 18)
INFO: Xout[365] accepted clean as generated
INFO: Xout[366] accepted clean as generated
INFO: Xout[367] has 3 components ... connecting
INFO: This should be covered by other voxel (nearby = 12)
INFO: This should be covered by other voxel (nearby = 12)
INFO: This should be covered by other voxel (nearby = 12)
INFO: This should be covered by other voxel (nearby = 12)
INFO: This should be covered by other voxel (nearby = 12)
INFO: This should be covered by other voxel (nearby = 12)
INFO: Xout[368] has 2 components ... connecting
INFO: This should be covered by other voxel (nearby = 6)
INFO: This should be covered by other voxel (nearby = 6)
INFO: Xout[369] has 5 components ... connecting
INFO: This should be covered by other voxel (nearby = 6)
INFO: Xout[370] has 2 components ... connecting
INFO: Xout[371] has 7 components ... connecting
INFO: This should be covered by other voxel (nearby = 6)
INFO: This should be covered by other voxel (nearby = 18)
INFO: This should be covered by other voxel (nearby = 96)
INFO: This should be covered by other voxel (nearby = 6)
INFO: This should be covered by other voxel (nearby = 96)
INFO: This should be covered by other voxel (nearby = 18)
INFO: This should be covered by other voxel (nearby = 130)
INFO: This should be covered by other voxel (nearby = 130)
INFO: This should be covered by other voxel (nearby = 130)
INFO: This should be covered by other voxel (nearby = 18)
INFO: This should be covered by other voxel (nearby = 96)
INFO: This should be covered by other voxel (nearby = 130)
INFO: This should be covered by other voxel (nearby = 130)
INFO: This should be covered by other voxel (nearby = 130)
INFO: Xout[372] has 4 components ... connecting
INFO: Xout[373] has 3 components ... connecting