Starting network training
INFO: iteration 50: 250404.703125
INFO: iteration 100: 32485.939453125
INFO: iteration 150: 18038.54296875
INFO: iteration 200: 12042.1435546875
INFO: iteration 250: 8949.8193359375
INFO: iteration 300: 8204.0068359375
INFO: iteration 350: 7835.12744140625
INFO: iteration 400: 8128.939453125
INFO: iteration 450: 8295.3701171875
INFO: iteration 500: 10452.0390625
INFO: iteration 550: 7924.64794921875
INFO: iteration 600: 6435.79931640625
INFO: iteration 650: 6055.55322265625
INFO: iteration 700: 7285.33251953125
INFO: iteration 750: 6363.48828125
INFO: iteration 800: 10091.5185546875
INFO: iteration 850: 7596.83544921875
INFO: iteration 900: 6906.255859375
INFO: iteration 950: 6882.4765625
INFO: iteration 1000: 5362.904296875
INFO: iteration 1050: 7892.35400390625
INFO: iteration 1100: 6700.90625
INFO: iteration 1150: 9160.365234375
INFO: iteration 1200: 7211.40576171875
INFO: iteration 1250: 6157.7939453125
INFO: iteration 1300: 6629.4892578125
INFO: iteration 1350: 6622.96044921875
INFO: iteration 1400: 6869.93212890625
INFO: iteration 1450: 10213.8369140625
INFO: iteration 1500: 7029.3701171875
INFO: iteration 1550: 6438.9130859375
INFO: iteration 1600: 5406.87451171875
INFO: iteration 1650: 6711.12109375
INFO: iteration 1700: 6218.05859375
INFO: iteration 1750: 8693.935546875
INFO: iteration 1800: 7939.6171875
INFO: iteration 1850: 5862.44873046875
INFO: iteration 1900: 5587.3671875
INFO: iteration 1950: 6457.91015625
INFO: iteration 2000: 7279.6328125
INFO: iteration 2050: 5616.98876953125
INFO: iteration 2100: 8912.8662109375
INFO: iteration 2150: 6439.330078125
INFO: iteration 2200: 5434.072265625
INFO: iteration 2250: 6150.39794921875
INFO: iteration 2300: 5238.46875
INFO: iteration 2350: 6696.0380859375
INFO: iteration 2400: 7348.95263671875
INFO: iteration 2450: 6455.76318359375
INFO: iteration 2500: 6251.59423828125
INFO: iteration 2550: 4804.00390625
INFO: iteration 2600: 4399.70703125
INFO: iteration 2650: 6202.42041015625
INFO: iteration 2700: 7379.55859375
INFO: iteration 2750: 6039.59619140625
INFO: iteration 2800: 4818.58203125
INFO: iteration 2850: 5002.67529296875
INFO: iteration 2900: 5024.97119140625
INFO: iteration 2950: 5554.64208984375
INFO: iteration 3000: 5564.10693359375
INFO: iteration 3050: 6998.76513671875
INFO: iteration 3100: 5431.9501953125
INFO: iteration 3150: 4494.275390625
INFO: iteration 3200: 4422.85693359375
INFO: iteration 3250: 5128.54931640625
INFO: iteration 3300: 4441.5478515625
INFO: iteration 3350: 6490.91455078125
INFO: iteration 3400: 5089.6826171875
INFO: iteration 3450: 4379.140625
INFO: iteration 3500: 4644.21728515625
INFO: iteration 3550: 3608.717529296875
INFO: iteration 3600: 5182.32275390625
INFO: iteration 3650: 4188.8359375
INFO: iteration 3700: 5471.65673828125
INFO: iteration 3750: 4218.6533203125
INFO: iteration 3800: 3920.43408203125
INFO: iteration 3850: 4339.00146484375
INFO: iteration 3900: 4249.7138671875
INFO: iteration 3950: 4195.46728515625
INFO: iteration 4000: 5628.41845703125
INFO: iteration 4050: 4334.115234375
INFO: iteration 4100: 3829.58837890625
INFO: iteration 4150: 3622.173583984375
INFO: iteration 4200: 4342.07861328125
INFO: iteration 4250: 3982.748291015625
INFO: iteration 4300: 4970.728515625
INFO: iteration 4350: 4738.6904296875
INFO: iteration 4400: 3472.63330078125
INFO: iteration 4450: 3824.34326171875
INFO: iteration 4500: 3885.895263671875
INFO: iteration 4550: 4621.48193359375
INFO: iteration 4600: 3603.716064453125
INFO: iteration 4650: 5196.40185546875
INFO: iteration 4700: 3836.203857421875
INFO: iteration 4750: 3562.966064453125
INFO: iteration 4800: 4201.125
INFO: iteration 4850: 3653.458740234375
INFO: iteration 4900: 4143.169921875
INFO: iteration 4950: 4564.56103515625
INFO: iteration 5000: 4330.04296875
INFO: iteration 5050: 3922.500732421875
INFO: iteration 5100: 3508.43798828125
INFO: iteration 5150: 3258.295654296875
INFO: iteration 5200: 4160.6337890625
INFO: iteration 5250: 4612.7177734375
INFO: iteration 5300: 4112.47216796875
INFO: iteration 5350: 3255.619140625
INFO: iteration 5400: 3494.590576171875
INFO: iteration 5450: 3497.23974609375
INFO: iteration 5500: 3843.487060546875
INFO: iteration 5550: 3586.899658203125
INFO: iteration 5600: 4458.787109375
INFO: iteration 5650: 3628.656005859375
INFO: iteration 5700: 3184.513427734375
INFO: iteration 5750: 3224.341796875
INFO: iteration 5800: 3652.724609375
INFO: iteration 5850: 3065.4375
INFO: iteration 5900: 4375.97021484375
INFO: iteration 5950: 3671.2451171875
INFO: iteration 6000: 3271.356201171875
INFO: iteration 6050: 3529.985595703125
INFO: iteration 6100: 2747.555419921875
INFO: iteration 6150: 3846.843017578125
INFO: iteration 6200: 3162.686279296875
INFO: iteration 6250: 4065.7939453125
INFO: iteration 6300: 3362.36767578125
INFO: iteration 6350: 3081.29052734375
INFO: iteration 6400: 3312.2568359375
INFO: iteration 6450: 3235.230712890625
INFO: iteration 6500: 3151.703857421875
INFO: iteration 6550: 4139.2314453125
INFO: iteration 6600: 3439.382080078125
INFO: iteration 6650: 2982.707763671875
INFO: iteration 6700: 2812.435546875
INFO: iteration 6750: 3289.022705078125
INFO: iteration 6800: 2938.479248046875
INFO: iteration 6850: 3627.705322265625
INFO: iteration 6900: 3484.992919921875
INFO: iteration 6950: 2827.369140625
INFO: iteration 7000: 3021.135986328125
INFO: iteration 7050: 2886.40185546875
INFO: iteration 7100: 3269.44287109375
INFO: iteration 7150: 2786.1103515625
INFO: iteration 7200: 3737.021484375
INFO: iteration 7250: 2954.516357421875
INFO: iteration 7300: 2666.3359375
INFO: iteration 7350: 3135.70947265625
INFO: iteration 7400: 2717.009521484375
INFO: iteration 7450: 3007.2236328125
INFO: iteration 7500: 3216.904541015625
INFO: iteration 7550: 3217.06396484375
INFO: iteration 7600: 2871.55419921875
INFO: iteration 7650: 2625.92333984375
INFO: iteration 7700: 2496.326171875
INFO: iteration 7750: 2992.364013671875
INFO: iteration 7800: 3223.524658203125
INFO: iteration 7850: 3139.719482421875
INFO: iteration 7900: 2409.88330078125
INFO: iteration 7950: 2612.431396484375
INFO: iteration 8000: 2610.140869140625
INFO: iteration 8050: 2872.966064453125
INFO: iteration 8100: 2650.76025390625
INFO: iteration 8150: 3153.968994140625
INFO: iteration 8200: 2703.796142578125
INFO: iteration 8250: 2320.5107421875
INFO: iteration 8300: 2444.71630859375
INFO: iteration 8350: 2731.111328125
INFO: iteration 8400: 2301.627197265625
INFO: iteration 8450: 3000.15869140625
INFO: iteration 8500: 2682.15380859375
INFO: iteration 8550: 2303.87841796875
INFO: iteration 8600: 2534.025146484375
INFO: iteration 8650: 2057.612060546875
INFO: iteration 8700: 2790.7783203125
INFO: iteration 8750: 2313.818359375
INFO: iteration 8800: 2737.6962890625
INFO: iteration 8850: 2323.251953125
INFO: iteration 8900: 2205.58349609375
INFO: iteration 8950: 2420.388671875
INFO: iteration 9000: 2344.723388671875
INFO: iteration 9050: 2220.71533203125
INFO: iteration 9100: 2648.959228515625
INFO: iteration 9150: 2480.2734375
INFO: iteration 9200: 2042.380615234375
INFO: iteration 9250: 2168.29541015625
INFO: iteration 9300: 2319.707763671875
INFO: iteration 9350: 2220.2431640625
INFO: iteration 9400: 2426.828857421875
INFO: iteration 9450: 2425.389892578125
INFO: iteration 9500: 1932.2227783203125
INFO: iteration 9550: 2263.190185546875
INFO: iteration 9600: 2003.4791259765625
INFO: iteration 9650: 2400.750732421875
INFO: iteration 9700: 2033.4117431640625
INFO: iteration 9750: 2448.260498046875
INFO: iteration 9800: 2063.135498046875
INFO: iteration 9850: 1882.41845703125
INFO: iteration 9900: 2299.655029296875
INFO: iteration 9950: 2014.7135009765625
INFO: iteration 10000: 2070.49365234375
INFO: iteration 10050: 2159.62060546875
INFO: iteration 10100: 2281.032470703125
INFO: iteration 10150: 1880.424072265625
INFO: iteration 10200: 1981.4591064453125
INFO: iteration 10250: 1839.338623046875
INFO: iteration 10300: 2189.402587890625
INFO: iteration 10350: 2097.62158203125
INFO: iteration 10400: 2147.640869140625
INFO: iteration 10450: 1762.4937744140625
INFO: iteration 10500: 1921.447509765625
INFO: iteration 10550: 1895.9393310546875
INFO: iteration 10600: 2082.228271484375
INFO: iteration 10650: 1825.49462890625
INFO: iteration 10700: 2095.742919921875
INFO: iteration 10750: 1931.7757568359375
INFO: iteration 10800: 1698.43115234375
INFO: iteration 10850: 1848.5450439453125
INFO: iteration 10900: 1945.65576171875
INFO: iteration 10950: 1692.578369140625
INFO: iteration 11000: 2053.541748046875
INFO: iteration 11050: 1936.76611328125
INFO: iteration 11100: 1642.3494873046875
INFO: iteration 11150: 1876.9493408203125
INFO: iteration 11200: 1549.997314453125
INFO: iteration 11250: 2006.0113525390625
INFO: iteration 11300: 1657.8018798828125
INFO: iteration 11350: 1944.069580078125
INFO: iteration 11400: 1679.3553466796875
INFO: iteration 11450: 1616.6094970703125
INFO: iteration 11500: 1767.6485595703125
INFO: iteration 11550: 1706.42333984375
INFO: iteration 11600: 1591.975830078125
INFO: iteration 11650: 1867.25634765625
INFO: iteration 11700: 1783.8157958984375
INFO: iteration 11750: 1483.76513671875
INFO: iteration 11800: 1631.4893798828125
INFO: iteration 11850: 1675.924072265625
INFO: iteration 11900: 1639.798828125
INFO: iteration 11950: 1716.491943359375
INFO: iteration 12000: 1736.1336669921875
INFO: iteration 12050: 1427.851318359375
INFO: iteration 12100: 1650.417236328125
INFO: iteration 12150: 1472.160400390625
INFO: iteration 12200: 1710.1923828125
INFO: iteration 12250: 1505.1031494140625
INFO: iteration 12300: 1730.576416015625
INFO: iteration 12350: 1501.8941650390625
INFO: iteration 12400: 1393.9935302734375
INFO: iteration 12450: 1661.30810546875
INFO: iteration 12500: 1485.2547607421875
INFO: iteration 12550: 1473.7183837890625
INFO: iteration 12600: 1570.586669921875
INFO: iteration 12650: 1654.26611328125
INFO: iteration 12700: 1348.50537109375
INFO: iteration 12750: 1477.2056884765625
INFO: iteration 12800: 1376.9990234375
INFO: iteration 12850: 1573.9742431640625
INFO: iteration 12900: 1499.441162109375
INFO: iteration 12950: 1580.43896484375
INFO: iteration 13000: 1311.657470703125
INFO: iteration 13050: 1444.7371826171875
INFO: iteration 13100: 1376.204833984375
INFO: iteration 13150: 1501.87158203125
INFO: iteration 13200: 1344.0108642578125
INFO: iteration 13250: 1555.524169921875
INFO: iteration 13300: 1414.755126953125
INFO: iteration 13350: 1264.9732666015625
INFO: iteration 13400: 1379.7640380859375
INFO: iteration 13450: 1435.511474609375
INFO: iteration 13500: 1259.7080078125
INFO: iteration 13550: 1520.0897216796875
INFO: iteration 13600: 1439.50537109375
INFO: iteration 13650: 1231.3939208984375
INFO: iteration 13700: 1403.75341796875
INFO: iteration 13750: 1167.807861328125
INFO: iteration 13800: 1465.9739990234375
INFO: iteration 13850: 1257.3812255859375
INFO: iteration 13900: 1463.2308349609375
INFO: iteration 13950: 1284.237548828125
INFO: iteration 14000: 1229.7181396484375
INFO: iteration 14050: 1321.0213623046875
INFO: iteration 14100: 1270.462158203125
INFO: iteration 14150: 1199.8760986328125
INFO: iteration 14200: 1432.2987060546875
INFO: iteration 14250: 1335.6077880859375
INFO: iteration 14300: 1131.8056640625
INFO: iteration 14350: 1257.6141357421875
INFO: iteration 14400: 1259.849365234375
INFO: iteration 14450: 1246.992431640625
INFO: iteration 14500: 1314.2003173828125
INFO: iteration 14550: 1304.353515625
INFO: iteration 14600: 1120.288818359375
INFO: iteration 14650: 1272.66064453125
INFO: iteration 14700: 1115.6156005859375
INFO: iteration 14750: 1282.2657470703125
INFO: iteration 14800: 1171.4781494140625
INFO: iteration 14850: 1327.377685546875
INFO: iteration 14900: 1167.726318359375
INFO: iteration 14950: 1090.0867919921875
INFO: iteration 15000: 1265.00244140625
INFO: iteration 15050: 1138.54052734375
INFO: iteration 15100: 1125.64697265625
INFO: iteration 15150: 1236.591796875
INFO: iteration 15200: 1248.0760498046875
INFO: iteration 15250: 1045.0633544921875
INFO: iteration 15300: 1169.0787353515625
INFO: iteration 15350: 1054.492919921875
INFO: iteration 15400: 1202.6553955078125
INFO: iteration 15450: 1160.02392578125
INFO: iteration 15500: 1208.2320556640625
INFO: iteration 15550: 1039.9493408203125
INFO: iteration 15600: 1138.0166015625
INFO: iteration 15650: 1052.298828125
INFO: iteration 15700: 1146.2515869140625
INFO: iteration 15750: 1053.467041015625
INFO: iteration 15800: 1196.705078125
INFO: iteration 15850: 1088.376220703125
INFO: iteration 15900: 994.9363403320312
INFO: iteration 15950: 1080.9796142578125
INFO: iteration 16000: 1109.6324462890625
INFO: iteration 16050: 982.383056640625
INFO: iteration 16100: 1184.4034423828125
INFO: iteration 16150: 1097.46875
INFO: iteration 16200: 974.7952880859375
INFO: iteration 16250: 1105.3079833984375
INFO: iteration 16300: 910.1104125976562
INFO: iteration 16350: 1133.5697021484375
INFO: iteration 16400: 993.6264038085938
INFO: iteration 16450: 1106.68896484375
INFO: iteration 16500: 1016.42138671875
INFO: iteration 16550: 978.2149658203125
INFO: iteration 16600: 1024.1806640625
INFO: iteration 16650: 993.2679443359375
INFO: iteration 16700: 935.8602294921875
INFO: iteration 16750: 1110.2685546875
INFO: iteration 16800: 1028.710205078125
INFO: iteration 16850: 893.7269287109375
INFO: iteration 16900: 1002.2916259765625
INFO: iteration 16950: 975.0114135742188
INFO: iteration 17000: 979.302490234375
INFO: iteration 17050: 1022.1512451171875
INFO: iteration 17100: 1001.3772583007812
INFO: iteration 17150: 890.3670043945312
INFO: iteration 17200: 1014.7888793945312
INFO: iteration 17250: 858.8363647460938
INFO: iteration 17300: 1013.8152465820312
INFO: iteration 17350: 922.666015625
INFO: iteration 17400: 1013.8549194335938
INFO: iteration 17450: 901.2188720703125
INFO: iteration 17500: 870.9452514648438
INFO: iteration 17550: 987.6721801757812
INFO: iteration 17600: 904.458740234375
INFO: iteration 17650: 870.0945434570312
INFO: iteration 17700: 965.31787109375
INFO: iteration 17750: 957.5977172851562
INFO: iteration 17800: 815.2659301757812
INFO: iteration 17850: 940.970703125
INFO: iteration 17900: 828.8211059570312
INFO: iteration 17950: 941.6148071289062
INFO: iteration 18000: 892.0020751953125
INFO: iteration 18050: 928.9818725585938
INFO: iteration 18100: 819.2355346679688
INFO: iteration 18150: 913.4190063476562
INFO: iteration 18200: 822.9252319335938
INFO: iteration 18250: 909.0504760742188
INFO: iteration 18300: 810.9444580078125
INFO: iteration 18350: 919.4810791015625
INFO: iteration 18400: 846.0826416015625
INFO: iteration 18450: 794.0379028320312
INFO: iteration 18500: 866.2581176757812
INFO: iteration 18550: 873.5807495117188
INFO: iteration 18600: 762.28125
INFO: iteration 18650: 916.602294921875
INFO: iteration 18700: 850.4378051757812
INFO: iteration 18750: 764.3074951171875
INFO: iteration 18800: 886.7713623046875
INFO: iteration 18850: 716.4406127929688
INFO: iteration 18900: 892.2533569335938
INFO: iteration 18950: 775.6356201171875
INFO: iteration 19000: 847.2455444335938
INFO: iteration 19050: 794.1944580078125
INFO: iteration 19100: 784.681640625
INFO: iteration 19150: 809.5325317382812
INFO: iteration 19200: 792.88134765625
INFO: iteration 19250: 725.4852905273438
INFO: iteration 19300: 854.0941772460938
INFO: iteration 19350: 798.7388916015625
INFO: iteration 19400: 704.7426147460938
INFO: iteration 19450: 813.6675415039062
INFO: iteration 19500: 767.3211059570312
INFO: iteration 19550: 765.4779663085938
INFO: iteration 19600: 789.6300659179688
INFO: iteration 19650: 778.7321166992188
INFO: iteration 19700: 701.361083984375
INFO: iteration 19750: 819.3408813476562
INFO: iteration 19800: 674.6510009765625
INFO: iteration 19850: 804.495849609375
INFO: iteration 19900: 726.4986572265625
INFO: iteration 19950: 785.1433715820312
INFO: iteration 20000: 701.36181640625
INFO: iteration 20050: 696.2072143554688
INFO: iteration 20100: 792.793701171875
INFO: iteration 20150: 732.9243774414062
INFO: iteration 20200: 671.7532958984375
INFO: iteration 20250: 757.1525268554688
INFO: iteration 20300: 749.2291259765625
INFO: iteration 20350: 637.3394775390625
INFO: iteration 20400: 763.3321533203125
INFO: iteration 20450: 674.2236938476562
INFO: iteration 20500: 745.90625
INFO: iteration 20550: 696.2159423828125
INFO: iteration 20600: 724.7144775390625
INFO: iteration 20650: 649.869873046875
INFO: iteration 20700: 737.2083129882812
INFO: iteration 20750: 662.3950805664062
INFO: iteration 20800: 726.3112182617188
INFO: iteration 20850: 639.917236328125
INFO: iteration 20900: 723.48583984375
INFO: iteration 20950: 664.644287109375
INFO: iteration 21000: 630.0323486328125
INFO: iteration 21050: 706.2360229492188
INFO: iteration 21100: 705.2494506835938
INFO: iteration 21150: 609.0860595703125
INFO: iteration 21200: 718.2809448242188
INFO: iteration 21250: 676.4429321289062
INFO: iteration 21300: 608.9408569335938
INFO: iteration 21350: 716.5615234375
INFO: iteration 21400: 585.789794921875
INFO: iteration 21450: 722.7503051757812
INFO: iteration 21500: 614.3269653320312
INFO: iteration 21550: 668.6504516601562
INFO: iteration 21600: 639.3654174804688
INFO: iteration 21650: 627.5432739257812
INFO: iteration 21700: 669.5761108398438
INFO: iteration 21750: 643.9998168945312
INFO: iteration 21800: 581.508056640625
INFO: iteration 21850: 673.9962768554688
INFO: iteration 21900: 641.715087890625
INFO: iteration 21950: 567.296142578125
INFO: iteration 22000: 668.5833129882812
INFO: iteration 22050: 630.9806518554688
INFO: iteration 22100: 626.833251953125
INFO: iteration 22150: 630.1526489257812
INFO: iteration 22200: 626.3681030273438
INFO: iteration 22250: 571.2662353515625
INFO: iteration 22300: 669.5734252929688
INFO: iteration 22350: 555.5641479492188
INFO: iteration 22400: 654.0740356445312
INFO: iteration 22450: 595.8277587890625
INFO: iteration 22500: 626.6610717773438
INFO: iteration 22550: 567.0055541992188
INFO: iteration 22600: 567.8675537109375
INFO: iteration 22650: 659.75146484375
INFO: iteration 22700: 608.3557739257812
INFO: iteration 22750: 546.5833740234375
INFO: iteration 22800: 616.3060302734375
INFO: iteration 22850: 607.1202392578125
INFO: iteration 22900: 517.1036376953125
INFO: iteration 22950: 629.0824584960938
INFO: iteration 23000: 568.6392211914062
INFO: iteration 23050: 614.7553100585938
INFO: iteration 23100: 567.97265625
INFO: iteration 23150: 585.6159057617188
INFO: iteration 23200: 539.2466430664062
INFO: iteration 23250: 611.8666381835938
INFO: iteration 23300: 550.052490234375
INFO: iteration 23350: 607.755859375
INFO: iteration 23400: 529.0226440429688
INFO: iteration 23450: 591.7846069335938
INFO: iteration 23500: 542.5040893554688
INFO: iteration 23550: 522.119384765625
INFO: iteration 23600: 590.2830810546875
INFO: iteration 23650: 589.8558959960938
INFO: iteration 23700: 508.0583190917969
INFO: iteration 23750: 595.1143798828125
INFO: iteration 23800: 555.4923706054688
INFO: iteration 23850: 501.8782653808594
INFO: iteration 23900: 597.01708984375
INFO: iteration 23950: 492.05120849609375
INFO: iteration 24000: 609.939453125
INFO: iteration 24050: 510.2824401855469
INFO: iteration 24100: 549.38525390625
INFO: iteration 24150: 533.9497680664062
INFO: iteration 24200: 525.6477661132812
INFO: iteration 24250: 558.5502319335938
INFO: iteration 24300: 543.2739868164062
INFO: iteration 24350: 488.8418884277344
INFO: iteration 24400: 561.01318359375
INFO: iteration 24450: 533.103759765625
INFO: iteration 24500: 471.5225830078125
INFO: iteration 24550: 559.629638671875
INFO: iteration 24600: 532.005859375
INFO: iteration 24650: 531.461669921875
INFO: iteration 24700: 529.7843627929688
INFO: iteration 24750: 520.9810791015625
INFO: iteration 24800: 474.6542663574219
INFO: iteration 24850: 563.716064453125
INFO: iteration 24900: 464.7342224121094
INFO: iteration 24950: 557.05126953125
INFO: iteration 25000: 507.3473815917969
INFO: Xout[0] accepted clean as generated
INFO: Xout[1] accepted clean as generated
INFO: Xout[2] accepted clean as generated
INFO: Xout[3] accepted clean as generated
INFO: Xout[4] accepted clean as generated
INFO: Xout[5] accepted clean as generated
INFO: Xout[6] accepted clean as generated
INFO: Xout[7] accepted clean as generated
INFO: Xout[8] accepted clean as generated
INFO: Xout[9] has 2 components ... connecting
INFO: Xout[10] accepted clean as generated
INFO: Xout[11] accepted clean as generated
INFO: Xout[12] accepted clean as generated
INFO: Xout[13] has 2 components ... connecting
INFO: Xout[14] has 2 components ... connecting
INFO: Xout[15] accepted clean as generated
INFO: Xout[16] accepted clean as generated
INFO: Xout[17] accepted clean as generated
INFO: Xout[18] accepted clean as generated
INFO: Xout[19] accepted clean as generated
INFO: Xout[20] has 2 components ... connecting
INFO: Xout[21] accepted clean as generated
INFO: Xout[22] accepted clean as generated
INFO: Xout[23] accepted clean as generated
INFO: Xout[24] has 2 components ... connecting
INFO: Xout[25] accepted clean as generated
INFO: Xout[26] accepted clean as generated
INFO: Xout[27] has 3 components ... connecting
INFO: Xout[28] accepted clean as generated
INFO: Xout[29] has 2 components ... connecting
INFO: Xout[30] accepted clean as generated
INFO: Xout[31] accepted clean as generated
INFO: Xout[32] accepted clean as generated
INFO: Xout[33] accepted clean as generated
INFO: Xout[34] accepted clean as generated
INFO: Xout[35] accepted clean as generated
INFO: Xout[36] accepted clean as generated
INFO: Xout[37] accepted clean as generated
INFO: Xout[38] accepted clean as generated
INFO: Xout[39] accepted clean as generated
INFO: Xout[40] accepted clean as generated
INFO: Xout[41] accepted clean as generated
INFO: Xout[42] accepted clean as generated
INFO: Xout[43] accepted clean as generated
INFO: Xout[44] accepted clean as generated
INFO: Xout[45] accepted clean as generated
INFO: Xout[46] has 4 components ... connecting
INFO: Xout[47] accepted clean as generated
INFO: Xout[48] has 2 components ... connecting
INFO: This should be covered by other voxel (nearby = 6)
INFO: This should be covered by other voxel (nearby = 6)
INFO: This should be covered by other voxel (nearby = 6)
INFO: Xout[49] accepted clean as generated
INFO: Xout[50] accepted clean as generated
Images generated: 51, clean: 42, simple: 8, inverted: 0
INFO: Xout[0] has 9 components ... connecting
INFO: This should be covered by other voxel (nearby = 10)
INFO: This should be covered by other voxel (nearby = 12)
INFO: This should be covered by other voxel (nearby = 10)
INFO: This should be covered by other voxel (nearby = 12)
INFO: This should be covered by other voxel (nearby = 130)
INFO: Xout[1] accepted clean as generated
INFO: Xout[2] has 6 components ... connecting
INFO: This should be covered by other voxel (nearby = 80)
INFO: This should be covered by other voxel (nearby = 80)
INFO: This should be covered by other voxel (nearby = 80)
INFO: This should be covered by other voxel (nearby = 80)
INFO: This should be covered by other voxel (nearby = 80)
INFO: This should be covered by other voxel (nearby = 80)
INFO: Xout[3] has 6 components ... connecting
INFO: This should be covered by other voxel (nearby = 6)
INFO: This should be covered by other voxel (nearby = 6)
INFO: This should be covered by other voxel (nearby = 96)
INFO: This should be covered by other voxel (nearby = 96)
INFO: This should be covered by other voxel (nearby = 96)
INFO: This should be covered by other voxel (nearby = 96)
INFO: Xout[4] has 4 components ... connecting
INFO: This should be covered by other voxel (nearby = 24)
INFO: Xout[5] accepted clean as generated
INFO: Xout[6] has 22 components ... connecting
INFO: This should be covered by other voxel (nearby = 1536)
INFO: This should be covered by other voxel (nearby = 1056)
INFO: This should be covered by other voxel (nearby = 68)
INFO: This should be covered by other voxel (nearby = 1056)
INFO: This should be covered by other voxel (nearby = 1536)
INFO: This should be covered by other voxel (nearby = 2112)
INFO: This should be covered by other voxel (nearby = 2112)
INFO: This should be covered by other voxel (nearby = 65538)
INFO: This should be covered by other voxel (nearby = 393216)
INFO: This should be covered by other voxel (nearby = 65538)
INFO: This should be covered by other voxel (nearby = 393216)
INFO: This should be covered by other voxel (nearby = 393216)
INFO: This should be covered by other voxel (nearby = 589824)
INFO: This should be covered by other voxel (nearby = 589824)
INFO: This should be covered by other voxel (nearby = 393216)
INFO: Xout[7] has 17 components ... connecting
INFO: This should be covered by other voxel (nearby = 18)
INFO: This should be covered by other voxel (nearby = 6144)
INFO: This should be covered by other voxel (nearby = 6144)
INFO: This should be covered by other voxel (nearby = 6144)
INFO: This should be covered by other voxel (nearby = 6144)
INFO: This should be covered by other voxel (nearby = 18)
INFO: Xout[8] has 5 components ... connecting
INFO: This should be covered by other voxel (nearby = 40)
INFO: Xout[9] has 2 components ... connecting
INFO: This should be covered by other voxel (nearby = 6)
INFO: This should be covered by other voxel (nearby = 6)
INFO: Xout[10] accepted clean as generated
INFO: Xout[11] has 9 components ... connecting
INFO: This should be covered by other voxel (nearby = 24)
INFO: This should be covered by other voxel (nearby = 132)
INFO: This should be covered by other voxel (nearby = 12)
INFO: This should be covered by other voxel (nearby = 132)
INFO: This should be covered by other voxel (nearby = 20)
INFO: This should be covered by other voxel (nearby = 132)
INFO: This should be covered by other voxel (nearby = 132)
INFO: This should be covered by other voxel (nearby = 260)
INFO: Xout[12] has 3 components ... connecting
INFO: Xout[13] has 3 components ... connecting
INFO: This should be covered by other voxel (nearby = 10)
INFO: This should be covered by other voxel (nearby = 6)
INFO: This should be covered by other voxel (nearby = 6)
INFO: This should be covered by other voxel (nearby = 6)
INFO: Xout[14] accepted clean as generated
INFO: Xout[15] has 7 components ... connecting
INFO: This should be covered by other voxel (nearby = 160)
INFO: Xout[16] has 2 components ... connecting
INFO: This should be covered by other voxel (nearby = 6)
INFO: Xout[17] has 9 components ... connecting
INFO: This should be covered by other voxel (nearby = 6)
INFO: This should be covered by other voxel (nearby = 18)
INFO: This should be covered by other voxel (nearby = 6)
INFO: This should be covered by other voxel (nearby = 18)
INFO: This should be covered by other voxel (nearby = 6)
INFO: This should be covered by other voxel (nearby = 514)
INFO: This should be covered by other voxel (nearby = 514)
INFO: This should be covered by other voxel (nearby = 514)
INFO: This should be covered by other voxel (nearby = 514)
INFO: Xout[18] has 21 components ... connecting
INFO: This should be covered by other voxel (nearby = 264)
INFO: This should be covered by other voxel (nearby = 264)
INFO: This should be covered by other voxel (nearby = 81920)
INFO: This should be covered by other voxel (nearby = 81920)
INFO: This should be covered by other voxel (nearby = 81920)
INFO: This should be covered by other voxel (nearby = 81920)
INFO: Xout[19] accepted clean as generated
INFO: Xout[20] has 2 components ... connecting
INFO: Xout[21] has 7 components ... connecting
INFO: This should be covered by other voxel (nearby = 6)
INFO: This should be covered by other voxel (nearby = 24)
INFO: This should be covered by other voxel (nearby = 24)
INFO: This should be covered by other voxel (nearby = 34)
INFO: This should be covered by other voxel (nearby = 34)
INFO: This should be covered by other voxel (nearby = 24)
INFO: Xout[22] accepted clean as generated
INFO: Xout[23] accepted clean as generated
INFO: Xout[24] has 6 components ... connecting
INFO: Xout[25] has 7 components ... connecting
INFO: This should be covered by other voxel (nearby = 6)
INFO: This should be covered by other voxel (nearby = 34)
INFO: This should be covered by other voxel (nearby = 6)
INFO: This should be covered by other voxel (nearby = 34)
INFO: This should be covered by other voxel (nearby = 34)
INFO: This should be covered by other voxel (nearby = 6)
INFO: This should be covered by other voxel (nearby = 34)
INFO: Xout[26] has 11 components ... connecting
INFO: This should be covered by other voxel (nearby = 24)
INFO: This should be covered by other voxel (nearby = 24)
INFO: This should be covered by other voxel (nearby = 2056)
INFO: This should be covered by other voxel (nearby = 136)
INFO: This should be covered by other voxel (nearby = 2056)
INFO: This should be covered by other voxel (nearby = 136)
INFO: This should be covered by other voxel (nearby = 2056)
INFO: Xout[27] has 2 components ... connecting
INFO: Xout[28] has 4 components ... connecting
INFO: Xout[29] has 9 components ... connecting
INFO: Xout[30] accepted clean as generated
INFO: Xout[31] has 2 components ... connecting
INFO: Xout[32] has 5 components ... connecting
INFO: This should be covered by other voxel (nearby = 6)
INFO: This should be covered by other voxel (nearby = 6)
INFO: This should be covered by other voxel (nearby = 10)
INFO: This should be covered by other voxel (nearby = 10)
INFO: This should be covered by other voxel (nearby = 18)
INFO: This should be covered by other voxel (nearby = 18)
INFO: This should be covered by other voxel (nearby = 48)
INFO: This should be covered by other voxel (nearby = 48)
INFO: This should be covered by other voxel (nearby = 48)
INFO: Xout[33] accepted clean as generated
INFO: Xout[34] has 8 components ... connecting
INFO: This should be covered by other voxel (nearby = 66)
INFO: This should be covered by other voxel (nearby = 130)
INFO: Xout[35] has 2 components ... connecting
INFO: This should be covered by other voxel (nearby = 6)
INFO: This should be covered by other voxel (nearby = 6)
INFO: This should be covered by other voxel (nearby = 6)
INFO: Xout[36] accepted clean as generated
INFO: Xout[37] accepted clean as generated
INFO: Xout[38] has 2 components ... connecting
INFO: Xout[39] has 3 components ... connecting
INFO: This should be covered by other voxel (nearby = 6)
INFO: Xout[40] has 2 components ... connecting
INFO: Xout[41] has 2 components ... connecting
INFO: Xout[42] accepted clean as generated
INFO: Xout[43] has 8 components ... connecting
INFO: Xout[44] has 2 components ... connecting
INFO: Xout[45] accepted clean as generated
INFO: Xout[46] has 15 components ... connecting
INFO: This should be covered by other voxel (nearby = 48)
INFO: This should be covered by other voxel (nearby = 72)
INFO: This should be covered by other voxel (nearby = 768)
INFO: This should be covered by other voxel (nearby = 72)
INFO: This should be covered by other voxel (nearby = 768)
INFO: This should be covered by other voxel (nearby = 4104)
INFO: This should be covered by other voxel (nearby = 4104)
INFO: This should be covered by other voxel (nearby = 5120)
INFO: This should be covered by other voxel (nearby = 16392)
INFO: This should be covered by other voxel (nearby = 9216)
INFO: This should be covered by other voxel (nearby = 72)
INFO: This should be covered by other voxel (nearby = 768)
INFO: This should be covered by other voxel (nearby = 5120)
INFO: This should be covered by other voxel (nearby = 16392)
INFO: This should be covered by other voxel (nearby = 72)
INFO: This should be covered by other voxel (nearby = 4104)
INFO: This should be covered by other voxel (nearby = 4104)
INFO: This should be covered by other voxel (nearby = 5120)
INFO: This should be covered by other voxel (nearby = 1032)
INFO: This should be covered by other voxel (nearby = 1032)
INFO: This should be covered by other voxel (nearby = 16392)
INFO: This should be covered by other voxel (nearby = 9216)
INFO: Xout[47] has 12 components ... connecting
INFO: This should be covered by other voxel (nearby = 36)
INFO: This should be covered by other voxel (nearby = 192)
INFO: This should be covered by other voxel (nearby = 768)
INFO: This should be covered by other voxel (nearby = 192)
INFO: This should be covered by other voxel (nearby = 192)
INFO: This should be covered by other voxel (nearby = 768)
INFO: This should be covered by other voxel (nearby = 768)
INFO: This should be covered by other voxel (nearby = 768)
INFO: Xout[48] accepted clean as generated
INFO: Xout[49] has 5 components ... connecting
INFO: Xout[50] has 6 components ... connecting
INFO: Xout[51] accepted clean as generated
INFO: Xout[52] accepted clean as generated
INFO: Xout[53] accepted clean as generated
INFO: Xout[54] accepted clean as generated
INFO: Xout[55] has 2 components ... connecting
INFO: Xout[56] has 5 components ... connecting
INFO: This should be covered by other voxel (nearby = 6)
INFO: This should be covered by other voxel (nearby = 6)
INFO: This should be covered by other voxel (nearby = 34)
INFO: Xout[57] has 2 components ... connecting
INFO: This should be covered by other voxel (nearby = 6)
INFO: This should be covered by other voxel (nearby = 6)
INFO: This should be covered by other voxel (nearby = 6)
INFO: This should be covered by other voxel (nearby = 6)
INFO: This should be covered by other voxel (nearby = 6)
INFO: This should be covered by other voxel (nearby = 6)
INFO: Xout[58] has 4 components ... connecting
INFO: Xout[59] has 2 components ... connecting
INFO: Xout[60] accepted clean as generated
INFO: Xout[61] has 3 components ... connecting
INFO: Xout[62] has 7 components ... connecting
INFO: Xout[63] has 3 components ... connecting
INFO: This should be covered by other voxel (nearby = 10)
INFO: This should be covered by other voxel (nearby = 10)
INFO: Xout[64] has 2 components ... connecting
INFO: Xout[65] has 23 components ... connecting
INFO: This should be covered by other voxel (nearby = 80)
INFO: This should be covered by other voxel (nearby = 384)
INFO: This should be covered by other voxel (nearby = 80)
INFO: This should be covered by other voxel (nearby = 80)
INFO: This should be covered by other voxel (nearby = 32784)
INFO: This should be covered by other voxel (nearby = 32784)
INFO: This should be covered by other voxel (nearby = 32784)
INFO: This should be covered by other voxel (nearby = 3145728)
INFO: This should be covered by other voxel (nearby = 3145728)
INFO: This should be covered by other voxel (nearby = 3145728)
INFO: This should be covered by other voxel (nearby = 3145728)
INFO: Xout[66] has 2 components ... connecting
INFO: Xout[67] has 3 components ... connecting
INFO: This should be covered by other voxel (nearby = 10)
INFO: This should be covered by other voxel (nearby = 10)
INFO: Xout[68] accepted clean as generated
INFO: Xout[69] accepted clean as generated
INFO: Xout[70] has 3 components ... connecting
INFO: This should be covered by other voxel (nearby = 12)
INFO: This should be covered by other voxel (nearby = 12)
INFO: Xout[71] accepted clean as generated
INFO: Xout[72] has 11 components ... connecting
INFO: This should be covered by other voxel (nearby = 72)
INFO: Xout[73] accepted clean as generated
INFO: Xout[74] has 10 components ... connecting
INFO: This should be covered by other voxel (nearby = 10)
INFO: This should be covered by other voxel (nearby = 80)
INFO: This should be covered by other voxel (nearby = 10)
INFO: This should be covered by other voxel (nearby = 80)
INFO: This should be covered by other voxel (nearby = 10)
INFO: This should be covered by other voxel (nearby = 80)
INFO: Xout[75] has 2 components ... connecting
INFO: Xout[76] accepted clean as generated
INFO: Xout[77] has 3 components ... connecting
INFO: This should be covered by other voxel (nearby = 10)
INFO: This should be covered by other voxel (nearby = 10)
INFO: This should be covered by other voxel (nearby = 10)
INFO: Xout[78] has 2 components ... connecting
INFO: Xout[79] has 2 components ... connecting
INFO: Xout[80] has 3 components ... connecting
INFO: This should be covered by other voxel (nearby = 6)
INFO: This should be covered by other voxel (nearby = 6)
INFO: This should be covered by other voxel (nearby = 6)
INFO: This should be covered by other voxel (nearby = 10)
INFO: This should be covered by other voxel (nearby = 10)
INFO: Xout[81] has 7 components ... connecting
INFO: Xout[82] has 2 components ... connecting
INFO: This should be covered by other voxel (nearby = 6)
INFO: This should be covered by other voxel (nearby = 6)
INFO: This should be covered by other voxel (nearby = 6)
INFO: This should be covered by other voxel (nearby = 6)
INFO: Xout[83] has 4 components ... connecting
INFO: This should be covered by other voxel (nearby = 20)
INFO: This should be covered by other voxel (nearby = 20)
INFO: This should be covered by other voxel (nearby = 20)
INFO: This should be covered by other voxel (nearby = 20)
INFO: Xout[84] has 3 components ... connecting
INFO: Xout[85] has 4 components ... connecting
INFO: Xout[86] has 6 components ... connecting
INFO: This should be covered by other voxel (nearby = 24)
INFO: This should be covered by other voxel (nearby = 24)
INFO: This should be covered by other voxel (nearby = 24)
INFO: This should be covered by other voxel (nearby = 24)
INFO: Xout[87] accepted clean as generated
INFO: Xout[88] has 2 components ... connecting
INFO: Xout[89] accepted clean as generated
INFO: Xout[90] has 6 components ... connecting
INFO: This should be covered by other voxel (nearby = 10)
INFO: This should be covered by other voxel (nearby = 34)
INFO: This should be covered by other voxel (nearby = 34)
INFO: This should be covered by other voxel (nearby = 66)
INFO: Xout[91] has 3 components ... connecting
INFO: Xout[92] has 2 components ... connecting
INFO: Xout[93] has 2 components ... connecting
INFO: Xout[94] has 3 components ... connecting
INFO: Xout[95] accepted clean as generated
INFO: Xout[96] has 2 components ... connecting
INFO: This should be covered by other voxel (nearby = 6)
INFO: This should be covered by other voxel (nearby = 6)
INFO: This should be covered by other voxel (nearby = 6)
INFO: Xout[97] accepted clean as generated
INFO: Xout[98] accepted clean as generated
INFO: Xout[99] has 2 components ... connecting
INFO: Xout[100] accepted clean as generated
INFO: Xout[101] has 3 components ... connecting
INFO: Xout[102] has 12 components ... connecting
INFO: This should be covered by other voxel (nearby = 160)
INFO: This should be covered by other voxel (nearby = 160)
INFO: This should be covered by other voxel (nearby = 160)
INFO: Xout[103] has 6 components ... connecting
INFO: This should be covered by other voxel (nearby = 6)
INFO: This should be covered by other voxel (nearby = 6)
INFO: Xout[104] accepted clean as generated
INFO: Xout[105] has 2 components ... connecting
INFO: Xout[106] has 12 components ... connecting
INFO: This should be covered by other voxel (nearby = 72)
INFO: This should be covered by other voxel (nearby = 72)
INFO: This should be covered by other voxel (nearby = 4104)
INFO: Xout[107] accepted clean as generated
INFO: Xout[108] has 3 components ... connecting
INFO: This should be covered by other voxel (nearby = 6)
INFO: This should be covered by other voxel (nearby = 6)
INFO: This should be covered by other voxel (nearby = 6)
INFO: This should be covered by other voxel (nearby = 10)
INFO: This should be covered by other voxel (nearby = 10)
INFO: Xout[109] has 5 components ... connecting
INFO: This should be covered by other voxel (nearby = 24)
INFO: This should be covered by other voxel (nearby = 24)
INFO: Xout[110] accepted clean as generated
INFO: Xout[111] accepted clean as generated
INFO: Xout[112] has 4 components ... connecting
INFO: Xout[113] has 5 components ... connecting
INFO: Xout[114] has 4 components ... connecting
INFO: This should be covered by other voxel (nearby = 6)
INFO: This should be covered by other voxel (nearby = 6)
INFO: Xout[115] accepted clean as generated
INFO: Xout[116] has 5 components ... connecting
INFO: Xout[117] has 13 components ... connecting
INFO: This should be covered by other voxel (nearby = 6144)
INFO: This should be covered by other voxel (nearby = 6144)
INFO: This should be covered by other voxel (nearby = 6144)
INFO: This should be covered by other voxel (nearby = 8208)
INFO: This should be covered by other voxel (nearby = 6144)
INFO: This should be covered by other voxel (nearby = 8208)
INFO: Xout[118] has 2 components ... connecting
INFO: This should be covered by other voxel (nearby = 6)
INFO: This should be covered by other voxel (nearby = 6)
INFO: Xout[119] has 3 components ... connecting
INFO: This should be covered by other voxel (nearby = 12)
INFO: This should be covered by other voxel (nearby = 12)
INFO: This should be covered by other voxel (nearby = 12)
INFO: This should be covered by other voxel (nearby = 10)
INFO: Xout[120] has 2 components ... connecting
INFO: Xout[121] has 2 components ... connecting
INFO: This should be covered by other voxel (nearby = 6)
INFO: Xout[122] has 12 components ... connecting
INFO: Xout[123] has 6 components ... connecting
INFO: Xout[124] accepted clean as generated
INFO: Xout[125] has 7 components ... connecting
INFO: This should be covered by other voxel (nearby = 6)
INFO: This should be covered by other voxel (nearby = 10)
INFO: This should be covered by other voxel (nearby = 6)
INFO: This should be covered by other voxel (nearby = 96)
INFO: This should be covered by other voxel (nearby = 96)
INFO: This should be covered by other voxel (nearby = 130)
INFO: Xout[126] has 10 components ... connecting
INFO: This should be covered by other voxel (nearby = 6)
INFO: This should be covered by other voxel (nearby = 6)
INFO: This should be covered by other voxel (nearby = 272)
INFO: This should be covered by other voxel (nearby = 6)
INFO: This should be covered by other voxel (nearby = 136)
INFO: This should be covered by other voxel (nearby = 136)
INFO: This should be covered by other voxel (nearby = 272)
INFO: Xout[127] has 2 components ... connecting
INFO: This should be covered by other voxel (nearby = 6)
INFO: This should be covered by other voxel (nearby = 6)
INFO: This should be covered by other voxel (nearby = 6)
INFO: This should be covered by other voxel (nearby = 6)
INFO: This should be covered by other voxel (nearby = 6)
INFO: Xout[128] has 2 components ... connecting
INFO: This should be covered by other voxel (nearby = 6)
INFO: This should be covered by other voxel (nearby = 6)
INFO: Xout[129] has 3 components ... connecting
INFO: Xout[130] accepted clean as generated
INFO: Xout[131] has 7 components ... connecting
INFO: Xout[132] has 4 components ... connecting
INFO: This should be covered by other voxel (nearby = 6)
INFO: This should be covered by other voxel (nearby = 6)
INFO: This should be covered by other voxel (nearby = 6)
INFO: This should be covered by other voxel (nearby = 10)
INFO: Xout[133] accepted clean as generated
INFO: Xout[134] has 8 components ... connecting
INFO: This should be covered by other voxel (nearby = 264)
INFO: Xout[135] accepted clean as generated
INFO: Xout[136] has 2 components ... connecting
INFO: This should be covered by other voxel (nearby = 6)
INFO: Xout[137] accepted clean as generated
INFO: Xout[138] has 2 components ... connecting
INFO: Xout[139] accepted clean as generated
INFO: Xout[140] has 2 components ... connecting
INFO: Xout[141] has 2 components ... connecting
INFO: This should be covered by other voxel (nearby = 6)
INFO: This should be covered by other voxel (nearby = 6)
INFO: This should be covered by other voxel (nearby = 6)
INFO: Xout[142] has 5 components ... connecting
INFO: Xout[143] has 6 components ... connecting
INFO: Xout[144] has 6 components ... connecting
INFO: This should be covered by other voxel (nearby = 24)
INFO: This should be covered by other voxel (nearby = 24)
INFO: This should be covered by other voxel (nearby = 24)
INFO: This should be covered by other voxel (nearby = 12)
INFO: This should be covered by other voxel (nearby = 24)
INFO: Xout[145] has 5 components ... connecting
INFO: Xout[146] has 2 components ... connecting
INFO: Xout[147] has 2 components ... connecting
INFO: This should be covered by other voxel (nearby = 6)
INFO: This should be covered by other voxel (nearby = 6)
INFO: This should be covered by other voxel (nearby = 6)
INFO: This should be covered by other voxel (nearby = 6)
INFO: Xout[148] accepted clean as generated
INFO: Xout[149] has 5 components ... connecting
INFO: This should be covered by other voxel (nearby = 6)
INFO: This should be covered by other voxel (nearby = 6)
INFO: This should be covered by other voxel (nearby = 6)
INFO: This should be covered by other voxel (nearby = 6)
INFO: Xout[150] accepted clean as generated
INFO: Xout[151] accepted clean as generated
INFO: Xout[152] has 7 components ... connecting
INFO: This should be covered by other voxel (nearby = 132)
INFO: This should be covered by other voxel (nearby = 68)
INFO: This should be covered by other voxel (nearby = 132)
INFO: Xout[153] has 3 components ... connecting
INFO: Xout[154] accepted clean as generated
INFO: Xout[155] accepted clean as generated
INFO: Xout[156] has 3 components ... connecting
INFO: This should be covered by other voxel (nearby = 6)
INFO: Xout[157] has 4 components ... connecting
INFO: Xout[158] accepted clean as generated
INFO: Xout[159] accepted clean as generated
INFO: Xout[160] has 7 components ... connecting
INFO: This should be covered by other voxel (nearby = 12)
INFO: This should be covered by other voxel (nearby = 12)
INFO: This should be covered by other voxel (nearby = 24)
INFO: Xout[161] has 2 components ... connecting
INFO: Xout[162] has 2 components ... connecting
INFO: Xout[163] has 4 components ... connecting
INFO: This should be covered by other voxel (nearby = 12)
INFO: This should be covered by other voxel (nearby = 12)
INFO: This should be covered by other voxel (nearby = 12)
INFO: Xout[164] accepted clean as generated
INFO: Xout[165] has 3 components ... connecting
INFO: Xout[166] has 2 components ... connecting
INFO: Xout[167] has 2 components ... connecting
INFO: Xout[168] has 2 components ... connecting
INFO: Xout[169] has 12 components ... connecting
INFO: This should be covered by other voxel (nearby = 6)
INFO: This should be covered by other voxel (nearby = 6)
INFO: This should be covered by other voxel (nearby = 18)
INFO: This should be covered by other voxel (nearby = 48)
INFO: This should be covered by other voxel (nearby = 48)
INFO: This should be covered by other voxel (nearby = 48)
INFO: This should be covered by other voxel (nearby = 514)
INFO: Xout[170] accepted clean as generated
INFO: Xout[171] accepted clean as generated
INFO: Xout[172] has 2 components ... connecting
INFO: This should be covered by other voxel (nearby = 6)
INFO: This should be covered by other voxel (nearby = 6)
INFO: Xout[173] has 3 components ... connecting
INFO: Xout[174] has 3 components ... connecting
INFO: Xout[175] has 2 components ... connecting
INFO: Xout[176] accepted clean as generated
INFO: Xout[177] has 4 components ... connecting
INFO: This should be covered by other voxel (nearby = 6)
INFO: This should be covered by other voxel (nearby = 10)
INFO: This should be covered by other voxel (nearby = 24)
INFO: This should be covered by other voxel (nearby = 10)
INFO: This should be covered by other voxel (nearby = 24)
INFO: This should be covered by other voxel (nearby = 10)
INFO: This should be covered by other voxel (nearby = 24)
INFO: Xout[178] has 2 components ... connecting
INFO: Xout[179] has 3 components ... connecting
INFO: Xout[180] accepted clean as generated
INFO: Xout[181] has 2 components ... connecting
INFO: Xout[182] accepted clean as generated
INFO: Xout[183] has 3 components ... connecting
INFO: This should be covered by other voxel (nearby = 12)
INFO: This should be covered by other voxel (nearby = 12)
INFO: This should be covered by other voxel (nearby = 12)
INFO: This should be covered by other voxel (nearby = 12)
INFO: Xout[184] has 4 components ... connecting
INFO: Xout[185] has 6 components ... connecting
INFO: Xout[186] has 2 components ... connecting
INFO: Xout[187] accepted clean as generated
INFO: Xout[188] accepted clean as generated
INFO: Xout[189] has 3 components ... connecting
INFO: Xout[190] has 2 components ... connecting
INFO: This should be covered by other voxel (nearby = 6)
INFO: This should be covered by other voxel (nearby = 6)
INFO: This should be covered by other voxel (nearby = 6)
INFO: This should be covered by other voxel (nearby = 6)
INFO: Xout[191] accepted clean as generated
INFO: Xout[192] accepted clean as generated
INFO: Xout[193] accepted clean as generated
INFO: Xout[194] has 15 components ... connecting
INFO: This should be covered by other voxel (nearby = 24)
INFO: This should be covered by other voxel (nearby = 34)
INFO: This should be covered by other voxel (nearby = 1026)
INFO: This should be covered by other voxel (nearby = 2050)
INFO: This should be covered by other voxel (nearby = 2050)
INFO: This should be covered by other voxel (nearby = 4098)
INFO: This should be covered by other voxel (nearby = 12288)
INFO: This should be covered by other voxel (nearby = 4098)
INFO: This should be covered by other voxel (nearby = 12288)
INFO: This should be covered by other voxel (nearby = 24)
INFO: This should be covered by other voxel (nearby = 34)
INFO: This should be covered by other voxel (nearby = 12288)
INFO: This should be covered by other voxel (nearby = 4098)
INFO: This should be covered by other voxel (nearby = 12288)
INFO: This should be covered by other voxel (nearby = 24)
INFO: This should be covered by other voxel (nearby = 34)
INFO: This should be covered by other voxel (nearby = 130)
INFO: This should be covered by other voxel (nearby = 130)
INFO: This should be covered by other voxel (nearby = 1026)
INFO: This should be covered by other voxel (nearby = 2050)
INFO: This should be covered by other voxel (nearby = 2050)
INFO: This should be covered by other voxel (nearby = 4098)
INFO: This should be covered by other voxel (nearby = 12288)
INFO: This should be covered by other voxel (nearby = 8194)
INFO: This should be covered by other voxel (nearby = 4098)
INFO: This should be covered by other voxel (nearby = 12288)
INFO: Xout[195] has 3 components ... connecting
INFO: This should be covered by other voxel (nearby = 6)
INFO: This should be covered by other voxel (nearby = 10)
INFO: This should be covered by other voxel (nearby = 6)
INFO: This should be covered by other voxel (nearby = 10)
INFO: This should be covered by other voxel (nearby = 6)
INFO: This should be covered by other voxel (nearby = 10)
INFO: This should be covered by other voxel (nearby = 10)
INFO: This should be covered by other voxel (nearby = 10)
INFO: Xout[196] has 2 components ... connecting
INFO: Xout[197] has 4 components ... connecting
INFO: Xout[198] accepted clean as generated
INFO: Xout[199] has 4 components ... connecting
INFO: Xout[200] accepted clean as generated
INFO: Xout[201] has 5 components ... connecting
INFO: Xout[202] has 10 components ... connecting
INFO: This should be covered by other voxel (nearby = 48)
INFO: This should be covered by other voxel (nearby = 80)
INFO: This should be covered by other voxel (nearby = 144)
INFO: This should be covered by other voxel (nearby = 48)
INFO: This should be covered by other voxel (nearby = 144)
INFO: This should be covered by other voxel (nearby = 80)
INFO: This should be covered by other voxel (nearby = 144)
INFO: Xout[203] has 6 components ... connecting
INFO: This should be covered by other voxel (nearby = 12)
INFO: This should be covered by other voxel (nearby = 12)
INFO: This should be covered by other voxel (nearby = 20)
INFO: Xout[204] has 3 components ... connecting
INFO: Xout[205] accepted clean as generated
INFO: Xout[206] has 5 components ... connecting
INFO: Xout[207] accepted clean as generated
INFO: Xout[208] accepted clean as generated
INFO: Xout[209] has 17 components ... connecting
INFO: This should be covered by other voxel (nearby = 10)
INFO: This should be covered by other voxel (nearby = 10)
INFO: This should be covered by other voxel (nearby = 66)
INFO: This should be covered by other voxel (nearby = 1280)
INFO: This should be covered by other voxel (nearby = 66)
INFO: This should be covered by other voxel (nearby = 10)
INFO: This should be covered by other voxel (nearby = 10)
INFO: This should be covered by other voxel (nearby = 16386)
INFO: Xout[210] accepted clean as generated
INFO: Xout[211] has 3 components ... connecting
INFO: Xout[212] accepted clean as generated
INFO: Xout[213] has 4 components ... connecting
INFO: Xout[214] accepted clean as generated
INFO: Xout[215] has 10 components ... connecting
INFO: This should be covered by other voxel (nearby = 48)
INFO: This should be covered by other voxel (nearby = 48)
INFO: This should be covered by other voxel (nearby = 1536)
INFO: This should be covered by other voxel (nearby = 48)
INFO: This should be covered by other voxel (nearby = 1536)
INFO: This should be covered by other voxel (nearby = 1536)
INFO: This should be covered by other voxel (nearby = 130)
INFO: This should be covered by other voxel (nearby = 136)
INFO: This should be covered by other voxel (nearby = 1536)
INFO: Xout[216] has 13 components ... connecting
INFO: This should be covered by other voxel (nearby = 66)
INFO: This should be covered by other voxel (nearby = 384)
INFO: This should be covered by other voxel (nearby = 640)
INFO: This should be covered by other voxel (nearby = 1536)
INFO: This should be covered by other voxel (nearby = 4224)
INFO: This should be covered by other voxel (nearby = 66)
INFO: This should be covered by other voxel (nearby = 640)
INFO: This should be covered by other voxel (nearby = 1536)
INFO: This should be covered by other voxel (nearby = 640)
INFO: This should be covered by other voxel (nearby = 1536)
INFO: This should be covered by other voxel (nearby = 66)
INFO: This should be covered by other voxel (nearby = 640)
INFO: This should be covered by other voxel (nearby = 1536)
INFO: Xout[217] has 6 components ... connecting
INFO: Xout[218] has 3 components ... connecting
INFO: This should be covered by other voxel (nearby = 12)
INFO: This should be covered by other voxel (nearby = 12)
INFO: This should be covered by other voxel (nearby = 12)
INFO: Xout[219] has 3 components ... connecting
INFO: This should be covered by other voxel (nearby = 12)
INFO: This should be covered by other voxel (nearby = 12)
INFO: This should be covered by other voxel (nearby = 12)
INFO: Xout[220] accepted clean as generated
INFO: Xout[221] has 6 components ... connecting
INFO: This should be covered by other voxel (nearby = 34)
INFO: This should be covered by other voxel (nearby = 66)
INFO: This should be covered by other voxel (nearby = 66)
INFO: Xout[222] has 3 components ... connecting
INFO: Xout[223] has 3 components ... connecting
INFO: This should be covered by other voxel (nearby = 10)
INFO: This should be covered by other voxel (nearby = 10)
INFO: Xout[224] accepted clean as generated
INFO: Xout[225] accepted clean as generated
INFO: Xout[226] has 3 components ... connecting
INFO: Xout[227] has 2 components ... connecting
INFO: Xout[228] has 9 components ... connecting
INFO: This should be covered by other voxel (nearby = 80)
INFO: This should be covered by other voxel (nearby = 80)
INFO: This should be covered by other voxel (nearby = 80)
INFO: This should be covered by other voxel (nearby = 528)
INFO: This should be covered by other voxel (nearby = 80)
INFO: This should be covered by other voxel (nearby = 528)
INFO: This should be covered by other voxel (nearby = 528)
INFO: Xout[229] has 5 components ... connecting
INFO: This should be covered by other voxel (nearby = 18)
INFO: Xout[230] has 13 components ... connecting
INFO: This should be covered by other voxel (nearby = 10)
INFO: This should be covered by other voxel (nearby = 20)
INFO: This should be covered by other voxel (nearby = 768)
INFO: This should be covered by other voxel (nearby = 8196)
INFO: This should be covered by other voxel (nearby = 8196)
INFO: This should be covered by other voxel (nearby = 768)
INFO: This should be covered by other voxel (nearby = 768)
INFO: This should be covered by other voxel (nearby = 8196)
INFO: This should be covered by other voxel (nearby = 20)
INFO: This should be covered by other voxel (nearby = 768)
INFO: This should be covered by other voxel (nearby = 8196)
INFO: This should be covered by other voxel (nearby = 8196)
INFO: Xout[231] accepted clean as generated
INFO: Xout[232] has 3 components ... connecting
INFO: Xout[233] has 3 components ... connecting
INFO: Xout[234] accepted clean as generated
INFO: Xout[235] has 7 components ... connecting
INFO: This should be covered by other voxel (nearby = 96)
INFO: This should be covered by other voxel (nearby = 96)
INFO: This should be covered by other voxel (nearby = 96)
INFO: This should be covered by other voxel (nearby = 96)
INFO: Xout[236] has 3 components ... connecting
INFO: This should be covered by other voxel (nearby = 6)
INFO: This should be covered by other voxel (nearby = 6)
INFO: This should be covered by other voxel (nearby = 6)
INFO: This should be covered by other voxel (nearby = 6)
INFO: Xout[237] has 2 components ... connecting
INFO: Xout[238] has 2 components ... connecting
INFO: Xout[239] has 12 components ... connecting
INFO: This should be covered by other voxel (nearby = 4128)
INFO: This should be covered by other voxel (nearby = 1056)
INFO: This should be covered by other voxel (nearby = 4128)
INFO: Xout[240] has 2 components ... connecting
INFO: This should be covered by other voxel (nearby = 6)
INFO: Xout[241] has 2 components ... connecting
INFO: Xout[242] has 4 components ... connecting
INFO: This should be covered by other voxel (nearby = 6)
INFO: This should be covered by other voxel (nearby = 6)
INFO: Xout[243] has 5 components ... connecting
INFO: Xout[244] has 10 components ... connecting
INFO: This should be covered by other voxel (nearby = 12)
INFO: This should be covered by other voxel (nearby = 20)
INFO: This should be covered by other voxel (nearby = 96)
INFO: This should be covered by other voxel (nearby = 12)
INFO: This should be covered by other voxel (nearby = 20)
INFO: This should be covered by other voxel (nearby = 96)
INFO: This should be covered by other voxel (nearby = 520)
INFO: This should be covered by other voxel (nearby = 20)
INFO: This should be covered by other voxel (nearby = 520)
INFO: This should be covered by other voxel (nearby = 520)
INFO: Xout[245] has 4 components ... connecting
INFO: Xout[246] has 3 components ... connecting
INFO: Xout[247] accepted clean as generated
INFO: Xout[248] accepted clean as generated
INFO: Xout[249] has 21 components ... connecting
INFO: This should be covered by other voxel (nearby = 80)
INFO: This should be covered by other voxel (nearby = 68)
INFO: This should be covered by other voxel (nearby = 68)
INFO: This should be covered by other voxel (nearby = 294912)
INFO: This should be covered by other voxel (nearby = 1048578)
INFO: This should be covered by other voxel (nearby = 80)
INFO: This should be covered by other voxel (nearby = 68)
INFO: This should be covered by other voxel (nearby = 294912)
INFO: This should be covered by other voxel (nearby = 1048578)
INFO: This should be covered by other voxel (nearby = 294912)
INFO: This should be covered by other voxel (nearby = 1048578)
INFO: Xout[250] accepted clean as generated
INFO: Xout[251] has 5 components ... connecting
INFO: Xout[252] has 4 components ... connecting
INFO: Xout[253] has 8 components ... connecting
INFO: This should be covered by other voxel (nearby = 68)
INFO: This should be covered by other voxel (nearby = 68)
INFO: Xout[254] accepted clean as generated
INFO: Xout[255] accepted clean as generated
INFO: Xout[256] has 5 components ... connecting
INFO: This should be covered by other voxel (nearby = 6)
INFO: This should be covered by other voxel (nearby = 10)
INFO: This should be covered by other voxel (nearby = 10)
INFO: This should be covered by other voxel (nearby = 18)
INFO: This should be covered by other voxel (nearby = 34)
INFO: This should be covered by other voxel (nearby = 18)
INFO: This should be covered by other voxel (nearby = 34)
INFO: Xout[257] has 2 components ... connecting
INFO: Xout[258] has 2 components ... connecting
INFO: This should be covered by other voxel (nearby = 6)
INFO: This should be covered by other voxel (nearby = 6)
INFO: This should be covered by other voxel (nearby = 6)
INFO: This should be covered by other voxel (nearby = 6)
INFO: Xout[259] has 2 components ... connecting
INFO: Xout[260] has 26 components ... connecting
INFO: This should be covered by other voxel (nearby = 20)
INFO: This should be covered by other voxel (nearby = 20)
INFO: This should be covered by other voxel (nearby = 20)
INFO: This should be covered by other voxel (nearby = 68)
INFO: This should be covered by other voxel (nearby = 12)
INFO: This should be covered by other voxel (nearby = 20)
INFO: This should be covered by other voxel (nearby = 20)
INFO: This should be covered by other voxel (nearby = 68)
INFO: This should be covered by other voxel (nearby = 68)
INFO: This should be covered by other voxel (nearby = 68)
INFO: This should be covered by other voxel (nearby = 132)
INFO: This should be covered by other voxel (nearby = 1028)
INFO: This should be covered by other voxel (nearby = 1028)
INFO: This should be covered by other voxel (nearby = 260)
INFO: This should be covered by other voxel (nearby = 4352)
INFO: This should be covered by other voxel (nearby = 33792)
INFO: This should be covered by other voxel (nearby = 196608)
INFO: This should be covered by other voxel (nearby = 393216)
INFO: This should be covered by other voxel (nearby = 132)
INFO: This should be covered by other voxel (nearby = 260)
INFO: This should be covered by other voxel (nearby = 4352)
INFO: This should be covered by other voxel (nearby = 196608)
INFO: This should be covered by other voxel (nearby = 393216)
INFO: This should be covered by other voxel (nearby = 196608)
INFO: This should be covered by other voxel (nearby = 393216)
INFO: This should be covered by other voxel (nearby = 132)
INFO: This should be covered by other voxel (nearby = 1028)
INFO: This should be covered by other voxel (nearby = 1028)
INFO: This should be covered by other voxel (nearby = 33792)
INFO: This should be covered by other voxel (nearby = 196608)
INFO: This should be covered by other voxel (nearby = 393216)
INFO: Xout[261] has 17 components ... connecting
INFO: This should be covered by other voxel (nearby = 66)
INFO: This should be covered by other voxel (nearby = 2560)
INFO: This should be covered by other voxel (nearby = 6144)
INFO: This should be covered by other voxel (nearby = 66)
INFO: This should be covered by other voxel (nearby = 66)
INFO: This should be covered by other voxel (nearby = 2560)
INFO: This should be covered by other voxel (nearby = 6144)
INFO: This should be covered by other voxel (nearby = 2560)
INFO: This should be covered by other voxel (nearby = 66)
INFO: This should be covered by other voxel (nearby = 2560)
INFO: This should be covered by other voxel (nearby = 6144)
INFO: This should be covered by other voxel (nearby = 131074)
INFO: Xout[262] accepted clean as generated
INFO: Xout[263] has 6 components ... connecting
INFO: This should be covered by other voxel (nearby = 18)
INFO: Xout[264] has 3 components ... connecting
INFO: Xout[265] has 7 components ... connecting
INFO: This should be covered by other voxel (nearby = 96)
INFO: This should be covered by other voxel (nearby = 96)
INFO: This should be covered by other voxel (nearby = 96)
INFO: This should be covered by other voxel (nearby = 36)
INFO: This should be covered by other voxel (nearby = 96)
INFO: This should be covered by other voxel (nearby = 36)
INFO: Xout[266] has 6 components ... connecting
INFO: Xout[267] has 3 components ... connecting
INFO: Xout[268] accepted clean as generated
INFO: Xout[269] has 5 components ... connecting
INFO: Xout[270] has 2 components ... connecting
INFO: Xout[271] has 2 components ... connecting
INFO: Xout[272] has 6 components ... connecting
INFO: This should be covered by other voxel (nearby = 66)
INFO: This should be covered by other voxel (nearby = 66)
INFO: Xout[273] has 2 components ... connecting
INFO: Xout[274] accepted clean as generated
INFO: Xout[275] accepted clean as generated
INFO: Xout[276] has 4 components ... connecting
INFO: Xout[277] has 2 components ... connecting
INFO: Xout[278] accepted clean as generated
INFO: Xout[279] has 15 components ... connecting
INFO: This should be covered by other voxel (nearby = 6)
INFO: This should be covered by other voxel (nearby = 6)
INFO: This should be covered by other voxel (nearby = 6)
INFO: This should be covered by other voxel (nearby = 6)
INFO: This should be covered by other voxel (nearby = 96)
INFO: This should be covered by other voxel (nearby = 3072)
INFO: This should be covered by other voxel (nearby = 3072)
INFO: This should be covered by other voxel (nearby = 32800)
INFO: This should be covered by other voxel (nearby = 32800)
INFO: Xout[280] has 3 components ... connecting
INFO: Xout[281] has 3 components ... connecting
INFO: Xout[282] has 2 components ... connecting
INFO: Xout[283] accepted clean as generated
INFO: Xout[284] has 2 components ... connecting
INFO: Xout[285] has 7 components ... connecting
INFO: This should be covered by other voxel (nearby = 6)
INFO: This should be covered by other voxel (nearby = 12)
INFO: This should be covered by other voxel (nearby = 96)
INFO: This should be covered by other voxel (nearby = 6)
INFO: This should be covered by other voxel (nearby = 96)
INFO: This should be covered by other voxel (nearby = 6)
INFO: This should be covered by other voxel (nearby = 132)
INFO: This should be covered by other voxel (nearby = 132)
INFO: This should be covered by other voxel (nearby = 96)
INFO: This should be covered by other voxel (nearby = 6)
INFO: This should be covered by other voxel (nearby = 132)
INFO: Xout[286] accepted clean as generated
INFO: Xout[287] has 3 components ... connecting
INFO: Xout[288] accepted clean as generated
INFO: Xout[289] accepted clean as generated
INFO: Xout[290] has 4 components ... connecting
INFO: Xout[291] has 0 components ... connecting
INFO: Xout[291] has 2 components ... connecting
INFO: Xout[292] has 2 components ... connecting
INFO: Xout[293] has 16 components ... connecting
INFO: This should be covered by other voxel (nearby = 18)
INFO: This should be covered by other voxel (nearby = 96)
INFO: This should be covered by other voxel (nearby = 18)
INFO: This should be covered by other voxel (nearby = 2176)
INFO: This should be covered by other voxel (nearby = 2176)
INFO: This should be covered by other voxel (nearby = 24576)
INFO: This should be covered by other voxel (nearby = 49152)
INFO: This should be covered by other voxel (nearby = 24576)
INFO: This should be covered by other voxel (nearby = 24576)
INFO: This should be covered by other voxel (nearby = 2176)
INFO: This should be covered by other voxel (nearby = 24576)
INFO: This should be covered by other voxel (nearby = 49152)
INFO: Xout[294] has 2 components ... connecting
INFO: Xout[295] has 33 components ... connecting
INFO: This should be covered by other voxel (nearby = 768)
INFO: This should be covered by other voxel (nearby = 49152)
INFO: This should be covered by other voxel (nearby = 525312)
INFO: This should be covered by other voxel (nearby = 525312)
INFO: This should be covered by other voxel (nearby = 525312)
INFO: This should be covered by other voxel (nearby = 16512)
INFO: This should be covered by other voxel (nearby = 525312)
INFO: This should be covered by other voxel (nearby = 1064960)
INFO: This should be covered by other voxel (nearby = 1048704)
INFO: This should be covered by other voxel (nearby = 10485760)
INFO: This should be covered by other voxel (nearby = 16779264)
INFO: This should be covered by other voxel (nearby = 12582912)
INFO: This should be covered by other voxel (nearby = 33570816)
INFO: This should be covered by other voxel (nearby = 16512)
INFO: This should be covered by other voxel (nearby = 16512)
INFO: This should be covered by other voxel (nearby = 1064960)
INFO: This should be covered by other voxel (nearby = 33570816)
INFO: This should be covered by other voxel (nearby = 12582912)
INFO: This should be covered by other voxel (nearby = 16512)
INFO: This should be covered by other voxel (nearby = 1064960)
INFO: This should be covered by other voxel (nearby = 1048704)
INFO: This should be covered by other voxel (nearby = 10485760)
INFO: This should be covered by other voxel (nearby = 16779264)
INFO: This should be covered by other voxel (nearby = 12582912)
INFO: This should be covered by other voxel (nearby = 33570816)
INFO: This should be covered by other voxel (nearby = 16777344)
INFO: This should be covered by other voxel (nearby = 1073741952)
INFO: This should be covered by other voxel (nearby = 1073741952)
INFO: This should be covered by other voxel (nearby = 5368709120)
INFO: This should be covered by other voxel (nearby = 5368709120)
INFO: This should be covered by other voxel (nearby = 5368709120)
INFO: Xout[296] has 4 components ... connecting
INFO: This should be covered by other voxel (nearby = 6)
INFO: This should be covered by other voxel (nearby = 6)
INFO: This should be covered by other voxel (nearby = 6)
INFO: This should be covered by other voxel (nearby = 6)
INFO: This should be covered by other voxel (nearby = 6)
INFO: This should be covered by other voxel (nearby = 6)
INFO: Xout[297] has 9 components ... connecting
INFO: This should be covered by other voxel (nearby = 12)
INFO: This should be covered by other voxel (nearby = 24)
INFO: This should be covered by other voxel (nearby = 12)
INFO: This should be covered by other voxel (nearby = 12)
INFO: This should be covered by other voxel (nearby = 24)
INFO: This should be covered by other voxel (nearby = 24)
INFO: This should be covered by other voxel (nearby = 66)
INFO: This should be covered by other voxel (nearby = 24)
INFO: This should be covered by other voxel (nearby = 66)
INFO: This should be covered by other voxel (nearby = 66)
INFO: This should be covered by other voxel (nearby = 66)
INFO: This should be covered by other voxel (nearby = 66)
INFO: This should be covered by other voxel (nearby = 66)
INFO: This should be covered by other voxel (nearby = 258)
INFO: This should be covered by other voxel (nearby = 258)
INFO: This should be covered by other voxel (nearby = 258)
INFO: Xout[298] has 6 components ... connecting
INFO: This should be covered by other voxel (nearby = 6)
INFO: This should be covered by other voxel (nearby = 6)
INFO: Xout[299] has 2 components ... connecting
INFO: This should be covered by other voxel (nearby = 6)
INFO: This should be covered by other voxel (nearby = 6)
INFO: This should be covered by other voxel (nearby = 6)
INFO: Xout[300] accepted clean as generated
INFO: Xout[301] accepted clean as generated
INFO: Xout[302] has 2 components ... connecting
INFO: Xout[303] accepted clean as generated
INFO: Xout[304] has 2 components ... connecting
INFO: Xout[305] has 3 components ... connecting
INFO: Xout[306] has 4 components ... connecting
INFO: This should be covered by other voxel (nearby = 6)
INFO: This should be covered by other voxel (nearby = 6)
INFO: This should be covered by other voxel (nearby = 24)
INFO: This should be covered by other voxel (nearby = 24)
INFO: This should be covered by other voxel (nearby = 24)
INFO: This should be covered by other voxel (nearby = 24)
INFO: Xout[307] has 4 components ... connecting
INFO: This should be covered by other voxel (nearby = 20)
INFO: Xout[308] has 6 components ... connecting
INFO: This should be covered by other voxel (nearby = 10)
INFO: This should be covered by other voxel (nearby = 24)
INFO: This should be covered by other voxel (nearby = 24)
INFO: This should be covered by other voxel (nearby = 10)
INFO: This should be covered by other voxel (nearby = 24)
INFO: Xout[309] has 3 components ... connecting
INFO: This should be covered by other voxel (nearby = 6)
INFO: This should be covered by other voxel (nearby = 6)
INFO: Xout[310] accepted clean as generated
INFO: Xout[311] has 8 components ... connecting
INFO: Xout[312] has 11 components ... connecting
INFO: This should be covered by other voxel (nearby = 18)
INFO: This should be covered by other voxel (nearby = 6)
INFO: This should be covered by other voxel (nearby = 6)
INFO: This should be covered by other voxel (nearby = 18)
INFO: This should be covered by other voxel (nearby = 130)
INFO: This should be covered by other voxel (nearby = 514)
INFO: This should be covered by other voxel (nearby = 1026)
INFO: This should be covered by other voxel (nearby = 1026)
INFO: This should be covered by other voxel (nearby = 2050)
INFO: This should be covered by other voxel (nearby = 1026)
INFO: This should be covered by other voxel (nearby = 1026)
INFO: This should be covered by other voxel (nearby = 2050)
INFO: Xout[313] has 5 components ... connecting
INFO: Xout[314] has 9 components ... connecting
INFO: This should be covered by other voxel (nearby = 20)
INFO: This should be covered by other voxel (nearby = 192)
INFO: This should be covered by other voxel (nearby = 576)
INFO: This should be covered by other voxel (nearby = 20)
INFO: This should be covered by other voxel (nearby = 192)
INFO: This should be covered by other voxel (nearby = 20)
INFO: This should be covered by other voxel (nearby = 192)
INFO: This should be covered by other voxel (nearby = 576)
INFO: Xout[315] has 6 components ... connecting
INFO: This should be covered by other voxel (nearby = 80)
INFO: This should be covered by other voxel (nearby = 80)
INFO: Xout[316] accepted clean as generated
INFO: Xout[317] has 30 components ... connecting
INFO: This should be covered by other voxel (nearby = 48)
INFO: This should be covered by other voxel (nearby = 48)
INFO: This should be covered by other voxel (nearby = 48)
INFO: This should be covered by other voxel (nearby = 72)
INFO: This should be covered by other voxel (nearby = 24)
INFO: This should be covered by other voxel (nearby = 48)
INFO: This should be covered by other voxel (nearby = 136)
INFO: This should be covered by other voxel (nearby = 136)
INFO: This should be covered by other voxel (nearby = 136)
INFO: This should be covered by other voxel (nearby = 520)
INFO: This should be covered by other voxel (nearby = 520)
INFO: This should be covered by other voxel (nearby = 264)
INFO: This should be covered by other voxel (nearby = 16392)
INFO: This should be covered by other voxel (nearby = 520)
INFO: This should be covered by other voxel (nearby = 16392)
INFO: This should be covered by other voxel (nearby = 16392)
INFO: This should be covered by other voxel (nearby = 16392)
INFO: This should be covered by other voxel (nearby = 32776)
INFO: This should be covered by other voxel (nearby = 32776)
INFO: This should be covered by other voxel (nearby = 268435464)
INFO: This should be covered by other voxel (nearby = 268435464)
INFO: This should be covered by other voxel (nearby = 268435464)
INFO: This should be covered by other voxel (nearby = 536870920)
INFO: This should be covered by other voxel (nearby = 1073741832)
INFO: Xout[318] has 2 components ... connecting
INFO: This should be covered by other voxel (nearby = 6)
INFO: This should be covered by other voxel (nearby = 6)
INFO: Xout[319] accepted clean as generated
INFO: Xout[320] has 2 components ... connecting
INFO: This should be covered by other voxel (nearby = 6)
INFO: This should be covered by other voxel (nearby = 6)
INFO: This should be covered by other voxel (nearby = 6)
INFO: Xout[321] has 3 components ... connecting
INFO: This should be covered by other voxel (nearby = 6)
INFO: Xout[322] accepted clean as generated
INFO: Xout[323] has 5 components ... connecting
INFO: Xout[324] accepted clean as generated
INFO: Xout[325] has 10 components ... connecting
INFO: This should be covered by other voxel (nearby = 6)
INFO: This should be covered by other voxel (nearby = 12)
INFO: This should be covered by other voxel (nearby = 192)
INFO: This should be covered by other voxel (nearby = 192)
INFO: This should be covered by other voxel (nearby = 260)
INFO: This should be covered by other voxel (nearby = 192)
INFO: This should be covered by other voxel (nearby = 192)
INFO: This should be covered by other voxel (nearby = 260)
INFO: This should be covered by other voxel (nearby = 12)
INFO: Xout[326] has 2 components ... connecting
INFO: Xout[327] has 2 components ... connecting
INFO: Xout[328] has 12 components ... connecting
INFO: This should be covered by other voxel (nearby = 34)
INFO: This should be covered by other voxel (nearby = 768)
INFO: This should be covered by other voxel (nearby = 2050)
INFO: This should be covered by other voxel (nearby = 768)
INFO: This should be covered by other voxel (nearby = 768)
INFO: This should be covered by other voxel (nearby = 34)
INFO: This should be covered by other voxel (nearby = 2050)
INFO: This should be covered by other voxel (nearby = 768)
INFO: Xout[329] has 2 components ... connecting
INFO: This should be covered by other voxel (nearby = 6)
INFO: Xout[330] accepted clean as generated
INFO: Xout[331] accepted clean as generated
INFO: Xout[332] has 2 components ... connecting
INFO: Xout[333] accepted clean as generated
INFO: Xout[334] accepted clean as generated
INFO: Xout[335] accepted clean as generated
INFO: Xout[336] has 5 components ... connecting
INFO: Xout[337] has 4 components ... connecting
INFO: This should be covered by other voxel (nearby = 12)
INFO: This should be covered by other voxel (nearby = 12)
INFO: Xout[338] has 6 components ... connecting
INFO: Xout[339] has 7 components ... connecting
INFO: This should be covered by other voxel (nearby = 12)
INFO: This should be covered by other voxel (nearby = 12)
INFO: This should be covered by other voxel (nearby = 20)
INFO: This should be covered by other voxel (nearby = 132)
INFO: This should be covered by other voxel (nearby = 12)
INFO: This should be covered by other voxel (nearby = 12)
INFO: This should be covered by other voxel (nearby = 20)
INFO: This should be covered by other voxel (nearby = 132)
INFO: Xout[340] accepted clean as generated
INFO: Xout[341] has 5 components ... connecting
INFO: This should be covered by other voxel (nearby = 34)
INFO: This should be covered by other voxel (nearby = 34)
INFO: Xout[342] has 11 components ... connecting
INFO: This should be covered by other voxel (nearby = 96)
INFO: This should be covered by other voxel (nearby = 34)
INFO: This should be covered by other voxel (nearby = 96)
INFO: Xout[343] accepted clean as generated
INFO: Xout[344] has 6 components ... connecting
INFO: This should be covered by other voxel (nearby = 6)
INFO: This should be covered by other voxel (nearby = 18)
INFO: This should be covered by other voxel (nearby = 34)
INFO: This should be covered by other voxel (nearby = 34)
INFO: This should be covered by other voxel (nearby = 18)
INFO: Xout[345] has 6 components ... connecting
INFO: This should be covered by other voxel (nearby = 18)
INFO: This should be covered by other voxel (nearby = 36)
INFO: This should be covered by other voxel (nearby = 18)
INFO: This should be covered by other voxel (nearby = 72)
INFO: This should be covered by other voxel (nearby = 36)
INFO: This should be covered by other voxel (nearby = 72)
INFO: This should be covered by other voxel (nearby = 72)
INFO: This should be covered by other voxel (nearby = 72)
INFO: Xout[346] has 3 components ... connecting
INFO: Xout[347] accepted clean as generated
INFO: Xout[348] accepted clean as generated
INFO: Xout[349] accepted clean as generated
INFO: Xout[350] has 6 components ... connecting
INFO: This should be covered by other voxel (nearby = 12)
INFO: This should be covered by other voxel (nearby = 36)
INFO: This should be covered by other voxel (nearby = 12)
INFO: This should be covered by other voxel (nearby = 12)
INFO: This should be covered by other voxel (nearby = 36)
INFO: Xout[351] has 2 components ... connecting
INFO: Xout[352] accepted clean as generated
INFO: Xout[353] accepted clean as generated
INFO: Xout[354] has 8 components ... connecting
INFO: This should be covered by other voxel (nearby = 34)
INFO: This should be covered by other voxel (nearby = 36)
INFO: This should be covered by other voxel (nearby = 36)
INFO: This should be covered by other voxel (nearby = 34)
INFO: This should be covered by other voxel (nearby = 34)
INFO: Xout[355] has 5 components ... connecting
INFO: This should be covered by other voxel (nearby = 10)
INFO: This should be covered by other voxel (nearby = 10)
INFO: This should be covered by other voxel (nearby = 10)
INFO: Xout[356] has 9 components ... connecting
INFO: This should be covered by other voxel (nearby = 96)
INFO: This should be covered by other voxel (nearby = 48)
INFO: This should be covered by other voxel (nearby = 384)
INFO: This should be covered by other voxel (nearby = 384)
INFO: This should be covered by other voxel (nearby = 384)
INFO: This should be covered by other voxel (nearby = 96)
INFO: This should be covered by other voxel (nearby = 48)
INFO: This should be covered by other voxel (nearby = 384)
INFO: Xout[357] has 3 components ... connecting
INFO: Xout[358] has 2 components ... connecting
INFO: Xout[359] has 8 components ... connecting
INFO: Xout[360] has 17 components ... connecting
INFO: This should be covered by other voxel (nearby = 24)
INFO: This should be covered by other voxel (nearby = 2064)
INFO: This should be covered by other voxel (nearby = 2064)
INFO: This should be covered by other voxel (nearby = 8208)
INFO: This should be covered by other voxel (nearby = 2064)
INFO: Xout[361] accepted clean as generated
INFO: Xout[362] has 2 components ... connecting
INFO: Xout[363] accepted clean as generated
INFO: Xout[364] has 2 components ... connecting
INFO: Xout[365] has 2 components ... connecting
INFO: Xout[366] has 2 components ... connecting
INFO: Xout[367] has 2 components ... connecting
INFO: Xout[368] accepted clean as generated
INFO: Xout[369] has 5 components ... connecting
INFO: This should be covered by other voxel (nearby = 12)
INFO: This should be covered by other voxel (nearby = 12)
INFO: Xout[370] accepted clean as generated
INFO: Xout[371] accepted clean as generated
INFO: Xout[372] has 3 components ... connecting
INFO: Xout[373] has 4 components ... connecting
INFO: Xout[374] has 19 components ... connecting
INFO: This should be covered by other voxel (nearby = 96)
INFO: This should be covered by other voxel (nearby = 20480)
INFO: This should be covered by other voxel (nearby = 20480)
INFO: This should be covered by other voxel (nearby = 65568)
INFO: Xout[375] has 20 components ... connecting
INFO: This should be covered by other voxel (nearby = 384)
INFO: This should be covered by other voxel (nearby = 1536)
INFO: This should be covered by other voxel (nearby = 384)
INFO: This should be covered by other voxel (nearby = 1536)
INFO: This should be covered by other voxel (nearby = 384)
INFO: This should be covered by other voxel (nearby = 147456)
INFO: This should be covered by other voxel (nearby = 147456)
INFO: This should be covered by other voxel (nearby = 655360)
INFO: This should be covered by other voxel (nearby = 655360)
INFO: This should be covered by other voxel (nearby = 655360)
INFO: Xout[376] accepted clean as generated
INFO: Xout[377] accepted clean as generated
INFO: Xout[378] accepted clean as generated
INFO: Xout[379] has 3 components ... connecting
INFO: This should be covered by other voxel (nearby = 12)
INFO: Xout[380] accepted clean as generated
INFO: Xout[381] has 9 components ... connecting
INFO: This should be covered by other voxel (nearby = 6)
INFO: This should be covered by other voxel (nearby = 6)
INFO: This should be covered by other voxel (nearby = 6)
INFO: This should be covered by other voxel (nearby = 6)
INFO: Xout[382] has 4 components ... connecting
INFO: This should be covered by other voxel (nearby = 6)
INFO: Xout[383] has 2 components ... connecting
INFO: Xout[384] has 4 components ... connecting
INFO: This should be covered by other voxel (nearby = 6)
INFO: This should be covered by other voxel (nearby = 6)
INFO: This should be covered by other voxel (nearby = 6)
INFO: This should be covered by other voxel (nearby = 6)
INFO: This should be covered by other voxel (nearby = 6)
INFO: Xout[385] has 2 components ... connecting
INFO: Xout[386] has 2 components ... connecting
INFO: Xout[387] accepted clean as generated
INFO: Xout[388] has 0 components ... connecting
INFO: Xout[388] has 5 components ... connecting
INFO: This should be covered by other voxel (nearby = 20)
INFO: This should be covered by other voxel (nearby = 20)
INFO: Xout[389] accepted clean as generated
INFO: Xout[390] has 5 components ... connecting
INFO: This should be covered by other voxel (nearby = 20)
INFO: This should be covered by other voxel (nearby = 20)
INFO: Xout[391] has 3 components ... connecting
INFO: Xout[392] has 3 components ... connecting
INFO: Xout[393] has 5 components ... connecting
INFO: Xout[394] has 2 components ... connecting
INFO: Xout[395] has 2 components ... connecting
INFO: This should be covered by other voxel (nearby = 6)
INFO: Xout[396] has 2 components ... connecting
INFO: Xout[397] has 2 components ... connecting
INFO: This should be covered by other voxel (nearby = 6)
INFO: This should be covered by other voxel (nearby = 6)
INFO: This should be covered by other voxel (nearby = 6)
INFO: Xout[398] has 3 components ... connecting
INFO: Xout[399] has 13 components ... connecting
INFO: This should be covered by other voxel (nearby = 6)
INFO: This should be covered by other voxel (nearby = 48)
INFO: This should be covered by other voxel (nearby = 6)
INFO: This should be covered by other voxel (nearby = 48)
INFO: This should be covered by other voxel (nearby = 48)
INFO: This should be covered by other voxel (nearby = 6)
INFO: This should be covered by other voxel (nearby = 48)
INFO: This should be covered by other voxel (nearby = 2176)
INFO: This should be covered by other voxel (nearby = 8194)
INFO: This should be covered by other voxel (nearby = 2176)
INFO: This should be covered by other voxel (nearby = 2176)
INFO: Xout[400] has 7 components ... connecting
INFO: This should be covered by other voxel (nearby = 40)
INFO: This should be covered by other voxel (nearby = 40)
INFO: This should be covered by other voxel (nearby = 40)
INFO: This should be covered by other voxel (nearby = 40)
INFO: This should be covered by other voxel (nearby = 40)
INFO: This should be covered by other voxel (nearby = 136)
INFO: This should be covered by other voxel (nearby = 136)
INFO: Xout[401] has 9 components ... connecting
INFO: This should be covered by other voxel (nearby = 48)
INFO: This should be covered by other voxel (nearby = 66)
INFO: This should be covered by other voxel (nearby = 48)
INFO: This should be covered by other voxel (nearby = 48)
INFO: This should be covered by other voxel (nearby = 48)
INFO: Xout[402] has 2 components ... connecting
INFO: This should be covered by other voxel (nearby = 6)
INFO: This should be covered by other voxel (nearby = 6)
INFO: Xout[403] has 16 components ... connecting
INFO: This should be covered by other voxel (nearby = 18)
INFO: This should be covered by other voxel (nearby = 18)
INFO: This should be covered by other voxel (nearby = 514)
INFO: This should be covered by other voxel (nearby = 66)
INFO: This should be covered by other voxel (nearby = 18)
INFO: This should be covered by other voxel (nearby = 514)
INFO: This should be covered by other voxel (nearby = 66)
INFO: This should be covered by other voxel (nearby = 130)
INFO: This should be covered by other voxel (nearby = 514)
INFO: This should be covered by other voxel (nearby = 1026)
INFO: This should be covered by other voxel (nearby = 6144)
INFO: This should be covered by other voxel (nearby = 1026)
INFO: This should be covered by other voxel (nearby = 6144)
INFO: This should be covered by other voxel (nearby = 6144)
INFO: This should be covered by other voxel (nearby = 1026)
INFO: Xout[404] has 2 components ... connecting
INFO: This should be covered by other voxel (nearby = 6)
INFO: This should be covered by other voxel (nearby = 6)
INFO: This should be covered by other voxel (nearby = 6)
INFO: Xout[405] has 2 components ... connecting
INFO: Xout[406] has 30 components ... connecting
INFO: This should be covered by other voxel (nearby = 144)
INFO: This should be covered by other voxel (nearby = 144)
INFO: This should be covered by other voxel (nearby = 144)
INFO: This should be covered by other voxel (nearby = 144)
INFO: This should be covered by other voxel (nearby = 1536)
INFO: This should be covered by other voxel (nearby = 1536)
INFO: This should be covered by other voxel (nearby = 1536)
INFO: This should be covered by other voxel (nearby = 160)
INFO: This should be covered by other voxel (nearby = 294912)
INFO: This should be covered by other voxel (nearby = 1536)
INFO: This should be covered by other voxel (nearby = 294912)
INFO: This should be covered by other voxel (nearby = 8392704)
INFO: This should be covered by other voxel (nearby = 294912)
INFO: This should be covered by other voxel (nearby = 8392704)
INFO: This should be covered by other voxel (nearby = 33554560)
INFO: This should be covered by other voxel (nearby = 1610612736)
INFO: This should be covered by other voxel (nearby = 1610612736)
INFO: This should be covered by other voxel (nearby = 1610612736)
INFO: This should be covered by other voxel (nearby = 1610612736)