Starting network training
INFO: iteration 50: 263437.78125
INFO: iteration 100: 34416.17578125
INFO: iteration 150: 16110.232421875
INFO: iteration 200: 12432.39453125
INFO: iteration 250: 10050.525390625
INFO: iteration 300: 7856.501953125
INFO: iteration 350: 9291.568359375
INFO: iteration 400: 8760.9111328125
INFO: iteration 450: 7048.1240234375
INFO: iteration 500: 7146.6162109375
INFO: iteration 550: 8800.3623046875
INFO: iteration 600: 7671.77783203125
INFO: iteration 650: 8828.421875
INFO: iteration 700: 6225.466796875
INFO: iteration 750: 6708.296875
INFO: iteration 800: 7339.7265625
INFO: iteration 850: 7957.11669921875
INFO: iteration 900: 6728.0322265625
INFO: iteration 950: 10016.9892578125
INFO: iteration 1000: 4600.78125
INFO: iteration 1050: 8440.3349609375
INFO: iteration 1100: 6054.708984375
INFO: iteration 1150: 7950.51708984375
INFO: iteration 1200: 7583.97412109375
INFO: iteration 1250: 5442.89892578125
INFO: iteration 1300: 7688.984375
INFO: iteration 1350: 7711.00830078125
INFO: iteration 1400: 6132.52197265625
INFO: iteration 1450: 5213.703125
INFO: iteration 1500: 8345.9013671875
INFO: iteration 1550: 7346.04541015625
INFO: iteration 1600: 8450.2138671875
INFO: iteration 1650: 5874.7578125
INFO: iteration 1700: 6318.150390625
INFO: iteration 1750: 5593.84326171875
INFO: iteration 1800: 7871.15966796875
INFO: iteration 1850: 6733.64453125
INFO: iteration 1900: 6825.84521484375
INFO: iteration 1950: 6168.70703125
INFO: iteration 2000: 6323.337890625
INFO: iteration 2050: 5987.8544921875
INFO: iteration 2100: 6442.55517578125
INFO: iteration 2150: 6634.61328125
INFO: iteration 2200: 5764.99609375
INFO: iteration 2250: 6478.26708984375
INFO: iteration 2300: 5991.49267578125
INFO: iteration 2350: 5699.8876953125
INFO: iteration 2400: 4336.75244140625
INFO: iteration 2450: 6652.837890625
INFO: iteration 2500: 6182.3515625
INFO: iteration 2550: 6774.85302734375
INFO: iteration 2600: 3385.437255859375
INFO: iteration 2650: 6628.6787109375
INFO: iteration 2700: 4487.34716796875
INFO: iteration 2750: 6184.79345703125
INFO: iteration 2800: 5610.1826171875
INFO: iteration 2850: 4559.48876953125
INFO: iteration 2900: 5725.44775390625
INFO: iteration 2950: 5679.99755859375
INFO: iteration 3000: 4485.4482421875
INFO: iteration 3050: 4830.4013671875
INFO: iteration 3100: 6168.27001953125
INFO: iteration 3150: 5343.95263671875
INFO: iteration 3200: 6099.3671875
INFO: iteration 3250: 4376.81298828125
INFO: iteration 3300: 4851.912109375
INFO: iteration 3350: 4930.234375
INFO: iteration 3400: 5541.09619140625
INFO: iteration 3450: 4939.32080078125
INFO: iteration 3500: 7009.13232421875
INFO: iteration 3550: 3498.98095703125
INFO: iteration 3600: 5778.63623046875
INFO: iteration 3650: 4158.87451171875
INFO: iteration 3700: 5344.517578125
INFO: iteration 3750: 5493.52197265625
INFO: iteration 3800: 4004.761962890625
INFO: iteration 3850: 5188.572265625
INFO: iteration 3900: 5081.537109375
INFO: iteration 3950: 4080.71826171875
INFO: iteration 4000: 3591.9130859375
INFO: iteration 4050: 5583.13525390625
INFO: iteration 4100: 4549.38232421875
INFO: iteration 4150: 4658.7216796875
INFO: iteration 4200: 4014.06640625
INFO: iteration 4250: 4244.90966796875
INFO: iteration 4300: 3493.0400390625
INFO: iteration 4350: 5158.09814453125
INFO: iteration 4400: 4425.08349609375
INFO: iteration 4450: 4347.23193359375
INFO: iteration 4500: 3837.948486328125
INFO: iteration 4550: 4353.361328125
INFO: iteration 4600: 3856.60400390625
INFO: iteration 4650: 4355.49072265625
INFO: iteration 4700: 4874.00048828125
INFO: iteration 4750: 3940.634521484375
INFO: iteration 4800: 4386.4658203125
INFO: iteration 4850: 4330.51220703125
INFO: iteration 4900: 4070.2685546875
INFO: iteration 4950: 3285.198486328125
INFO: iteration 5000: 4999.45263671875
INFO: iteration 5050: 4507.81689453125
INFO: iteration 5100: 4589.537109375
INFO: iteration 5150: 2892.2080078125
INFO: iteration 5200: 5011.826171875
INFO: iteration 5250: 3453.310546875
INFO: iteration 5300: 4927.9404296875
INFO: iteration 5350: 4339.1123046875
INFO: iteration 5400: 3526.65869140625
INFO: iteration 5450: 4103.39013671875
INFO: iteration 5500: 4529.072265625
INFO: iteration 5550: 3603.703857421875
INFO: iteration 5600: 3956.285888671875
INFO: iteration 5650: 5095.5556640625
INFO: iteration 5700: 3975.268310546875
INFO: iteration 5750: 4354.11474609375
INFO: iteration 5800: 3741.533203125
INFO: iteration 5850: 3954.158447265625
INFO: iteration 5900: 4024.049560546875
INFO: iteration 5950: 4623.6005859375
INFO: iteration 6000: 4080.878662109375
INFO: iteration 6050: 4927.94580078125
INFO: iteration 6100: 3011.00048828125
INFO: iteration 6150: 4693.71142578125
INFO: iteration 6200: 3513.71875
INFO: iteration 6250: 4625.74365234375
INFO: iteration 6300: 4588.5986328125
INFO: iteration 6350: 3231.662353515625
INFO: iteration 6400: 4077.038330078125
INFO: iteration 6450: 4503.93212890625
INFO: iteration 6500: 3652.628173828125
INFO: iteration 6550: 3287.13525390625
INFO: iteration 6600: 5161.40966796875
INFO: iteration 6650: 4167.79345703125
INFO: iteration 6700: 4282.38525390625
INFO: iteration 6750: 3821.064697265625
INFO: iteration 6800: 3973.412109375
INFO: iteration 6850: 3320.7431640625
INFO: iteration 6900: 4903.9130859375
INFO: iteration 6950: 4205.6650390625
INFO: iteration 7000: 4161.31884765625
INFO: iteration 7050: 3632.1904296875
INFO: iteration 7100: 4144.3662109375
INFO: iteration 7150: 3684.548095703125
INFO: iteration 7200: 4184.470703125
INFO: iteration 7250: 4671.98046875
INFO: iteration 7300: 3776.139892578125
INFO: iteration 7350: 4206.38134765625
INFO: iteration 7400: 4196.9423828125
INFO: iteration 7450: 3896.740234375
INFO: iteration 7500: 3154.238037109375
INFO: iteration 7550: 4781.23046875
INFO: iteration 7600: 4337.32470703125
INFO: iteration 7650: 4487.37841796875
INFO: iteration 7700: 2764.430908203125
INFO: iteration 7750: 4820.46240234375
INFO: iteration 7800: 3355.81201171875
INFO: iteration 7850: 4742.78125
INFO: iteration 7900: 4188.10888671875
INFO: iteration 7950: 3418.021728515625
INFO: iteration 8000: 3953.4326171875
INFO: iteration 8050: 4383.986328125
INFO: iteration 8100: 3518.902099609375
INFO: iteration 8150: 3821.7158203125
INFO: iteration 8200: 4942.703125
INFO: iteration 8250: 3839.392822265625
INFO: iteration 8300: 4214.93310546875
INFO: iteration 8350: 3624.084228515625
INFO: iteration 8400: 3826.3369140625
INFO: iteration 8450: 3890.35205078125
INFO: iteration 8500: 4450.82666015625
INFO: iteration 8550: 3910.529541015625
INFO: iteration 8600: 4675.17041015625
INFO: iteration 8650: 2880.364501953125
INFO: iteration 8700: 4547.1591796875
INFO: iteration 8750: 3380.806640625
INFO: iteration 8800: 4477.033203125
INFO: iteration 8850: 4343.43310546875
INFO: iteration 8900: 2977.354248046875
INFO: iteration 8950: 3745.24462890625
INFO: iteration 9000: 4347.17822265625
INFO: iteration 9050: 3438.322509765625
INFO: iteration 9100: 3069.843994140625
INFO: iteration 9150: 4662.99951171875
INFO: iteration 9200: 3736.5966796875
INFO: iteration 9250: 3645.077880859375
INFO: iteration 9300: 3457.09423828125
INFO: iteration 9350: 3508.82080078125
INFO: iteration 9400: 2832.603515625
INFO: iteration 9450: 4133.36572265625
INFO: iteration 9500: 3642.142578125
INFO: iteration 9550: 3467.15576171875
INFO: iteration 9600: 3044.824951171875
INFO: iteration 9650: 3613.217041015625
INFO: iteration 9700: 3046.959228515625
INFO: iteration 9750: 3385.882080078125
INFO: iteration 9800: 3940.060791015625
INFO: iteration 9850: 3077.680419921875
INFO: iteration 9900: 3482.714111328125
INFO: iteration 9950: 3527.1337890625
INFO: iteration 10000: 3212.798095703125
INFO: iteration 10050: 2592.6962890625
INFO: iteration 10100: 3800.824951171875
INFO: iteration 10150: 3521.322509765625
INFO: iteration 10200: 3506.236328125
INFO: iteration 10250: 2329.451171875
INFO: iteration 10300: 3914.98779296875
INFO: iteration 10350: 2641.154541015625
INFO: iteration 10400: 3647.455078125
INFO: iteration 10450: 3320.256591796875
INFO: iteration 10500: 2703.4990234375
INFO: iteration 10550: 3091.815185546875
INFO: iteration 10600: 3424.6171875
INFO: iteration 10650: 2759.134033203125
INFO: iteration 10700: 2823.874755859375
INFO: iteration 10750: 3713.87939453125
INFO: iteration 10800: 2923.067138671875
INFO: iteration 10850: 3081.2705078125
INFO: iteration 10900: 2853.980712890625
INFO: iteration 10950: 3004.5068359375
INFO: iteration 11000: 2778.92041015625
INFO: iteration 11050: 3186.636474609375
INFO: iteration 11100: 2973.07666015625
INFO: iteration 11150: 3305.565673828125
INFO: iteration 11200: 2264.16650390625
INFO: iteration 11250: 3312.678466796875
INFO: iteration 11300: 2440.81103515625
INFO: iteration 11350: 3151.574951171875
INFO: iteration 11400: 3171.9365234375
INFO: iteration 11450: 2175.746337890625
INFO: iteration 11500: 2735.72119140625
INFO: iteration 11550: 3134.4345703125
INFO: iteration 11600: 2546.064208984375
INFO: iteration 11650: 2189.86279296875
INFO: iteration 11700: 3357.55517578125
INFO: iteration 11750: 2659.384765625
INFO: iteration 11800: 2577.36865234375
INFO: iteration 11850: 2637.389404296875
INFO: iteration 11900: 2723.943603515625
INFO: iteration 11950: 2139.531005859375
INFO: iteration 12000: 2962.2001953125
INFO: iteration 12050: 2694.443359375
INFO: iteration 12100: 2521.897216796875
INFO: iteration 12150: 2197.757080078125
INFO: iteration 12200: 2732.471923828125
INFO: iteration 12250: 2275.04150390625
INFO: iteration 12300: 2462.92431640625
INFO: iteration 12350: 2847.220703125
INFO: iteration 12400: 2205.68798828125
INFO: iteration 12450: 2449.108154296875
INFO: iteration 12500: 2563.488037109375
INFO: iteration 12550: 2405.110595703125
INFO: iteration 12600: 1920.8743896484375
INFO: iteration 12650: 2688.765380859375
INFO: iteration 12700: 2409.738525390625
INFO: iteration 12750: 2379.86083984375
INFO: iteration 12800: 1860.835693359375
INFO: iteration 12850: 2775.243408203125
INFO: iteration 12900: 1964.9658203125
INFO: iteration 12950: 2486.418701171875
INFO: iteration 13000: 2352.978271484375
INFO: iteration 13050: 1973.300048828125
INFO: iteration 13100: 2120.291259765625
INFO: iteration 13150: 2451.555908203125
INFO: iteration 13200: 2027.1651611328125
INFO: iteration 13250: 2043.5797119140625
INFO: iteration 13300: 2608.20166015625
INFO: iteration 13350: 1991.2696533203125
INFO: iteration 13400: 2087.797607421875
INFO: iteration 13450: 2082.984130859375
INFO: iteration 13500: 2239.4873046875
INFO: iteration 13550: 1995.630859375
INFO: iteration 13600: 2191.16845703125
INFO: iteration 13650: 2098.635986328125
INFO: iteration 13700: 2238.88623046875
INFO: iteration 13750: 1732.779541015625
INFO: iteration 13800: 2336.993408203125
INFO: iteration 13850: 1829.3770751953125
INFO: iteration 13900: 2098.76416015625
INFO: iteration 13950: 2191.45703125
INFO: iteration 14000: 1685.8779296875
INFO: iteration 14050: 1946.67724609375
INFO: iteration 14100: 2148.989501953125
INFO: iteration 14150: 1887.7269287109375
INFO: iteration 14200: 1683.8013916015625
INFO: iteration 14250: 2262.490234375
INFO: iteration 14300: 1878.1375732421875
INFO: iteration 14350: 1841.0233154296875
INFO: iteration 14400: 1887.5343017578125
INFO: iteration 14450: 2060.8076171875
INFO: iteration 14500: 1583.883544921875
INFO: iteration 14550: 1976.524169921875
INFO: iteration 14600: 1891.49072265625
INFO: iteration 14650: 1912.904296875
INFO: iteration 14700: 1641.0594482421875
INFO: iteration 14750: 1959.719970703125
INFO: iteration 14800: 1640.4254150390625
INFO: iteration 14850: 1743.7100830078125
INFO: iteration 14900: 1965.0906982421875
INFO: iteration 14950: 1692.845458984375
INFO: iteration 15000: 1846.9942626953125
INFO: iteration 15050: 1794.587158203125
INFO: iteration 15100: 1763.7137451171875
INFO: iteration 15150: 1476.678955078125
INFO: iteration 15200: 1837.6148681640625
INFO: iteration 15250: 1734.9942626953125
INFO: iteration 15300: 1802.6597900390625
INFO: iteration 15350: 1462.9395751953125
INFO: iteration 15400: 1969.5048828125
INFO: iteration 15450: 1468.8389892578125
INFO: iteration 15500: 1716.459716796875
INFO: iteration 15550: 1661.3839111328125
INFO: iteration 15600: 1588.3385009765625
INFO: iteration 15650: 1600.716064453125
INFO: iteration 15700: 1761.9066162109375
INFO: iteration 15750: 1508.4736328125
INFO: iteration 15800: 1490.6700439453125
INFO: iteration 15850: 1804.8096923828125
INFO: iteration 15900: 1514.869873046875
INFO: iteration 15950: 1614.0760498046875
INFO: iteration 16000: 1558.4111328125
INFO: iteration 16050: 1685.9527587890625
INFO: iteration 16100: 1437.0357666015625
INFO: iteration 16150: 1553.95068359375
INFO: iteration 16200: 1551.918212890625
INFO: iteration 16250: 1702.9779052734375
INFO: iteration 16300: 1336.021728515625
INFO: iteration 16350: 1704.2408447265625
INFO: iteration 16400: 1403.26318359375
INFO: iteration 16450: 1468.4381103515625
INFO: iteration 16500: 1608.3026123046875
INFO: iteration 16550: 1355.449462890625
INFO: iteration 16600: 1489.3165283203125
INFO: iteration 16650: 1582.2352294921875
INFO: iteration 16700: 1419.643798828125
INFO: iteration 16750: 1300.8477783203125
INFO: iteration 16800: 1591.181884765625
INFO: iteration 16850: 1444.749755859375
INFO: iteration 16900: 1444.0196533203125
INFO: iteration 16950: 1410.2470703125
INFO: iteration 17000: 1566.576416015625
INFO: iteration 17050: 1227.4771728515625
INFO: iteration 17100: 1430.2987060546875
INFO: iteration 17150: 1439.4002685546875
INFO: iteration 17200: 1481.59716796875
INFO: iteration 17250: 1249.990966796875
INFO: iteration 17300: 1499.3946533203125
INFO: iteration 17350: 1258.931396484375
INFO: iteration 17400: 1316.430908203125
INFO: iteration 17450: 1463.8924560546875
INFO: iteration 17500: 1332.175048828125
INFO: iteration 17550: 1427.203857421875
INFO: iteration 17600: 1372.7686767578125
INFO: iteration 17650: 1354.662109375
INFO: iteration 17700: 1162.2747802734375
INFO: iteration 17750: 1368.844482421875
INFO: iteration 17800: 1332.70654296875
INFO: iteration 17850: 1413.448486328125
INFO: iteration 17900: 1141.311279296875
INFO: iteration 17950: 1489.8359375
INFO: iteration 18000: 1176.8145751953125
INFO: iteration 18050: 1281.6168212890625
INFO: iteration 18100: 1293.0352783203125
INFO: iteration 18150: 1263.2626953125
INFO: iteration 18200: 1239.0885009765625
INFO: iteration 18250: 1362.803955078125
INFO: iteration 18300: 1187.77978515625
INFO: iteration 18350: 1160.9447021484375
INFO: iteration 18400: 1375.5465087890625
INFO: iteration 18450: 1182.9271240234375
INFO: iteration 18500: 1269.759521484375
INFO: iteration 18550: 1223.7508544921875
INFO: iteration 18600: 1318.19921875
INFO: iteration 18650: 1136.024169921875
INFO: iteration 18700: 1193.3046875
INFO: iteration 18750: 1225.986328125
INFO: iteration 18800: 1322.961669921875
INFO: iteration 18850: 1056.39404296875
INFO: iteration 18900: 1318.223876953125
INFO: iteration 18950: 1138.8143310546875
INFO: iteration 19000: 1127.5870361328125
INFO: iteration 19050: 1260.46923828125
INFO: iteration 19100: 1090.30517578125
INFO: iteration 19150: 1171.2828369140625
INFO: iteration 19200: 1238.330078125
INFO: iteration 19250: 1126.4244384765625
INFO: iteration 19300: 1058.0555419921875
INFO: iteration 19350: 1225.97900390625
INFO: iteration 19400: 1134.980712890625
INFO: iteration 19450: 1143.983154296875
INFO: iteration 19500: 1116.0330810546875
INFO: iteration 19550: 1236.5042724609375
INFO: iteration 19600: 1011.0606689453125
INFO: iteration 19650: 1106.95947265625
INFO: iteration 19700: 1144.4849853515625
INFO: iteration 19750: 1169.4638671875
INFO: iteration 19800: 988.9036865234375
INFO: iteration 19850: 1194.689453125
INFO: iteration 19900: 1015.2749633789062
INFO: iteration 19950: 1058.0836181640625
INFO: iteration 20000: 1149.614013671875
INFO: iteration 20050: 1061.1475830078125
INFO: iteration 20100: 1130.337646484375
INFO: iteration 20150: 1113.855224609375
INFO: iteration 20200: 1072.5048828125
INFO: iteration 20250: 961.62890625
INFO: iteration 20300: 1077.953369140625
INFO: iteration 20350: 1049.9412841796875
INFO: iteration 20400: 1117.1798095703125
INFO: iteration 20450: 939.270263671875
INFO: iteration 20500: 1181.0516357421875
INFO: iteration 20550: 978.8543090820312
INFO: iteration 20600: 1011.8740234375
INFO: iteration 20650: 1041.986572265625
INFO: iteration 20700: 1024.0745849609375
INFO: iteration 20750: 982.2731323242188
INFO: iteration 20800: 1103.9329833984375
INFO: iteration 20850: 966.048583984375
INFO: iteration 20900: 959.8391723632812
INFO: iteration 20950: 1093.8255615234375
INFO: iteration 21000: 951.1925048828125
INFO: iteration 21050: 1017.6493530273438
INFO: iteration 21100: 992.722900390625
INFO: iteration 21150: 1069.5614013671875
INFO: iteration 21200: 937.0075073242188
INFO: iteration 21250: 965.7989501953125
INFO: iteration 21300: 989.5084228515625
INFO: iteration 21350: 1053.9610595703125
INFO: iteration 21400: 868.8395385742188
INFO: iteration 21450: 1069.7430419921875
INFO: iteration 21500: 949.48583984375
INFO: iteration 21550: 916.1077880859375
INFO: iteration 21600: 1015.5799560546875
INFO: iteration 21650: 894.5844116210938
INFO: iteration 21700: 939.101806640625
INFO: iteration 21750: 1024.6297607421875
INFO: iteration 21800: 922.4067993164062
INFO: iteration 21850: 892.6450805664062
INFO: iteration 21900: 990.8157958984375
INFO: iteration 21950: 915.0499267578125
INFO: iteration 22000: 926.0175170898438
INFO: iteration 22050: 927.7002563476562
INFO: iteration 22100: 1014.1390991210938
INFO: iteration 22150: 856.3228149414062
INFO: iteration 22200: 906.091796875
INFO: iteration 22250: 929.212158203125
INFO: iteration 22300: 961.4346313476562
INFO: iteration 22350: 809.4044189453125
INFO: iteration 22400: 1004.7025756835938
INFO: iteration 22450: 838.357177734375
INFO: iteration 22500: 883.5547485351562
INFO: iteration 22550: 943.9275512695312
INFO: iteration 22600: 870.3494873046875
INFO: iteration 22650: 920.0490112304688
INFO: iteration 22700: 944.7568969726562
INFO: iteration 22750: 884.9996337890625
INFO: iteration 22800: 822.3182373046875
INFO: iteration 22850: 888.4339599609375
INFO: iteration 22900: 848.9030151367188
INFO: iteration 22950: 927.5809326171875
INFO: iteration 23000: 795.776611328125
INFO: iteration 23050: 992.53955078125
INFO: iteration 23100: 827.1978759765625
INFO: iteration 23150: 837.7507934570312
INFO: iteration 23200: 864.32568359375
INFO: iteration 23250: 857.79248046875
INFO: iteration 23300: 812.0875854492188
INFO: iteration 23350: 940.0322265625
INFO: iteration 23400: 808.4292602539062
INFO: iteration 23450: 813.9537353515625
INFO: iteration 23500: 905.560546875
INFO: iteration 23550: 786.1728515625
INFO: iteration 23600: 856.7227783203125
INFO: iteration 23650: 834.2349243164062
INFO: iteration 23700: 909.8151245117188
INFO: iteration 23750: 794.7424926757812
INFO: iteration 23800: 809.8067626953125
INFO: iteration 23850: 819.4852905273438
INFO: iteration 23900: 886.0408935546875
INFO: iteration 23950: 735.8309936523438
INFO: iteration 24000: 911.6943969726562
INFO: iteration 24050: 805.3343505859375
INFO: iteration 24100: 777.3497924804688
INFO: iteration 24150: 852.6085815429688
INFO: iteration 24200: 757.5740356445312
INFO: iteration 24250: 783.8265380859375
INFO: iteration 24300: 878.9356079101562
INFO: iteration 24350: 785.1137084960938
INFO: iteration 24400: 764.2169189453125
INFO: iteration 24450: 833.1383056640625
INFO: iteration 24500: 764.0428466796875
INFO: iteration 24550: 789.9385986328125
INFO: iteration 24600: 785.55908203125
INFO: iteration 24650: 869.1154174804688
INFO: iteration 24700: 733.322509765625
INFO: iteration 24750: 763.7103881835938
INFO: iteration 24800: 787.4080200195312
INFO: iteration 24850: 817.7774047851562
INFO: iteration 24900: 687.4658203125
INFO: iteration 24950: 868.175537109375
INFO: iteration 25000: 717.5336303710938
INFO: Xout[0] accepted clean as generated
INFO: Xout[1] accepted clean as generated
INFO: Xout[2] accepted clean as generated
INFO: Xout[3] accepted clean as generated
INFO: Xout[4] accepted clean as generated
INFO: Xout[5] accepted clean as generated
INFO: Xout[6] accepted clean as generated
INFO: Xout[7] accepted clean as generated
INFO: Xout[8] accepted clean as generated
INFO: Xout[9] accepted clean as generated
INFO: Xout[10] accepted clean as generated
INFO: Xout[11] accepted clean as generated
INFO: Xout[12] accepted clean as generated
INFO: Xout[13] accepted clean as generated
INFO: Xout[14] accepted clean as generated
INFO: Xout[15] has 2 components ... connecting
INFO: This should be covered by other voxel (nearby = 6)
INFO: This should be covered by other voxel (nearby = 6)
INFO: This should be covered by other voxel (nearby = 6)
INFO: Xout[16] accepted clean as generated
INFO: Xout[17] has 2 components ... connecting
INFO: Xout[18] accepted clean as generated
INFO: Xout[19] accepted clean as generated
INFO: Xout[20] accepted clean as generated
INFO: Xout[21] has 2 components ... connecting
INFO: Xout[22] accepted clean as generated
INFO: Xout[23] has 2 components ... connecting
INFO: Xout[24] accepted clean as generated
INFO: Xout[25] accepted clean as generated
INFO: Xout[26] accepted clean as generated
INFO: Xout[27] accepted clean as generated
INFO: Xout[28] has 2 components ... connecting
INFO: Xout[29] accepted clean as generated
INFO: Xout[30] has 2 components ... connecting
INFO: This should be covered by other voxel (nearby = 6)
INFO: This should be covered by other voxel (nearby = 6)
INFO: Xout[31] accepted clean as generated
INFO: Xout[32] accepted clean as generated
INFO: Xout[33] accepted clean as generated
INFO: Xout[34] accepted clean as generated
INFO: Xout[35] accepted clean as generated
INFO: Xout[36] accepted clean as generated
INFO: Xout[37] accepted clean as generated
INFO: Xout[38] accepted clean as generated
INFO: Xout[39] accepted clean as generated
INFO: Xout[40] has 2 components ... connecting
INFO: This should be covered by other voxel (nearby = 6)
INFO: This should be covered by other voxel (nearby = 6)
INFO: Xout[41] accepted clean as generated
INFO: Xout[42] accepted clean as generated
INFO: Xout[43] accepted clean as generated
INFO: Xout[44] accepted clean as generated
INFO: Xout[45] accepted clean as generated
INFO: Xout[46] accepted clean as generated
INFO: Xout[47] accepted clean as generated
INFO: Xout[48] accepted clean as generated
INFO: Xout[49] accepted clean as generated
INFO: Xout[50] accepted clean as generated
Images generated: 51, clean: 44, simple: 4, inverted: 0
INFO: Xout[0] has 2 components ... connecting
INFO: Xout[1] has 4 components ... connecting
INFO: This should be covered by other voxel (nearby = 6)
INFO: This should be covered by other voxel (nearby = 6)
INFO: This should be covered by other voxel (nearby = 6)
INFO: Xout[2] has 14 components ... connecting
INFO: This should be covered by other voxel (nearby = 48)
INFO: This should be covered by other voxel (nearby = 48)
INFO: This should be covered by other voxel (nearby = 48)
INFO: This should be covered by other voxel (nearby = 4128)
INFO: This should be covered by other voxel (nearby = 8320)
INFO: This should be covered by other voxel (nearby = 48)
INFO: This should be covered by other voxel (nearby = 48)
INFO: This should be covered by other voxel (nearby = 8320)
INFO: This should be covered by other voxel (nearby = 4128)
INFO: This should be covered by other voxel (nearby = 8320)
INFO: Xout[3] has 2 components ... connecting
INFO: Xout[4] has 9 components ... connecting
INFO: This should be covered by other voxel (nearby = 36)
INFO: This should be covered by other voxel (nearby = 68)
INFO: This should be covered by other voxel (nearby = 132)
INFO: This should be covered by other voxel (nearby = 36)
INFO: This should be covered by other voxel (nearby = 132)
INFO: This should be covered by other voxel (nearby = 68)
INFO: Xout[5] has 4 components ... connecting
INFO: This should be covered by other voxel (nearby = 10)
INFO: This should be covered by other voxel (nearby = 10)
INFO: This should be covered by other voxel (nearby = 10)
INFO: This should be covered by other voxel (nearby = 10)
INFO: Xout[6] has 2 components ... connecting
INFO: Xout[7] has 2 components ... connecting
INFO: This should be covered by other voxel (nearby = 6)
INFO: Xout[8] has 5 components ... connecting
INFO: Xout[9] has 3 components ... connecting
INFO: This should be covered by other voxel (nearby = 6)
INFO: This should be covered by other voxel (nearby = 6)
INFO: This should be covered by other voxel (nearby = 6)
INFO: Xout[10] has 3 components ... connecting
INFO: This should be covered by other voxel (nearby = 6)
INFO: This should be covered by other voxel (nearby = 6)
INFO: This should be covered by other voxel (nearby = 6)
INFO: Xout[11] has 2 components ... connecting
INFO: This should be covered by other voxel (nearby = 6)
INFO: Xout[12] has 3 components ... connecting
INFO: This should be covered by other voxel (nearby = 6)
INFO: Xout[13] has 3 components ... connecting
INFO: Xout[14] has 11 components ... connecting
INFO: Xout[15] has 7 components ... connecting
INFO: Xout[16] has 5 components ... connecting
INFO: This should be covered by other voxel (nearby = 24)
INFO: This should be covered by other voxel (nearby = 24)
INFO: Xout[17] has 7 components ... connecting
INFO: This should be covered by other voxel (nearby = 18)
INFO: Xout[18] has 2 components ... connecting
INFO: This should be covered by other voxel (nearby = 6)
INFO: This should be covered by other voxel (nearby = 6)
INFO: Xout[19] has 3 components ... connecting
INFO: This should be covered by other voxel (nearby = 6)
INFO: This should be covered by other voxel (nearby = 6)
INFO: This should be covered by other voxel (nearby = 6)
INFO: This should be covered by other voxel (nearby = 6)
INFO: Xout[20] has 12 components ... connecting
INFO: This should be covered by other voxel (nearby = 384)
INFO: This should be covered by other voxel (nearby = 384)
INFO: This should be covered by other voxel (nearby = 384)
INFO: This should be covered by other voxel (nearby = 4224)
INFO: This should be covered by other voxel (nearby = 4224)
INFO: Xout[21] has 2 components ... connecting
INFO: Xout[22] has 6 components ... connecting
INFO: This should be covered by other voxel (nearby = 34)
INFO: Xout[23] has 5 components ... connecting
INFO: Xout[24] accepted clean as generated
INFO: Xout[25] has 7 components ... connecting
INFO: This should be covered by other voxel (nearby = 18)
INFO: This should be covered by other voxel (nearby = 18)
INFO: This should be covered by other voxel (nearby = 18)
INFO: Xout[26] has 2 components ... connecting
INFO: Xout[27] has 2 components ... connecting
INFO: Xout[28] has 9 components ... connecting
INFO: This should be covered by other voxel (nearby = 24)
INFO: This should be covered by other voxel (nearby = 24)
INFO: This should be covered by other voxel (nearby = 24)
INFO: This should be covered by other voxel (nearby = 640)
INFO: This should be covered by other voxel (nearby = 640)
INFO: Xout[29] has 9 components ... connecting
INFO: This should be covered by other voxel (nearby = 34)
INFO: This should be covered by other voxel (nearby = 34)
INFO: This should be covered by other voxel (nearby = 384)
INFO: This should be covered by other voxel (nearby = 34)
INFO: This should be covered by other voxel (nearby = 34)
INFO: This should be covered by other voxel (nearby = 34)
INFO: This should be covered by other voxel (nearby = 514)
INFO: This should be covered by other voxel (nearby = 384)
INFO: This should be covered by other voxel (nearby = 514)
INFO: Xout[30] has 2 components ... connecting
INFO: Xout[31] has 3 components ... connecting
INFO: Xout[32] accepted clean as generated
INFO: Xout[33] has 2 components ... connecting
INFO: Xout[34] has 4 components ... connecting
INFO: Xout[35] has 5 components ... connecting
INFO: This should be covered by other voxel (nearby = 12)
INFO: This should be covered by other voxel (nearby = 12)
INFO: This should be covered by other voxel (nearby = 12)
INFO: This should be covered by other voxel (nearby = 34)
INFO: This should be covered by other voxel (nearby = 34)
INFO: Xout[36] accepted clean as generated
INFO: Xout[37] has 4 components ... connecting
INFO: This should be covered by other voxel (nearby = 12)
INFO: This should be covered by other voxel (nearby = 20)
INFO: This should be covered by other voxel (nearby = 12)
INFO: This should be covered by other voxel (nearby = 12)
INFO: This should be covered by other voxel (nearby = 12)
INFO: This should be covered by other voxel (nearby = 20)
INFO: Xout[38] has 3 components ... connecting
INFO: This should be covered by other voxel (nearby = 12)
INFO: This should be covered by other voxel (nearby = 12)
INFO: This should be covered by other voxel (nearby = 12)
INFO: This should be covered by other voxel (nearby = 10)
INFO: This should be covered by other voxel (nearby = 10)
INFO: Xout[39] accepted clean as generated
INFO: Xout[40] has 14 components ... connecting
INFO: This should be covered by other voxel (nearby = 12)
INFO: This should be covered by other voxel (nearby = 48)
INFO: This should be covered by other voxel (nearby = 288)
INFO: This should be covered by other voxel (nearby = 192)
INFO: This should be covered by other voxel (nearby = 12)
INFO: This should be covered by other voxel (nearby = 48)
INFO: This should be covered by other voxel (nearby = 288)
INFO: This should be covered by other voxel (nearby = 288)
INFO: This should be covered by other voxel (nearby = 192)
INFO: This should be covered by other voxel (nearby = 12)
INFO: This should be covered by other voxel (nearby = 48)
INFO: This should be covered by other voxel (nearby = 288)
INFO: This should be covered by other voxel (nearby = 192)
INFO: This should be covered by other voxel (nearby = 1026)
INFO: Xout[41] accepted clean as generated
INFO: Xout[42] has 9 components ... connecting
INFO: This should be covered by other voxel (nearby = 36)
INFO: This should be covered by other voxel (nearby = 132)
INFO: This should be covered by other voxel (nearby = 36)
INFO: This should be covered by other voxel (nearby = 132)
INFO: Xout[43] has 5 components ... connecting
INFO: Xout[44] has 4 components ... connecting
INFO: Xout[45] has 4 components ... connecting
INFO: Xout[46] has 6 components ... connecting
INFO: This should be covered by other voxel (nearby = 10)
INFO: This should be covered by other voxel (nearby = 10)
INFO: Xout[47] accepted clean as generated
INFO: Xout[48] accepted clean as generated
INFO: Xout[49] accepted clean as generated
INFO: Xout[50] has 6 components ... connecting
INFO: This should be covered by other voxel (nearby = 40)
INFO: This should be covered by other voxel (nearby = 40)
INFO: Xout[51] has 4 components ... connecting
INFO: Xout[52] accepted clean as generated
INFO: Xout[53] accepted clean as generated
INFO: Xout[54] has 3 components ... connecting
INFO: This should be covered by other voxel (nearby = 6)
INFO: This should be covered by other voxel (nearby = 6)
INFO: Xout[55] has 5 components ... connecting
INFO: This should be covered by other voxel (nearby = 10)
INFO: Xout[56] accepted clean as generated
INFO: Xout[57] has 4 components ... connecting
INFO: This should be covered by other voxel (nearby = 20)
INFO: This should be covered by other voxel (nearby = 20)
INFO: This should be covered by other voxel (nearby = 20)
INFO: Xout[58] accepted clean as generated
INFO: Xout[59] has 8 components ... connecting
INFO: This should be covered by other voxel (nearby = 6)
INFO: This should be covered by other voxel (nearby = 6)
INFO: This should be covered by other voxel (nearby = 6)
INFO: This should be covered by other voxel (nearby = 68)
INFO: Xout[60] has 3 components ... connecting
INFO: Xout[61] has 2 components ... connecting
INFO: This should be covered by other voxel (nearby = 6)
INFO: This should be covered by other voxel (nearby = 6)
INFO: Xout[62] has 5 components ... connecting
INFO: Xout[63] accepted clean as generated
INFO: Xout[64] has 4 components ... connecting
INFO: Xout[65] has 3 components ... connecting
INFO: This should be covered by other voxel (nearby = 10)
INFO: Xout[66] has 2 components ... connecting
INFO: Xout[67] has 4 components ... connecting
INFO: Xout[68] has 2 components ... connecting
INFO: Xout[69] has 4 components ... connecting
INFO: Xout[70] has 3 components ... connecting
INFO: This should be covered by other voxel (nearby = 12)
INFO: This should be covered by other voxel (nearby = 12)
INFO: Xout[71] accepted clean as generated
INFO: Xout[72] has 3 components ... connecting
INFO: Xout[73] has 7 components ... connecting
INFO: This should be covered by other voxel (nearby = 68)
INFO: This should be covered by other voxel (nearby = 132)
INFO: This should be covered by other voxel (nearby = 68)
INFO: This should be covered by other voxel (nearby = 132)
INFO: This should be covered by other voxel (nearby = 132)
INFO: This should be covered by other voxel (nearby = 68)
INFO: This should be covered by other voxel (nearby = 68)
INFO: This should be covered by other voxel (nearby = 132)
INFO: This should be covered by other voxel (nearby = 68)
INFO: Xout[74] has 2 components ... connecting
INFO: Xout[75] accepted clean as generated
INFO: Xout[76] has 4 components ... connecting
INFO: Xout[77] has 2 components ... connecting
INFO: Xout[78] has 2 components ... connecting
INFO: Xout[79] accepted clean as generated
INFO: Xout[80] has 2 components ... connecting
INFO: Xout[81] has 8 components ... connecting
INFO: Xout[82] has 8 components ... connecting
INFO: This should be covered by other voxel (nearby = 68)
INFO: This should be covered by other voxel (nearby = 10)
INFO: This should be covered by other voxel (nearby = 68)
INFO: This should be covered by other voxel (nearby = 10)
INFO: This should be covered by other voxel (nearby = 68)
INFO: This should be covered by other voxel (nearby = 10)
INFO: Xout[83] has 8 components ... connecting
INFO: This should be covered by other voxel (nearby = 20)
INFO: This should be covered by other voxel (nearby = 48)
INFO: Xout[84] has 14 components ... connecting
INFO: This should be covered by other voxel (nearby = 132)
INFO: This should be covered by other voxel (nearby = 16400)
INFO: This should be covered by other voxel (nearby = 16400)
INFO: Xout[85] has 2 components ... connecting
INFO: Xout[86] has 3 components ... connecting
INFO: Xout[87] accepted clean as generated
INFO: Xout[88] accepted clean as generated
INFO: Xout[89] accepted clean as generated
INFO: Xout[90] accepted clean as generated
INFO: Xout[91] has 5 components ... connecting
INFO: This should be covered by other voxel (nearby = 6)
INFO: This should be covered by other voxel (nearby = 6)
INFO: Xout[92] accepted clean as generated
INFO: Xout[93] has 2 components ... connecting
INFO: Xout[94] has 3 components ... connecting
INFO: Xout[95] accepted clean as generated
INFO: Xout[96] has 3 components ... connecting
INFO: Xout[97] accepted clean as generated
INFO: Xout[98] has 4 components ... connecting
INFO: Xout[99] has 3 components ... connecting
INFO: This should be covered by other voxel (nearby = 10)
INFO: Xout[100] has 4 components ... connecting
INFO: This should be covered by other voxel (nearby = 18)
INFO: This should be covered by other voxel (nearby = 18)
INFO: Xout[101] accepted clean as generated
INFO: Xout[102] has 3 components ... connecting
INFO: Xout[103] has 8 components ... connecting
INFO: This should be covered by other voxel (nearby = 48)
INFO: This should be covered by other voxel (nearby = 80)
INFO: This should be covered by other voxel (nearby = 80)
INFO: This should be covered by other voxel (nearby = 48)
INFO: This should be covered by other voxel (nearby = 80)
INFO: Xout[104] has 2 components ... connecting
INFO: Xout[105] accepted clean as generated
INFO: Xout[106] has 2 components ... connecting
INFO: Xout[107] has 4 components ... connecting
INFO: This should be covered by other voxel (nearby = 12)
INFO: This should be covered by other voxel (nearby = 12)
INFO: Xout[108] has 10 components ... connecting
INFO: This should be covered by other voxel (nearby = 18)
INFO: This should be covered by other voxel (nearby = 18)
INFO: This should be covered by other voxel (nearby = 18)
INFO: This should be covered by other voxel (nearby = 18)
INFO: This should be covered by other voxel (nearby = 1536)
INFO: This should be covered by other voxel (nearby = 18)
INFO: This should be covered by other voxel (nearby = 18)
INFO: This should be covered by other voxel (nearby = 130)
INFO: This should be covered by other voxel (nearby = 130)
INFO: This should be covered by other voxel (nearby = 1026)
INFO: This should be covered by other voxel (nearby = 1026)
INFO: This should be covered by other voxel (nearby = 1536)
INFO: Xout[109] has 3 components ... connecting
INFO: Xout[110] has 3 components ... connecting
INFO: Xout[111] has 3 components ... connecting
INFO: This should be covered by other voxel (nearby = 6)
INFO: This should be covered by other voxel (nearby = 6)
INFO: This should be covered by other voxel (nearby = 6)
INFO: This should be covered by other voxel (nearby = 6)
INFO: Xout[112] has 4 components ... connecting
INFO: This should be covered by other voxel (nearby = 10)
INFO: This should be covered by other voxel (nearby = 10)
INFO: This should be covered by other voxel (nearby = 10)
INFO: Xout[113] has 4 components ... connecting
INFO: Xout[114] accepted clean as generated
INFO: Xout[115] has 3 components ... connecting
INFO: Xout[116] has 2 components ... connecting
INFO: Xout[117] has 8 components ... connecting
INFO: This should be covered by other voxel (nearby = 66)
INFO: This should be covered by other voxel (nearby = 66)
INFO: This should be covered by other voxel (nearby = 66)
INFO: This should be covered by other voxel (nearby = 66)
INFO: This should be covered by other voxel (nearby = 66)
INFO: Xout[118] has 6 components ... connecting
INFO: This should be covered by other voxel (nearby = 48)
INFO: This should be covered by other voxel (nearby = 24)
INFO: This should be covered by other voxel (nearby = 24)
INFO: This should be covered by other voxel (nearby = 48)
INFO: Xout[119] accepted clean as generated
INFO: Xout[120] has 5 components ... connecting
INFO: This should be covered by other voxel (nearby = 6)
INFO: This should be covered by other voxel (nearby = 6)
INFO: This should be covered by other voxel (nearby = 48)
INFO: This should be covered by other voxel (nearby = 48)
INFO: This should be covered by other voxel (nearby = 48)
INFO: Xout[121] has 3 components ... connecting
INFO: Xout[122] has 2 components ... connecting
INFO: Xout[123] has 3 components ... connecting
INFO: Xout[124] accepted clean as generated
INFO: Xout[125] accepted clean as generated
INFO: Xout[126] accepted clean as generated
INFO: Xout[127] accepted clean as generated
INFO: Xout[128] accepted clean as generated
INFO: Xout[129] has 8 components ... connecting
INFO: This should be covered by other voxel (nearby = 96)
INFO: This should be covered by other voxel (nearby = 132)
INFO: This should be covered by other voxel (nearby = 96)
INFO: This should be covered by other voxel (nearby = 132)
INFO: Xout[130] accepted clean as generated
INFO: Xout[131] has 20 components ... connecting
INFO: This should be covered by other voxel (nearby = 40)
INFO: This should be covered by other voxel (nearby = 520)
INFO: This should be covered by other voxel (nearby = 520)
INFO: This should be covered by other voxel (nearby = 264)
INFO: This should be covered by other voxel (nearby = 264)
INFO: This should be covered by other voxel (nearby = 1032)
INFO: This should be covered by other voxel (nearby = 2056)
INFO: This should be covered by other voxel (nearby = 4104)
INFO: This should be covered by other voxel (nearby = 520)
INFO: This should be covered by other voxel (nearby = 520)
INFO: This should be covered by other voxel (nearby = 1032)
INFO: This should be covered by other voxel (nearby = 65544)
INFO: This should be covered by other voxel (nearby = 520)
INFO: This should be covered by other voxel (nearby = 520)
INFO: This should be covered by other voxel (nearby = 264)
INFO: This should be covered by other voxel (nearby = 1032)
INFO: This should be covered by other voxel (nearby = 4104)
INFO: This should be covered by other voxel (nearby = 520)
INFO: This should be covered by other voxel (nearby = 65544)
INFO: Xout[132] has 2 components ... connecting
INFO: Xout[133] has 3 components ... connecting
INFO: Xout[134] accepted clean as generated
INFO: Xout[135] has 2 components ... connecting
INFO: Xout[136] has 10 components ... connecting
INFO: This should be covered by other voxel (nearby = 66)
INFO: This should be covered by other voxel (nearby = 66)
INFO: This should be covered by other voxel (nearby = 514)
INFO: This should be covered by other voxel (nearby = 384)
INFO: This should be covered by other voxel (nearby = 258)
INFO: This should be covered by other voxel (nearby = 130)
INFO: This should be covered by other voxel (nearby = 1536)
INFO: This should be covered by other voxel (nearby = 66)
INFO: This should be covered by other voxel (nearby = 384)
INFO: This should be covered by other voxel (nearby = 258)
INFO: This should be covered by other voxel (nearby = 258)
INFO: This should be covered by other voxel (nearby = 1536)
INFO: This should be covered by other voxel (nearby = 66)
INFO: This should be covered by other voxel (nearby = 66)
INFO: This should be covered by other voxel (nearby = 514)
INFO: This should be covered by other voxel (nearby = 384)
INFO: This should be covered by other voxel (nearby = 258)
INFO: This should be covered by other voxel (nearby = 130)
INFO: This should be covered by other voxel (nearby = 1536)
INFO: This should be covered by other voxel (nearby = 1026)
INFO: Xout[137] has 12 components ... connecting
INFO: This should be covered by other voxel (nearby = 6)
INFO: This should be covered by other voxel (nearby = 66)
INFO: Xout[138] has 9 components ... connecting
INFO: This should be covered by other voxel (nearby = 48)
INFO: This should be covered by other voxel (nearby = 48)
INFO: This should be covered by other voxel (nearby = 272)
INFO: This should be covered by other voxel (nearby = 288)
INFO: This should be covered by other voxel (nearby = 288)
INFO: This should be covered by other voxel (nearby = 514)
INFO: This should be covered by other voxel (nearby = 514)
INFO: Xout[139] has 2 components ... connecting
INFO: Xout[140] has 3 components ... connecting
INFO: This should be covered by other voxel (nearby = 6)
INFO: This should be covered by other voxel (nearby = 10)
INFO: This should be covered by other voxel (nearby = 6)
INFO: This should be covered by other voxel (nearby = 10)
INFO: This should be covered by other voxel (nearby = 6)
INFO: This should be covered by other voxel (nearby = 10)
INFO: Xout[141] has 7 components ... connecting
INFO: This should be covered by other voxel (nearby = 20)
INFO: This should be covered by other voxel (nearby = 20)
INFO: This should be covered by other voxel (nearby = 20)
INFO: Xout[142] has 4 components ... connecting
INFO: This should be covered by other voxel (nearby = 10)
INFO: This should be covered by other voxel (nearby = 10)
INFO: This should be covered by other voxel (nearby = 6)
INFO: Xout[143] has 2 components ... connecting
INFO: Xout[144] has 5 components ... connecting
INFO: Xout[145] has 4 components ... connecting
INFO: Xout[146] accepted clean as generated
INFO: Xout[147] accepted clean as generated
INFO: Xout[148] accepted clean as generated
INFO: Xout[149] has 2 components ... connecting
INFO: Xout[150] has 2 components ... connecting
INFO: Xout[151] accepted clean as generated
INFO: Xout[152] has 4 components ... connecting
INFO: Xout[153] has 7 components ... connecting
INFO: Xout[154] has 6 components ... connecting
INFO: This should be covered by other voxel (nearby = 10)
INFO: This should be covered by other voxel (nearby = 6)
INFO: This should be covered by other voxel (nearby = 6)
INFO: This should be covered by other voxel (nearby = 6)
INFO: This should be covered by other voxel (nearby = 10)
INFO: This should be covered by other voxel (nearby = 6)
INFO: Xout[155] has 2 components ... connecting
INFO: Xout[156] accepted clean as generated
INFO: Xout[157] has 2 components ... connecting
INFO: This should be covered by other voxel (nearby = 6)
INFO: This should be covered by other voxel (nearby = 6)
INFO: This should be covered by other voxel (nearby = 6)
INFO: This should be covered by other voxel (nearby = 6)
INFO: Xout[158] has 3 components ... connecting
INFO: This should be covered by other voxel (nearby = 6)
INFO: This should be covered by other voxel (nearby = 6)
INFO: This should be covered by other voxel (nearby = 10)
INFO: Xout[159] accepted clean as generated
INFO: Xout[160] has 3 components ... connecting
INFO: This should be covered by other voxel (nearby = 10)
INFO: This should be covered by other voxel (nearby = 10)
INFO: This should be covered by other voxel (nearby = 10)
INFO: Xout[161] has 2 components ... connecting
INFO: Xout[162] has 3 components ... connecting
INFO: Xout[163] has 13 components ... connecting
INFO: This should be covered by other voxel (nearby = 384)
INFO: This should be covered by other voxel (nearby = 6144)
INFO: This should be covered by other voxel (nearby = 384)
INFO: This should be covered by other voxel (nearby = 384)
INFO: This should be covered by other voxel (nearby = 8194)
INFO: This should be covered by other voxel (nearby = 258)
INFO: This should be covered by other voxel (nearby = 8194)
INFO: Xout[164] has 5 components ... connecting
INFO: This should be covered by other voxel (nearby = 34)
INFO: This should be covered by other voxel (nearby = 34)
INFO: This should be covered by other voxel (nearby = 34)
INFO: This should be covered by other voxel (nearby = 34)
INFO: Xout[165] accepted clean as generated
INFO: Xout[166] has 2 components ... connecting
INFO: Xout[167] has 6 components ... connecting
INFO: Xout[168] accepted clean as generated
INFO: Xout[169] has 3 components ... connecting
INFO: Xout[170] accepted clean as generated
INFO: Xout[171] has 4 components ... connecting
INFO: Xout[172] has 3 components ... connecting
INFO: This should be covered by other voxel (nearby = 6)
INFO: Xout[173] has 7 components ... connecting
INFO: This should be covered by other voxel (nearby = 6)
INFO: This should be covered by other voxel (nearby = 12)
INFO: This should be covered by other voxel (nearby = 6)
INFO: This should be covered by other voxel (nearby = 6)
INFO: This should be covered by other voxel (nearby = 72)
INFO: This should be covered by other voxel (nearby = 72)
INFO: This should be covered by other voxel (nearby = 136)
INFO: Xout[174] has 3 components ... connecting
INFO: Xout[175] accepted clean as generated
INFO: Xout[176] accepted clean as generated
INFO: Xout[177] accepted clean as generated
INFO: Xout[178] accepted clean as generated
INFO: Xout[179] has 6 components ... connecting
INFO: This should be covered by other voxel (nearby = 34)
INFO: Xout[180] has 3 components ... connecting
INFO: Xout[181] has 6 components ... connecting
INFO: This should be covered by other voxel (nearby = 6)
INFO: This should be covered by other voxel (nearby = 10)
INFO: This should be covered by other voxel (nearby = 34)
INFO: This should be covered by other voxel (nearby = 6)
INFO: This should be covered by other voxel (nearby = 34)
INFO: This should be covered by other voxel (nearby = 66)
INFO: This should be covered by other voxel (nearby = 66)
INFO: This should be covered by other voxel (nearby = 10)
INFO: This should be covered by other voxel (nearby = 34)
INFO: This should be covered by other voxel (nearby = 66)
INFO: Xout[182] has 2 components ... connecting
INFO: Xout[183] accepted clean as generated
INFO: Xout[184] has 2 components ... connecting
INFO: This should be covered by other voxel (nearby = 6)
INFO: This should be covered by other voxel (nearby = 6)
INFO: Xout[185] has 6 components ... connecting
INFO: This should be covered by other voxel (nearby = 66)
INFO: Xout[186] has 5 components ... connecting
INFO: This should be covered by other voxel (nearby = 10)
INFO: This should be covered by other voxel (nearby = 10)
INFO: Xout[187] has 3 components ... connecting
INFO: Xout[188] accepted clean as generated
INFO: Xout[189] has 3 components ... connecting
INFO: This should be covered by other voxel (nearby = 12)
INFO: This should be covered by other voxel (nearby = 12)
INFO: This should be covered by other voxel (nearby = 12)
INFO: This should be covered by other voxel (nearby = 12)
INFO: This should be covered by other voxel (nearby = 12)
INFO: Xout[190] has 2 components ... connecting
INFO: Xout[191] accepted clean as generated
INFO: Xout[192] has 3 components ... connecting
INFO: This should be covered by other voxel (nearby = 12)
INFO: This should be covered by other voxel (nearby = 12)
INFO: This should be covered by other voxel (nearby = 12)
INFO: Xout[193] has 2 components ... connecting
INFO: Xout[194] has 2 components ... connecting
INFO: Xout[195] has 2 components ... connecting
INFO: Xout[196] has 2 components ... connecting
INFO: Xout[197] has 11 components ... connecting
INFO: This should be covered by other voxel (nearby = 768)
INFO: This should be covered by other voxel (nearby = 768)
INFO: This should be covered by other voxel (nearby = 2050)
INFO: This should be covered by other voxel (nearby = 2050)
INFO: This should be covered by other voxel (nearby = 2050)
INFO: Xout[198] accepted clean as generated
INFO: Xout[199] has 3 components ... connecting
INFO: This should be covered by other voxel (nearby = 12)
INFO: This should be covered by other voxel (nearby = 12)
INFO: This should be covered by other voxel (nearby = 12)
INFO: Xout[200] has 2 components ... connecting
INFO: Xout[201] has 5 components ... connecting
INFO: Xout[202] has 9 components ... connecting
INFO: Xout[203] has 3 components ... connecting
INFO: Xout[204] has 3 components ... connecting
INFO: Xout[205] has 16 components ... connecting
INFO: This should be covered by other voxel (nearby = 6)
INFO: This should be covered by other voxel (nearby = 6)
INFO: This should be covered by other voxel (nearby = 96)
INFO: This should be covered by other voxel (nearby = 6)
INFO: This should be covered by other voxel (nearby = 33024)
INFO: This should be covered by other voxel (nearby = 65792)
INFO: This should be covered by other voxel (nearby = 8196)
INFO: This should be covered by other voxel (nearby = 8196)
INFO: This should be covered by other voxel (nearby = 66)
INFO: This should be covered by other voxel (nearby = 33024)
INFO: This should be covered by other voxel (nearby = 65792)
INFO: Xout[206] has 3 components ... connecting
INFO: Xout[207] accepted clean as generated
INFO: Xout[208] has 4 components ... connecting
INFO: Xout[209] accepted clean as generated
INFO: Xout[210] accepted clean as generated
INFO: Xout[211] accepted clean as generated
INFO: Xout[212] accepted clean as generated
INFO: Xout[213] accepted clean as generated
INFO: Xout[214] has 3 components ... connecting
INFO: This should be covered by other voxel (nearby = 6)
INFO: This should be covered by other voxel (nearby = 6)
INFO: This should be covered by other voxel (nearby = 6)
INFO: Xout[215] has 5 components ... connecting
INFO: Xout[216] has 11 components ... connecting
INFO: This should be covered by other voxel (nearby = 514)
INFO: Xout[217] has 3 components ... connecting
INFO: Xout[218] has 7 components ... connecting
INFO: Xout[219] has 4 components ... connecting
INFO: This should be covered by other voxel (nearby = 6)
INFO: This should be covered by other voxel (nearby = 18)
INFO: This should be covered by other voxel (nearby = 18)
INFO: This should be covered by other voxel (nearby = 18)
INFO: Xout[220] has 4 components ... connecting
INFO: Xout[221] has 6 components ... connecting
INFO: Xout[222] accepted clean as generated
INFO: Xout[223] has 2 components ... connecting
INFO: This should be covered by other voxel (nearby = 6)
INFO: This should be covered by other voxel (nearby = 6)
INFO: Xout[224] has 2 components ... connecting
INFO: Xout[225] has 3 components ... connecting
INFO: Xout[226] has 4 components ... connecting
INFO: Xout[227] has 2 components ... connecting
INFO: Xout[228] accepted clean as generated
INFO: Xout[229] has 3 components ... connecting
INFO: Xout[230] has 2 components ... connecting
INFO: Xout[231] has 7 components ... connecting
INFO: This should be covered by other voxel (nearby = 12)
INFO: Xout[232] accepted clean as generated
INFO: Xout[233] has 7 components ... connecting
INFO: This should be covered by other voxel (nearby = 10)
INFO: This should be covered by other voxel (nearby = 10)
INFO: This should be covered by other voxel (nearby = 10)
INFO: This should be covered by other voxel (nearby = 10)
INFO: This should be covered by other voxel (nearby = 130)
INFO: This should be covered by other voxel (nearby = 130)
INFO: This should be covered by other voxel (nearby = 130)
INFO: Xout[234] accepted clean as generated
INFO: Xout[235] accepted clean as generated
INFO: Xout[236] has 7 components ... connecting
INFO: This should be covered by other voxel (nearby = 12)
INFO: This should be covered by other voxel (nearby = 6)
INFO: This should be covered by other voxel (nearby = 6)
INFO: This should be covered by other voxel (nearby = 6)
INFO: This should be covered by other voxel (nearby = 130)
INFO: Xout[237] accepted clean as generated
INFO: Xout[238] has 4 components ... connecting
INFO: Xout[239] accepted clean as generated
INFO: Xout[240] accepted clean as generated
INFO: Xout[241] has 2 components ... connecting
INFO: This should be covered by other voxel (nearby = 6)
INFO: This should be covered by other voxel (nearby = 6)
INFO: This should be covered by other voxel (nearby = 6)
INFO: This should be covered by other voxel (nearby = 6)
INFO: Xout[242] accepted clean as generated
INFO: Xout[243] has 6 components ... connecting
INFO: This should be covered by other voxel (nearby = 18)
INFO: This should be covered by other voxel (nearby = 18)
INFO: This should be covered by other voxel (nearby = 18)
INFO: Xout[244] has 3 components ... connecting
INFO: This should be covered by other voxel (nearby = 10)
INFO: This should be covered by other voxel (nearby = 6)
INFO: This should be covered by other voxel (nearby = 10)
INFO: This should be covered by other voxel (nearby = 6)
INFO: Xout[245] has 2 components ... connecting
INFO: Xout[246] has 7 components ... connecting
INFO: Xout[247] has 4 components ... connecting
INFO: This should be covered by other voxel (nearby = 6)
INFO: This should be covered by other voxel (nearby = 6)
INFO: This should be covered by other voxel (nearby = 6)
INFO: This should be covered by other voxel (nearby = 6)
INFO: This should be covered by other voxel (nearby = 6)
INFO: Xout[248] has 3 components ... connecting
INFO: Xout[249] has 7 components ... connecting
INFO: This should be covered by other voxel (nearby = 10)
INFO: This should be covered by other voxel (nearby = 10)
INFO: This should be covered by other voxel (nearby = 18)
INFO: This should be covered by other voxel (nearby = 10)
INFO: This should be covered by other voxel (nearby = 132)
INFO: This should be covered by other voxel (nearby = 10)
INFO: This should be covered by other voxel (nearby = 10)
INFO: This should be covered by other voxel (nearby = 18)
INFO: This should be covered by other voxel (nearby = 132)
INFO: Xout[250] has 7 components ... connecting
INFO: Xout[251] has 4 components ... connecting
INFO: This should be covered by other voxel (nearby = 6)
INFO: Xout[252] has 3 components ... connecting
INFO: Xout[253] accepted clean as generated
INFO: Xout[254] has 6 components ... connecting
INFO: This should be covered by other voxel (nearby = 10)
INFO: This should be covered by other voxel (nearby = 10)
INFO: Xout[255] has 8 components ... connecting
INFO: Xout[256] accepted clean as generated
INFO: Xout[257] has 2 components ... connecting
INFO: Xout[258] accepted clean as generated
INFO: Xout[259] accepted clean as generated
INFO: Xout[260] accepted clean as generated
INFO: Xout[261] has 11 components ... connecting
INFO: This should be covered by other voxel (nearby = 10)
INFO: This should be covered by other voxel (nearby = 10)
INFO: This should be covered by other voxel (nearby = 10)
INFO: This should be covered by other voxel (nearby = 514)
INFO: This should be covered by other voxel (nearby = 514)
INFO: Xout[262] has 2 components ... connecting
INFO: This should be covered by other voxel (nearby = 6)
INFO: This should be covered by other voxel (nearby = 6)
INFO: This should be covered by other voxel (nearby = 6)
INFO: This should be covered by other voxel (nearby = 6)
INFO: Xout[263] has 9 components ... connecting
INFO: This should be covered by other voxel (nearby = 20)
INFO: This should be covered by other voxel (nearby = 768)
INFO: This should be covered by other voxel (nearby = 68)
INFO: This should be covered by other voxel (nearby = 768)
INFO: This should be covered by other voxel (nearby = 768)
INFO: This should be covered by other voxel (nearby = 68)
INFO: This should be covered by other voxel (nearby = 768)
INFO: Xout[264] has 6 components ... connecting
INFO: This should be covered by other voxel (nearby = 20)
INFO: This should be covered by other voxel (nearby = 20)
INFO: This should be covered by other voxel (nearby = 34)
INFO: Xout[265] has 3 components ... connecting
INFO: Xout[266] has 2 components ... connecting
INFO: Xout[267] accepted clean as generated
INFO: Xout[268] has 5 components ... connecting
INFO: Xout[269] has 6 components ... connecting
INFO: This should be covered by other voxel (nearby = 10)
INFO: Xout[270] has 7 components ... connecting
INFO: This should be covered by other voxel (nearby = 6)
INFO: This should be covered by other voxel (nearby = 6)
INFO: Xout[271] has 3 components ... connecting
INFO: Xout[272] has 13 components ... connecting
INFO: This should be covered by other voxel (nearby = 24)
INFO: This should be covered by other voxel (nearby = 36)
INFO: This should be covered by other voxel (nearby = 24)
INFO: This should be covered by other voxel (nearby = 12288)
INFO: This should be covered by other voxel (nearby = 36)
INFO: This should be covered by other voxel (nearby = 12288)
INFO: This should be covered by other voxel (nearby = 36)
INFO: This should be covered by other voxel (nearby = 132)
INFO: This should be covered by other voxel (nearby = 68)
INFO: Xout[273] has 0 components ... connecting
INFO: Xout[273] has 3 components ... connecting
INFO: This should be covered by other voxel (nearby = 10)
INFO: Xout[274] accepted clean as generated
INFO: Xout[275] has 3 components ... connecting
INFO: Xout[276] accepted clean as generated
INFO: Xout[277] has 2 components ... connecting
INFO: Xout[278] has 3 components ... connecting
INFO: This should be covered by other voxel (nearby = 6)
INFO: Xout[279] accepted clean as generated
INFO: Xout[280] has 2 components ... connecting
INFO: Xout[281] has 4 components ... connecting
INFO: This should be covered by other voxel (nearby = 10)
INFO: This should be covered by other voxel (nearby = 18)
INFO: This should be covered by other voxel (nearby = 10)
INFO: This should be covered by other voxel (nearby = 10)
INFO: Xout[282] has 3 components ... connecting
INFO: Xout[283] accepted clean as generated
INFO: Xout[284] has 7 components ... connecting
INFO: Xout[285] has 2 components ... connecting
INFO: Xout[286] accepted clean as generated
INFO: Xout[287] has 4 components ... connecting
INFO: This should be covered by other voxel (nearby = 10)
INFO: This should be covered by other voxel (nearby = 10)
INFO: Xout[288] accepted clean as generated
INFO: Xout[289] accepted clean as generated
INFO: Xout[290] has 2 components ... connecting
INFO: Xout[291] accepted clean as generated
INFO: Xout[292] has 5 components ... connecting
INFO: Xout[293] has 5 components ... connecting
INFO: Xout[294] accepted clean as generated
INFO: Xout[295] has 4 components ... connecting
INFO: Xout[296] accepted clean as generated
INFO: Xout[297] accepted clean as generated
INFO: Xout[298] accepted clean as generated
INFO: Xout[299] has 3 components ... connecting
INFO: This should be covered by other voxel (nearby = 12)
INFO: This should be covered by other voxel (nearby = 12)
INFO: This should be covered by other voxel (nearby = 12)
INFO: This should be covered by other voxel (nearby = 12)
INFO: Xout[300] accepted clean as generated
INFO: Xout[301] has 5 components ... connecting
INFO: Xout[302] has 2 components ... connecting
INFO: Xout[303] has 6 components ... connecting
INFO: This should be covered by other voxel (nearby = 40)
INFO: This should be covered by other voxel (nearby = 40)
INFO: This should be covered by other voxel (nearby = 40)
INFO: Xout[304] has 2 components ... connecting
INFO: Xout[305] has 3 components ... connecting
INFO: Xout[306] has 6 components ... connecting
INFO: Xout[307] accepted clean as generated
INFO: Xout[308] accepted clean as generated
INFO: Xout[309] has 3 components ... connecting
INFO: Xout[310] accepted clean as generated
INFO: Xout[311] has 10 components ... connecting
INFO: This should be covered by other voxel (nearby = 6)
INFO: This should be covered by other voxel (nearby = 192)
INFO: This should be covered by other voxel (nearby = 6)
INFO: This should be covered by other voxel (nearby = 6)
INFO: This should be covered by other voxel (nearby = 192)
INFO: This should be covered by other voxel (nearby = 6)
INFO: This should be covered by other voxel (nearby = 192)
INFO: This should be covered by other voxel (nearby = 1088)
INFO: Xout[312] accepted clean as generated
INFO: Xout[313] has 4 components ... connecting
INFO: This should be covered by other voxel (nearby = 6)
INFO: This should be covered by other voxel (nearby = 18)
INFO: This should be covered by other voxel (nearby = 18)
INFO: This should be covered by other voxel (nearby = 18)
INFO: Xout[314] accepted clean as generated
INFO: Xout[315] has 14 components ... connecting
INFO: This should be covered by other voxel (nearby = 96)
INFO: This should be covered by other voxel (nearby = 130)
INFO: This should be covered by other voxel (nearby = 10)
INFO: This should be covered by other voxel (nearby = 10)
INFO: This should be covered by other voxel (nearby = 1026)
INFO: This should be covered by other voxel (nearby = 6144)
INFO: This should be covered by other voxel (nearby = 96)
INFO: This should be covered by other voxel (nearby = 130)
INFO: This should be covered by other voxel (nearby = 10)
INFO: This should be covered by other voxel (nearby = 10)
INFO: This should be covered by other voxel (nearby = 1026)
INFO: This should be covered by other voxel (nearby = 96)
INFO: This should be covered by other voxel (nearby = 34)
INFO: This should be covered by other voxel (nearby = 130)
INFO: This should be covered by other voxel (nearby = 258)
INFO: This should be covered by other voxel (nearby = 258)
INFO: This should be covered by other voxel (nearby = 10)
INFO: This should be covered by other voxel (nearby = 10)
INFO: This should be covered by other voxel (nearby = 1026)
INFO: This should be covered by other voxel (nearby = 6144)
INFO: Xout[316] has 4 components ... connecting
INFO: This should be covered by other voxel (nearby = 6)
INFO: This should be covered by other voxel (nearby = 6)
INFO: This should be covered by other voxel (nearby = 6)
INFO: Xout[317] has 3 components ... connecting
INFO: This should be covered by other voxel (nearby = 10)
INFO: This should be covered by other voxel (nearby = 10)
INFO: Xout[318] has 6 components ... connecting
INFO: This should be covered by other voxel (nearby = 12)
INFO: This should be covered by other voxel (nearby = 40)
INFO: This should be covered by other voxel (nearby = 12)
INFO: This should be covered by other voxel (nearby = 12)
INFO: This should be covered by other voxel (nearby = 40)
INFO: Xout[319] has 3 components ... connecting
INFO: This should be covered by other voxel (nearby = 12)
INFO: This should be covered by other voxel (nearby = 12)
INFO: Xout[320] accepted clean as generated
INFO: Xout[321] has 9 components ... connecting
INFO: Xout[322] accepted clean as generated
INFO: Xout[323] has 2 components ... connecting
INFO: Xout[324] accepted clean as generated
INFO: Xout[325] has 2 components ... connecting
INFO: This should be covered by other voxel (nearby = 6)
INFO: This should be covered by other voxel (nearby = 6)
INFO: This should be covered by other voxel (nearby = 6)
INFO: Xout[326] has 8 components ... connecting
INFO: This should be covered by other voxel (nearby = 6)
INFO: This should be covered by other voxel (nearby = 6)
INFO: This should be covered by other voxel (nearby = 6)
INFO: This should be covered by other voxel (nearby = 24)
INFO: This should be covered by other voxel (nearby = 136)
INFO: Xout[327] has 13 components ... connecting
INFO: This should be covered by other voxel (nearby = 96)
INFO: This should be covered by other voxel (nearby = 96)
INFO: Xout[328] has 8 components ... connecting
INFO: This should be covered by other voxel (nearby = 20)
INFO: This should be covered by other voxel (nearby = 20)
INFO: This should be covered by other voxel (nearby = 20)
INFO: This should be covered by other voxel (nearby = 20)
INFO: This should be covered by other voxel (nearby = 260)
INFO: Xout[329] has 5 components ... connecting
INFO: This should be covered by other voxel (nearby = 20)
INFO: This should be covered by other voxel (nearby = 20)
INFO: Xout[330] has 4 components ... connecting
INFO: Xout[331] accepted clean as generated
INFO: Xout[332] has 2 components ... connecting
INFO: This should be covered by other voxel (nearby = 6)
INFO: This should be covered by other voxel (nearby = 6)
INFO: Xout[333] has 6 components ... connecting
INFO: This should be covered by other voxel (nearby = 6)
INFO: This should be covered by other voxel (nearby = 6)
INFO: This should be covered by other voxel (nearby = 6)
INFO: This should be covered by other voxel (nearby = 6)
INFO: Xout[334] has 2 components ... connecting
INFO: Xout[335] has 5 components ... connecting
INFO: This should be covered by other voxel (nearby = 6)
INFO: This should be covered by other voxel (nearby = 6)
INFO: This should be covered by other voxel (nearby = 48)
INFO: This should be covered by other voxel (nearby = 48)
INFO: This should be covered by other voxel (nearby = 48)
INFO: This should be covered by other voxel (nearby = 48)
INFO: Xout[336] has 28 components ... connecting
INFO: This should be covered by other voxel (nearby = 48)
INFO: This should be covered by other voxel (nearby = 34)
INFO: This should be covered by other voxel (nearby = 34)
INFO: This should be covered by other voxel (nearby = 48)
INFO: This should be covered by other voxel (nearby = 18432)
INFO: This should be covered by other voxel (nearby = 8704)
INFO: This should be covered by other voxel (nearby = 67584)
INFO: This should be covered by other voxel (nearby = 67584)
INFO: This should be covered by other voxel (nearby = 67584)
INFO: This should be covered by other voxel (nearby = 8704)
INFO: This should be covered by other voxel (nearby = 67584)
INFO: This should be covered by other voxel (nearby = 34816)
INFO: This should be covered by other voxel (nearby = 1049088)
INFO: This should be covered by other voxel (nearby = 268435968)
INFO: This should be covered by other voxel (nearby = 268435968)
INFO: This should be covered by other voxel (nearby = 268435968)
INFO: This should be covered by other voxel (nearby = 268435968)
INFO: Xout[337] has 4 components ... connecting
INFO: Xout[338] accepted clean as generated
INFO: Xout[339] has 8 components ... connecting
INFO: This should be covered by other voxel (nearby = 72)
INFO: Xout[340] has 5 components ... connecting
INFO: This should be covered by other voxel (nearby = 10)
INFO: This should be covered by other voxel (nearby = 10)
INFO: This should be covered by other voxel (nearby = 10)
INFO: Xout[341] has 3 components ... connecting
INFO: This should be covered by other voxel (nearby = 10)
INFO: This should be covered by other voxel (nearby = 10)
INFO: This should be covered by other voxel (nearby = 10)
INFO: Xout[342] accepted clean as generated
INFO: Xout[343] has 3 components ... connecting
INFO: This should be covered by other voxel (nearby = 10)
INFO: Xout[344] has 13 components ... connecting
INFO: This should be covered by other voxel (nearby = 34)
INFO: This should be covered by other voxel (nearby = 1026)
INFO: This should be covered by other voxel (nearby = 768)
INFO: This should be covered by other voxel (nearby = 3072)
INFO: This should be covered by other voxel (nearby = 66)
INFO: This should be covered by other voxel (nearby = 66)
INFO: This should be covered by other voxel (nearby = 768)
INFO: This should be covered by other voxel (nearby = 1026)
INFO: This should be covered by other voxel (nearby = 3072)
INFO: This should be covered by other voxel (nearby = 34)
INFO: This should be covered by other voxel (nearby = 66)
INFO: This should be covered by other voxel (nearby = 66)
INFO: This should be covered by other voxel (nearby = 130)
INFO: This should be covered by other voxel (nearby = 1026)
INFO: This should be covered by other voxel (nearby = 768)
INFO: This should be covered by other voxel (nearby = 3072)
INFO: Xout[345] accepted clean as generated
INFO: Xout[346] has 2 components ... connecting
INFO: Xout[347] has 4 components ... connecting
INFO: Xout[348] has 2 components ... connecting
INFO: This should be covered by other voxel (nearby = 6)
INFO: This should be covered by other voxel (nearby = 6)
INFO: Xout[349] has 3 components ... connecting
INFO: Xout[350] has 4 components ... connecting
INFO: Xout[351] has 2 components ... connecting
INFO: Xout[352] has 2 components ... connecting
INFO: Xout[353] has 2 components ... connecting
INFO: Xout[354] accepted clean as generated
INFO: Xout[355] accepted clean as generated
INFO: Xout[356] has 5 components ... connecting
INFO: Xout[357] has 4 components ... connecting
INFO: Xout[358] accepted clean as generated
INFO: Xout[359] has 2 components ... connecting
INFO: Xout[360] accepted clean as generated
INFO: Xout[361] accepted clean as generated
INFO: Xout[362] has 8 components ... connecting
INFO: This should be covered by other voxel (nearby = 12)
INFO: This should be covered by other voxel (nearby = 12)
INFO: This should be covered by other voxel (nearby = 12)
INFO: Xout[363] has 2 components ... connecting
INFO: Xout[364] has 4 components ... connecting
INFO: This should be covered by other voxel (nearby = 10)
INFO: This should be covered by other voxel (nearby = 10)
INFO: Xout[365] accepted clean as generated
INFO: Xout[366] has 10 components ... connecting
INFO: This should be covered by other voxel (nearby = 48)
INFO: This should be covered by other voxel (nearby = 48)
INFO: Xout[367] has 3 components ... connecting
INFO: This should be covered by other voxel (nearby = 10)
INFO: This should be covered by other voxel (nearby = 10)
INFO: This should be covered by other voxel (nearby = 10)
INFO: This should be covered by other voxel (nearby = 10)
INFO: Xout[368] accepted clean as generated
INFO: Xout[369] has 2 components ... connecting
INFO: Xout[370] has 2 components ... connecting
INFO: Xout[371] accepted clean as generated
INFO: Xout[372] accepted clean as generated
INFO: Xout[373] has 9 components ... connecting
INFO: This should be covered by other voxel (nearby = 48)
INFO: Xout[374] has 4 components ... connecting
INFO: Xout[375] accepted clean as generated
INFO: Xout[376] has 2 components ... connecting
INFO: Xout[377] accepted clean as generated
INFO: Xout[378] has 7 components ... connecting
INFO: This should be covered by other voxel (nearby = 10)
INFO: This should be covered by other voxel (nearby = 48)
INFO: This should be covered by other voxel (nearby = 10)
INFO: This should be covered by other voxel (nearby = 48)
INFO: This should be covered by other voxel (nearby = 48)
INFO: This should be covered by other voxel (nearby = 10)
INFO: This should be covered by other voxel (nearby = 48)
INFO: Xout[379] accepted clean as generated
INFO: Xout[380] accepted clean as generated
INFO: Xout[381] has 2 components ... connecting
INFO: This should be covered by other voxel (nearby = 6)
INFO: This should be covered by other voxel (nearby = 6)
INFO: This should be covered by other voxel (nearby = 6)
INFO: Xout[382] has 4 components ... connecting
INFO: This should be covered by other voxel (nearby = 6)
INFO: This should be covered by other voxel (nearby = 10)
INFO: Xout[383] has 3 components ... connecting
INFO: Xout[384] accepted clean as generated
INFO: Xout[385] has 2 components ... connecting
INFO: Xout[386] has 4 components ... connecting
INFO: Xout[387] has 2 components ... connecting
INFO: Xout[388] has 3 components ... connecting
INFO: This should be covered by other voxel (nearby = 10)
INFO: Xout[389] accepted clean as generated
INFO: Xout[390] accepted clean as generated
INFO: Xout[391] has 7 components ... connecting
INFO: This should be covered by other voxel (nearby = 48)
INFO: This should be covered by other voxel (nearby = 48)
INFO: Xout[392] has 14 components ... connecting
INFO: This should be covered by other voxel (nearby = 136)
INFO: This should be covered by other voxel (nearby = 272)